{"C:\\Users\\rlama\\OneDrive\\Desktop\\curfd-ai\\src\\App.tsx": {"path":"C:\\Users\\rlama\\OneDrive\\Desktop\\curfd-ai\\src\\App.tsx","statementMap":{"0":{"start":{"line":11,"column":18},"end":{"line":17,"column":null}},"1":{"start":{"line":12,"column":37},"end":{"line":12,"column":null}},"2":{"start":{"line":14,"column":2},"end":{"line":14,"column":null}},"3":{"start":{"line":14,"column":17},"end":{"line":14,"column":null}},"4":{"start":{"line":16,"column":2},"end":{"line":16,"column":null}},"5":{"start":{"line":19,"column":23},"end":{"line":26,"column":null}},"6":{"start":{"line":20,"column":37},"end":{"line":20,"column":null}},"7":{"start":{"line":22,"column":2},"end":{"line":22,"column":null}},"8":{"start":{"line":22,"column":17},"end":{"line":22,"column":null}},"9":{"start":{"line":23,"column":2},"end":{"line":23,"column":null}},"10":{"start":{"line":23,"column":24},"end":{"line":23,"column":null}},"11":{"start":{"line":25,"column":2},"end":{"line":25,"column":null}},"12":{"start":{"line":29,"column":19},"end":{"line":29,"column":null}},"13":{"start":{"line":31,"column":2},"end":{"line":33,"column":null}},"14":{"start":{"line":32,"column":4},"end":{"line":32,"column":null}},"15":{"start":{"line":35,"column":2},"end":{"line":86,"column":null}}},"fnMap":{"0":{"name":"(anonymous_0)","decl":{"start":{"line":11,"column":18},"end":{"line":11,"column":24}},"loc":{"start":{"line":11,"column":24},"end":{"line":17,"column":null}},"line":11},"1":{"name":"(anonymous_1)","decl":{"start":{"line":19,"column":23},"end":{"line":19,"column":24}},"loc":{"start":{"line":19,"column":72},"end":{"line":26,"column":null}},"line":19},"2":{"name":"App","decl":{"start":{"line":28,"column":9},"end":{"line":28,"column":15}},"loc":{"start":{"line":28,"column":15},"end":{"line":88,"column":null}},"line":28},"3":{"name":"(anonymous_3)","decl":{"start":{"line":31,"column":12},"end":{"line":31,"column":18}},"loc":{"start":{"line":31,"column":18},"end":{"line":33,"column":5}},"line":31}},"branchMap":{"0":{"loc":{"start":{"line":14,"column":2},"end":{"line":14,"column":null}},"type":"if","locations":[{"start":{"line":14,"column":2},"end":{"line":14,"column":null}},{"start":{},"end":{}}],"line":14},"1":{"loc":{"start":{"line":16,"column":23},"end":{"line":16,"column":63}},"type":"cond-expr","locations":[{"start":{"line":16,"column":41},"end":{"line":16,"column":51}},{"start":{"line":16,"column":51},"end":{"line":16,"column":63}}],"line":16},"2":{"loc":{"start":{"line":22,"column":2},"end":{"line":22,"column":null}},"type":"if","locations":[{"start":{"line":22,"column":2},"end":{"line":22,"column":null}},{"start":{},"end":{}}],"line":22},"3":{"loc":{"start":{"line":23,"column":2},"end":{"line":23,"column":null}},"type":"if","locations":[{"start":{"line":23,"column":2},"end":{"line":23,"column":null}},{"start":{},"end":{}}],"line":23}},"s":{"0":0,"1":0,"2":0,"3":0,"4":0,"5":0,"6":0,"7":0,"8":0,"9":0,"10":0,"11":0,"12":0,"13":0,"14":0,"15":0},"f":{"0":0,"1":0,"2":0,"3":0},"b":{"0":[0,0],"1":[0,0],"2":[0,0],"3":[0,0]},"meta":{"lastBranch":4,"lastFunction":4,"lastStatement":16,"seen":{"s:11:18:17:Infinity":0,"f:11:18:11:24":0,"s:12:37:12:Infinity":1,"b:14:2:14:Infinity:undefined:undefined:undefined:undefined":0,"s:14:2:14:Infinity":2,"s:14:17:14:Infinity":3,"s:16:2:16:Infinity":4,"b:16:41:16:51:16:51:16:63":1,"s:19:23:26:Infinity":5,"f:19:23:19:24":1,"s:20:37:20:Infinity":6,"b:22:2:22:Infinity:undefined:undefined:undefined:undefined":2,"s:22:2:22:Infinity":7,"s:22:17:22:Infinity":8,"b:23:2:23:Infinity:undefined:undefined:undefined:undefined":3,"s:23:2:23:Infinity":9,"s:23:24:23:Infinity":10,"s:25:2:25:Infinity":11,"f:28:9:28:15":2,"s:29:19:29:Infinity":12,"s:31:2:33:Infinity":13,"f:31:12:31:18":3,"s:32:4:32:Infinity":14,"s:35:2:86:Infinity":15}}}
,"C:\\Users\\rlama\\OneDrive\\Desktop\\curfd-ai\\src\\components\\auth\\AuthModal.tsx": {"path":"C:\\Users\\rlama\\OneDrive\\Desktop\\curfd-ai\\src\\components\\auth\\AuthModal.tsx","statementMap":{"0":{"start":{"line":6,"column":19},"end":{"line":24,"column":null}},"1":{"start":{"line":7,"column":2},"end":{"line":24,"column":null}},"2":{"start":{"line":34,"column":18},"end":{"line":264,"column":null}},"3":{"start":{"line":35,"column":30},"end":{"line":39,"column":null}},"4":{"start":{"line":40,"column":34},"end":{"line":40,"column":null}},"5":{"start":{"line":42,"column":8},"end":{"line":42,"column":null}},"6":{"start":{"line":51,"column":2},"end":{"line":51,"column":null}},"7":{"start":{"line":53,"column":2},"end":{"line":58,"column":null}},"8":{"start":{"line":54,"column":4},"end":{"line":57,"column":null}},"9":{"start":{"line":55,"column":6},"end":{"line":55,"column":null}},"10":{"start":{"line":56,"column":6},"end":{"line":56,"column":null}},"11":{"start":{"line":60,"column":2},"end":{"line":60,"column":null}},"12":{"start":{"line":60,"column":15},"end":{"line":60,"column":null}},"13":{"start":{"line":62,"column":23},"end":{"line":84,"column":null}},"14":{"start":{"line":63,"column":4},"end":{"line":63,"column":null}},"15":{"start":{"line":64,"column":4},"end":{"line":64,"column":null}},"16":{"start":{"line":66,"column":4},"end":{"line":83,"column":null}},"17":{"start":{"line":67,"column":6},"end":{"line":78,"column":null}},"18":{"start":{"line":68,"column":8},"end":{"line":75,"column":null}},"19":{"start":{"line":72,"column":10},"end":{"line":72,"column":null}},"20":{"start":{"line":74,"column":10},"end":{"line":74,"column":null}},"21":{"start":{"line":77,"column":8},"end":{"line":77,"column":null}},"22":{"start":{"line":80,"column":6},"end":{"line":82,"column":null}},"23":{"start":{"line":86,"column":29},"end":{"line":93,"column":null}},"24":{"start":{"line":87,"column":4},"end":{"line":87,"column":null}},"25":{"start":{"line":88,"column":4},"end":{"line":92,"column":null}},"26":{"start":{"line":89,"column":6},"end":{"line":89,"column":null}},"27":{"start":{"line":91,"column":6},"end":{"line":91,"column":null}},"28":{"start":{"line":95,"column":2},"end":{"line":262,"column":null}},"29":{"start":{"line":140,"column":27},"end":{"line":140,"column":null}},"30":{"start":{"line":148,"column":27},"end":{"line":148,"column":null}},"31":{"start":{"line":178,"column":20},"end":{"line":178,"column":null}},"32":{"start":{"line":198,"column":18},"end":{"line":198,"column":null}},"33":{"start":{"line":217,"column":18},"end":{"line":217,"column":null}}},"fnMap":{"0":{"name":"(anonymous_0)","decl":{"start":{"line":6,"column":19},"end":{"line":6,"column":20}},"loc":{"start":{"line":7,"column":2},"end":{"line":24,"column":null}},"line":7},"1":{"name":"(anonymous_1)","decl":{"start":{"line":34,"column":18},"end":{"line":34,"column":19}},"loc":{"start":{"line":34,"column":79},"end":{"line":264,"column":null}},"line":34},"2":{"name":"(anonymous_2)","decl":{"start":{"line":53,"column":12},"end":{"line":53,"column":18}},"loc":{"start":{"line":53,"column":18},"end":{"line":58,"column":5}},"line":53},"3":{"name":"(anonymous_3)","decl":{"start":{"line":62,"column":23},"end":{"line":62,"column":30}},"loc":{"start":{"line":62,"column":53},"end":{"line":84,"column":null}},"line":62},"4":{"name":"(anonymous_4)","decl":{"start":{"line":86,"column":29},"end":{"line":86,"column":36}},"loc":{"start":{"line":86,"column":70},"end":{"line":93,"column":null}},"line":86},"5":{"name":"(anonymous_5)","decl":{"start":{"line":140,"column":21},"end":{"line":140,"column":27}},"loc":{"start":{"line":140,"column":27},"end":{"line":140,"column":null}},"line":140},"6":{"name":"(anonymous_6)","decl":{"start":{"line":148,"column":21},"end":{"line":148,"column":27}},"loc":{"start":{"line":148,"column":27},"end":{"line":148,"column":null}},"line":148},"7":{"name":"(anonymous_7)","decl":{"start":{"line":177,"column":28},"end":{"line":177,"column":29}},"loc":{"start":{"line":178,"column":20},"end":{"line":178,"column":null}},"line":178},"8":{"name":"(anonymous_8)","decl":{"start":{"line":197,"column":26},"end":{"line":197,"column":27}},"loc":{"start":{"line":198,"column":18},"end":{"line":198,"column":null}},"line":198},"9":{"name":"(anonymous_9)","decl":{"start":{"line":216,"column":26},"end":{"line":216,"column":27}},"loc":{"start":{"line":217,"column":18},"end":{"line":217,"column":null}},"line":217}},"branchMap":{"0":{"loc":{"start":{"line":54,"column":4},"end":{"line":57,"column":null}},"type":"if","locations":[{"start":{"line":54,"column":4},"end":{"line":57,"column":null}},{"start":{},"end":{}}],"line":54},"1":{"loc":{"start":{"line":60,"column":2},"end":{"line":60,"column":null}},"type":"if","locations":[{"start":{"line":60,"column":2},"end":{"line":60,"column":null}},{"start":{},"end":{}}],"line":60},"2":{"loc":{"start":{"line":67,"column":6},"end":{"line":78,"column":null}},"type":"if","locations":[{"start":{"line":67,"column":6},"end":{"line":78,"column":null}},{"start":{"line":76,"column":13},"end":{"line":78,"column":null}}],"line":67},"3":{"loc":{"start":{"line":68,"column":8},"end":{"line":75,"column":null}},"type":"if","locations":[{"start":{"line":68,"column":8},"end":{"line":75,"column":null}},{"start":{"line":73,"column":15},"end":{"line":75,"column":null}}],"line":68},"4":{"loc":{"start":{"line":69,"column":10},"end":{"line":70,"column":null}},"type":"binary-expr","locations":[{"start":{"line":69,"column":10},"end":{"line":69,"column":null}},{"start":{"line":70,"column":10},"end":{"line":70,"column":null}}],"line":69},"5":{"loc":{"start":{"line":81,"column":8},"end":{"line":81,"column":null}},"type":"cond-expr","locations":[{"start":{"line":81,"column":31},"end":{"line":81,"column":45}},{"start":{"line":81,"column":45},"end":{"line":81,"column":null}}],"line":81},"6":{"loc":{"start":{"line":121,"column":13},"end":{"line":121,"column":null}},"type":"cond-expr","locations":[{"start":{"line":121,"column":33},"end":{"line":121,"column":50}},{"start":{"line":121,"column":50},"end":{"line":121,"column":null}}],"line":121},"7":{"loc":{"start":{"line":124,"column":13},"end":{"line":126,"column":null}},"type":"cond-expr","locations":[{"start":{"line":125,"column":16},"end":{"line":125,"column":null}},{"start":{"line":126,"column":16},"end":{"line":126,"column":null}}],"line":124},"8":{"loc":{"start":{"line":128,"column":8},"end":{"line":134,"column":null}},"type":"binary-expr","locations":[{"start":{"line":130,"column":10},"end":{"line":130,"column":24}},{"start":{"line":130,"column":24},"end":{"line":130,"column":null}},{"start":{"line":131,"column":10},"end":{"line":134,"column":null}}],"line":128},"9":{"loc":{"start":{"line":133,"column":43},"end":{"line":133,"column":63}},"type":"binary-expr","locations":[{"start":{"line":133,"column":43},"end":{"line":133,"column":57}},{"start":{"line":133,"column":57},"end":{"line":133,"column":63}}],"line":133},"10":{"loc":{"start":{"line":167,"column":11},"end":{"line":185,"column":null}},"type":"binary-expr","locations":[{"start":{"line":167,"column":11},"end":{"line":167,"column":null}},{"start":{"line":168,"column":12},"end":{"line":185,"column":null}}],"line":167},"11":{"loc":{"start":{"line":233,"column":13},"end":{"line":241,"column":null}},"type":"cond-expr","locations":[{"start":{"line":234,"column":14},"end":{"line":237,"column":null}},{"start":{"line":238,"column":16},"end":{"line":241,"column":null}}],"line":233},"12":{"loc":{"start":{"line":238,"column":16},"end":{"line":241,"column":null}},"type":"cond-expr","locations":[{"start":{"line":239,"column":14},"end":{"line":239,"column":null}},{"start":{"line":241,"column":14},"end":{"line":241,"column":null}}],"line":238},"13":{"loc":{"start":{"line":248,"column":15},"end":{"line":250,"column":46}},"type":"cond-expr","locations":[{"start":{"line":249,"column":18},"end":{"line":249,"column":null}},{"start":{"line":250,"column":18},"end":{"line":250,"column":46}}],"line":248},"14":{"loc":{"start":{"line":256,"column":17},"end":{"line":256,"column":null}},"type":"cond-expr","locations":[{"start":{"line":256,"column":37},"end":{"line":256,"column":49}},{"start":{"line":256,"column":49},"end":{"line":256,"column":null}}],"line":256}},"s":{"0":1,"1":1,"2":1,"3":3,"4":3,"5":3,"6":3,"7":3,"8":3,"9":0,"10":0,"11":3,"12":2,"13":1,"14":0,"15":0,"16":0,"17":0,"18":0,"19":0,"20":0,"21":0,"22":0,"23":1,"24":0,"25":0,"26":0,"27":0,"28":1,"29":0,"30":0,"31":0,"32":0,"33":0},"f":{"0":1,"1":3,"2":3,"3":0,"4":0,"5":0,"6":0,"7":0,"8":0,"9":0},"b":{"0":[0,3],"1":[2,1],"2":[0,0],"3":[0,0],"4":[0,0],"5":[0,0],"6":[0,1],"7":[0,1],"8":[3,1,0],"9":[0,0],"10":[3,1],"11":[1,0],"12":[0,0],"13":[0,1],"14":[0,1]},"meta":{"lastBranch":15,"lastFunction":10,"lastStatement":34,"seen":{"s:6:19:24:Infinity":0,"f:6:19:6:20":0,"s:7:2:24:Infinity":1,"s:34:18:264:Infinity":2,"f:34:18:34:19":1,"s:35:30:39:Infinity":3,"s:40:34:40:Infinity":4,"s:42:8:42:Infinity":5,"s:51:2:51:Infinity":6,"s:53:2:58:Infinity":7,"f:53:12:53:18":2,"b:54:4:57:Infinity:undefined:undefined:undefined:undefined":0,"s:54:4:57:Infinity":8,"s:55:6:55:Infinity":9,"s:56:6:56:Infinity":10,"b:60:2:60:Infinity:undefined:undefined:undefined:undefined":1,"s:60:2:60:Infinity":11,"s:60:15:60:Infinity":12,"s:62:23:84:Infinity":13,"f:62:23:62:30":3,"s:63:4:63:Infinity":14,"s:64:4:64:Infinity":15,"s:66:4:83:Infinity":16,"b:67:6:78:Infinity:76:13:78:Infinity":2,"s:67:6:78:Infinity":17,"b:68:8:75:Infinity:73:15:75:Infinity":3,"s:68:8:75:Infinity":18,"b:69:10:69:Infinity:70:10:70:Infinity":4,"s:72:10:72:Infinity":19,"s:74:10:74:Infinity":20,"s:77:8:77:Infinity":21,"s:80:6:82:Infinity":22,"b:81:31:81:45:81:45:81:Infinity":5,"s:86:29:93:Infinity":23,"f:86:29:86:36":4,"s:87:4:87:Infinity":24,"s:88:4:92:Infinity":25,"s:89:6:89:Infinity":26,"s:91:6:91:Infinity":27,"s:95:2:262:Infinity":28,"b:121:33:121:50:121:50:121:Infinity":6,"b:125:16:125:Infinity:126:16:126:Infinity":7,"b:130:10:130:24:130:24:130:Infinity:131:10:134:Infinity":8,"b:133:43:133:57:133:57:133:63":9,"f:140:21:140:27":5,"s:140:27:140:Infinity":29,"f:148:21:148:27":6,"s:148:27:148:Infinity":30,"b:167:11:167:Infinity:168:12:185:Infinity":10,"f:177:28:177:29":7,"s:178:20:178:Infinity":31,"f:197:26:197:27":8,"s:198:18:198:Infinity":32,"f:216:26:216:27":9,"s:217:18:217:Infinity":33,"b:234:14:237:Infinity:238:16:241:Infinity":11,"b:239:14:239:Infinity:241:14:241:Infinity":12,"b:249:18:249:Infinity:250:18:250:46":13,"b:256:37:256:49:256:49:256:Infinity":14}}}
,"C:\\Users\\rlama\\OneDrive\\Desktop\\curfd-ai\\src\\components\\common\\Button.tsx": {"path":"C:\\Users\\rlama\\OneDrive\\Desktop\\curfd-ai\\src\\components\\common\\Button.tsx","statementMap":{"0":{"start":{"line":12,"column":22},"end":{"line":80,"column":null}},"1":{"start":{"line":23,"column":4},"end":{"line":23,"column":null}},"2":{"start":{"line":25,"column":19},"end":{"line":34,"column":null}},"3":{"start":{"line":36,"column":16},"end":{"line":40,"column":null}},"4":{"start":{"line":42,"column":2},"end":{"line":78,"column":null}}},"fnMap":{"0":{"name":"(anonymous_0)","decl":{"start":{"line":12,"column":22},"end":{"line":12,"column":23}},"loc":{"start":{"line":21,"column":19},"end":{"line":80,"column":null}},"line":21}},"branchMap":{"0":{"loc":{"start":{"line":13,"column":2},"end":{"line":13,"column":null}},"type":"default-arg","locations":[{"start":{"line":13,"column":12},"end":{"line":13,"column":null}}],"line":13},"1":{"loc":{"start":{"line":14,"column":2},"end":{"line":14,"column":null}},"type":"default-arg","locations":[{"start":{"line":14,"column":9},"end":{"line":14,"column":null}}],"line":14},"2":{"loc":{"start":{"line":15,"column":2},"end":{"line":15,"column":null}},"type":"default-arg","locations":[{"start":{"line":15,"column":14},"end":{"line":15,"column":null}}],"line":15},"3":{"loc":{"start":{"line":45,"column":16},"end":{"line":45,"column":null}},"type":"binary-expr","locations":[{"start":{"line":45,"column":16},"end":{"line":45,"column":28}},{"start":{"line":45,"column":28},"end":{"line":45,"column":null}}],"line":45},"4":{"loc":{"start":{"line":50,"column":7},"end":{"line":70,"column":null}},"type":"binary-expr","locations":[{"start":{"line":50,"column":7},"end":{"line":50,"column":null}},{"start":{"line":51,"column":8},"end":{"line":70,"column":null}}],"line":50},"5":{"loc":{"start":{"line":74,"column":7},"end":{"line":74,"column":null}},"type":"binary-expr","locations":[{"start":{"line":74,"column":7},"end":{"line":74,"column":21}},{"start":{"line":74,"column":21},"end":{"line":74,"column":29}},{"start":{"line":74,"column":29},"end":{"line":74,"column":null}}],"line":74}},"s":{"0":1,"1":13,"2":13,"3":13,"4":13},"f":{"0":13},"b":{"0":[13],"1":[13],"2":[13],"3":[13,13],"4":[13,1],"5":[13,12,0]},"meta":{"lastBranch":6,"lastFunction":1,"lastStatement":5,"seen":{"s:12:22:80:Infinity":0,"f:12:22:12:23":0,"b:13:12:13:Infinity":0,"b:14:9:14:Infinity":1,"b:15:14:15:Infinity":2,"s:23:4:23:Infinity":1,"s:25:19:34:Infinity":2,"s:36:16:40:Infinity":3,"s:42:2:78:Infinity":4,"b:45:16:45:28:45:28:45:Infinity":3,"b:50:7:50:Infinity:51:8:70:Infinity":4,"b:74:7:74:21:74:21:74:29:74:29:74:Infinity":5}}}
,"C:\\Users\\rlama\\OneDrive\\Desktop\\curfd-ai\\src\\components\\common\\Card.tsx": {"path":"C:\\Users\\rlama\\OneDrive\\Desktop\\curfd-ai\\src\\components\\common\\Card.tsx","statementMap":{"0":{"start":{"line":11,"column":41},"end":{"line":47,"column":null}},"1":{"start":{"line":19,"column":24},"end":{"line":24,"column":null}},"2":{"start":{"line":26,"column":24},"end":{"line":30,"column":null}},"3":{"start":{"line":32,"column":2},"end":{"line":45,"column":null}},"4":{"start":{"line":54,"column":53},"end":{"line":60,"column":null}},"5":{"start":{"line":58,"column":2},"end":{"line":60,"column":null}},"6":{"start":{"line":68,"column":51},"end":{"line":74,"column":null}},"7":{"start":{"line":72,"column":2},"end":{"line":74,"column":null}},"8":{"start":{"line":82,"column":55},"end":{"line":85,"column":null}},"9":{"start":{"line":85,"column":6},"end":{"line":85,"column":null}}},"fnMap":{"0":{"name":"(anonymous_0)","decl":{"start":{"line":11,"column":41},"end":{"line":11,"column":42}},"loc":{"start":{"line":18,"column":6},"end":{"line":47,"column":null}},"line":18},"1":{"name":"(anonymous_1)","decl":{"start":{"line":54,"column":53},"end":{"line":54,"column":54}},"loc":{"start":{"line":58,"column":2},"end":{"line":60,"column":null}},"line":58},"2":{"name":"(anonymous_2)","decl":{"start":{"line":68,"column":51},"end":{"line":68,"column":52}},"loc":{"start":{"line":72,"column":2},"end":{"line":74,"column":null}},"line":72},"3":{"name":"(anonymous_3)","decl":{"start":{"line":82,"column":55},"end":{"line":82,"column":56}},"loc":{"start":{"line":85,"column":6},"end":{"line":85,"column":null}},"line":85}},"branchMap":{"0":{"loc":{"start":{"line":13,"column":2},"end":{"line":13,"column":null}},"type":"default-arg","locations":[{"start":{"line":13,"column":10},"end":{"line":13,"column":null}}],"line":13},"1":{"loc":{"start":{"line":14,"column":2},"end":{"line":14,"column":null}},"type":"default-arg","locations":[{"start":{"line":14,"column":12},"end":{"line":14,"column":null}}],"line":14},"2":{"loc":{"start":{"line":15,"column":2},"end":{"line":15,"column":null}},"type":"default-arg","locations":[{"start":{"line":15,"column":12},"end":{"line":15,"column":null}}],"line":15},"3":{"loc":{"start":{"line":37,"column":8},"end":{"line":38,"column":null}},"type":"binary-expr","locations":[{"start":{"line":37,"column":8},"end":{"line":37,"column":null}},{"start":{"line":38,"column":10},"end":{"line":38,"column":null}}],"line":37}},"s":{"0":1,"1":13,"2":13,"3":13,"4":1,"5":0,"6":1,"7":0,"8":1,"9":13},"f":{"0":13,"1":0,"2":0,"3":13},"b":{"0":[13],"1":[13],"2":[13],"3":[13,0]},"meta":{"lastBranch":4,"lastFunction":4,"lastStatement":10,"seen":{"s:11:41:47:Infinity":0,"f:11:41:11:42":0,"b:13:10:13:Infinity":0,"b:14:12:14:Infinity":1,"b:15:12:15:Infinity":2,"s:19:24:24:Infinity":1,"s:26:24:30:Infinity":2,"s:32:2:45:Infinity":3,"b:37:8:37:Infinity:38:10:38:Infinity":3,"s:54:53:60:Infinity":4,"f:54:53:54:54":1,"s:58:2:60:Infinity":5,"s:68:51:74:Infinity":6,"f:68:51:68:52":2,"s:72:2:74:Infinity":7,"s:82:55:85:Infinity":8,"f:82:55:82:56":3,"s:85:6:85:Infinity":9}}}
,"C:\\Users\\rlama\\OneDrive\\Desktop\\curfd-ai\\src\\components\\common\\ConfirmDialog.tsx": {"path":"C:\\Users\\rlama\\OneDrive\\Desktop\\curfd-ai\\src\\components\\common\\ConfirmDialog.tsx","statementMap":{"0":{"start":{"line":24,"column":2},"end":{"line":24,"column":null}},"1":{"start":{"line":24,"column":15},"end":{"line":24,"column":null}},"2":{"start":{"line":26,"column":17},"end":{"line":51,"column":null}},"3":{"start":{"line":53,"column":82},"end":{"line":53,"column":null}},"4":{"start":{"line":55,"column":2},"end":{"line":82,"column":null}}},"fnMap":{"0":{"name":"ConfirmDialog","decl":{"start":{"line":14,"column":16},"end":{"line":14,"column":30}},"loc":{"start":{"line":23,"column":23},"end":{"line":84,"column":null}},"line":23}},"branchMap":{"0":{"loc":{"start":{"line":18,"column":2},"end":{"line":18,"column":null}},"type":"default-arg","locations":[{"start":{"line":18,"column":17},"end":{"line":18,"column":null}}],"line":18},"1":{"loc":{"start":{"line":19,"column":2},"end":{"line":19,"column":null}},"type":"default-arg","locations":[{"start":{"line":19,"column":16},"end":{"line":19,"column":null}}],"line":19},"2":{"loc":{"start":{"line":22,"column":2},"end":{"line":22,"column":null}},"type":"default-arg","locations":[{"start":{"line":22,"column":12},"end":{"line":22,"column":null}}],"line":22},"3":{"loc":{"start":{"line":24,"column":2},"end":{"line":24,"column":null}},"type":"if","locations":[{"start":{"line":24,"column":2},"end":{"line":24,"column":null}},{"start":{},"end":{}}],"line":24}},"s":{"0":0,"1":0,"2":0,"3":0,"4":0},"f":{"0":0},"b":{"0":[0],"1":[0],"2":[0],"3":[0,0]},"meta":{"lastBranch":4,"lastFunction":1,"lastStatement":5,"seen":{"f:14:16:14:30":0,"b:18:17:18:Infinity":0,"b:19:16:19:Infinity":1,"b:22:12:22:Infinity":2,"b:24:2:24:Infinity:undefined:undefined:undefined:undefined":3,"s:24:2:24:Infinity":0,"s:24:15:24:Infinity":1,"s:26:17:51:Infinity":2,"s:53:82:53:Infinity":3,"s:55:2:82:Infinity":4}}}
,"C:\\Users\\rlama\\OneDrive\\Desktop\\curfd-ai\\src\\components\\common\\EmptyState.tsx": {"path":"C:\\Users\\rlama\\OneDrive\\Desktop\\curfd-ai\\src\\components\\common\\EmptyState.tsx","statementMap":{"0":{"start":{"line":14,"column":2},"end":{"line":32,"column":null}}},"fnMap":{"0":{"name":"EmptyState","decl":{"start":{"line":13,"column":16},"end":{"line":13,"column":27}},"loc":{"start":{"line":13,"column":88},"end":{"line":34,"column":null}},"line":13}},"branchMap":{"0":{"loc":{"start":{"line":24,"column":7},"end":{"line":30,"column":null}},"type":"binary-expr","locations":[{"start":{"line":24,"column":7},"end":{"line":24,"column":null}},{"start":{"line":25,"column":8},"end":{"line":30,"column":null}}],"line":24}},"s":{"0":0},"f":{"0":0},"b":{"0":[0,0]},"meta":{"lastBranch":1,"lastFunction":1,"lastStatement":1,"seen":{"f:13:16:13:27":0,"s:14:2:32:Infinity":0,"b:24:7:24:Infinity:25:8:30:Infinity":0}}}
,"C:\\Users\\rlama\\OneDrive\\Desktop\\curfd-ai\\src\\components\\common\\ErrorBoundary.tsx": {"path":"C:\\Users\\rlama\\OneDrive\\Desktop\\curfd-ai\\src\\components\\common\\ErrorBoundary.tsx","statementMap":{"0":{"start":{"line":45,"column":16},"end":{"line":51,"column":null}},"1":{"start":{"line":17,"column":4},"end":{"line":17,"column":null}},"2":{"start":{"line":18,"column":4},"end":{"line":22,"column":null}},"3":{"start":{"line":26,"column":4},"end":{"line":30,"column":null}},"4":{"start":{"line":34,"column":4},"end":{"line":34,"column":null}},"5":{"start":{"line":36,"column":4},"end":{"line":39,"column":null}},"6":{"start":{"line":46,"column":4},"end":{"line":50,"column":null}},"7":{"start":{"line":54,"column":4},"end":{"line":108,"column":null}},"8":{"start":{"line":55,"column":6},"end":{"line":57,"column":null}},"9":{"start":{"line":56,"column":8},"end":{"line":56,"column":null}},"10":{"start":{"line":59,"column":6},"end":{"line":106,"column":null}},"11":{"start":{"line":99,"column":31},"end":{"line":99,"column":null}},"12":{"start":{"line":110,"column":4},"end":{"line":110,"column":null}}},"fnMap":{"0":{"name":"(anonymous_0)","decl":{"start":{"line":16,"column":2},"end":{"line":16,"column":14}},"loc":{"start":{"line":16,"column":28},"end":{"line":23,"column":null}},"line":16},"1":{"name":"(anonymous_1)","decl":{"start":{"line":25,"column":9},"end":{"line":25,"column":34}},"loc":{"start":{"line":25,"column":55},"end":{"line":31,"column":null}},"line":25},"2":{"name":"(anonymous_2)","decl":{"start":{"line":33,"column":2},"end":{"line":33,"column":20}},"loc":{"start":{"line":33,"column":56},"end":{"line":43,"column":null}},"line":33},"3":{"name":"(anonymous_3)","decl":{"start":{"line":45,"column":16},"end":{"line":45,"column":22}},"loc":{"start":{"line":45,"column":22},"end":{"line":51,"column":null}},"line":45},"4":{"name":"(anonymous_4)","decl":{"start":{"line":53,"column":2},"end":{"line":53,"column":11}},"loc":{"start":{"line":53,"column":11},"end":{"line":111,"column":null}},"line":53},"5":{"name":"(anonymous_5)","decl":{"start":{"line":99,"column":25},"end":{"line":99,"column":31}},"loc":{"start":{"line":99,"column":31},"end":{"line":99,"column":null}},"line":99}},"branchMap":{"0":{"loc":{"start":{"line":54,"column":4},"end":{"line":108,"column":null}},"type":"if","locations":[{"start":{"line":54,"column":4},"end":{"line":108,"column":null}},{"start":{},"end":{}}],"line":54},"1":{"loc":{"start":{"line":55,"column":6},"end":{"line":57,"column":null}},"type":"if","locations":[{"start":{"line":55,"column":6},"end":{"line":57,"column":null}},{"start":{},"end":{}}],"line":55},"2":{"loc":{"start":{"line":72,"column":13},"end":{"line":87,"column":null}},"type":"binary-expr","locations":[{"start":{"line":72,"column":13},"end":{"line":72,"column":null}},{"start":{"line":73,"column":14},"end":{"line":87,"column":null}}],"line":72},"3":{"loc":{"start":{"line":77,"column":17},"end":{"line":85,"column":null}},"type":"binary-expr","locations":[{"start":{"line":77,"column":17},"end":{"line":77,"column":null}},{"start":{"line":78,"column":18},"end":{"line":85,"column":null}}],"line":77}},"s":{"0":0,"1":0,"2":0,"3":0,"4":0,"5":0,"6":0,"7":0,"8":0,"9":0,"10":0,"11":0,"12":0},"f":{"0":0,"1":0,"2":0,"3":0,"4":0,"5":0},"b":{"0":[0,0],"1":[0,0],"2":[0,0],"3":[0,0]},"meta":{"lastBranch":4,"lastFunction":6,"lastStatement":13,"seen":{"s:45:16:51:Infinity":0,"f:16:2:16:14":0,"s:17:4:17:Infinity":1,"s:18:4:22:Infinity":2,"f:25:9:25:34":1,"s:26:4:30:Infinity":3,"f:33:2:33:20":2,"s:34:4:34:Infinity":4,"s:36:4:39:Infinity":5,"f:45:16:45:22":3,"s:46:4:50:Infinity":6,"f:53:2:53:11":4,"b:54:4:108:Infinity:undefined:undefined:undefined:undefined":0,"s:54:4:108:Infinity":7,"b:55:6:57:Infinity:undefined:undefined:undefined:undefined":1,"s:55:6:57:Infinity":8,"s:56:8:56:Infinity":9,"s:59:6:106:Infinity":10,"b:72:13:72:Infinity:73:14:87:Infinity":2,"b:77:17:77:Infinity:78:18:85:Infinity":3,"f:99:25:99:31":5,"s:99:31:99:Infinity":11,"s:110:4:110:Infinity":12}}}
,"C:\\Users\\rlama\\OneDrive\\Desktop\\curfd-ai\\src\\components\\common\\FileUpload.tsx": {"path":"C:\\Users\\rlama\\OneDrive\\Desktop\\curfd-ai\\src\\components\\common\\FileUpload.tsx","statementMap":{"0":{"start":{"line":13,"column":53},"end":{"line":262,"column":null}},"1":{"start":{"line":21,"column":34},"end":{"line":21,"column":null}},"2":{"start":{"line":22,"column":38},"end":{"line":22,"column":null}},"3":{"start":{"line":23,"column":42},"end":{"line":23,"column":null}},"4":{"start":{"line":24,"column":36},"end":{"line":24,"column":null}},"5":{"start":{"line":25,"column":24},"end":{"line":25,"column":null}},"6":{"start":{"line":26,"column":28},"end":{"line":26,"column":null}},"7":{"start":{"line":28,"column":8},"end":{"line":50,"column":null}},"8":{"start":{"line":31,"column":6},"end":{"line":36,"column":null}},"9":{"start":{"line":32,"column":8},"end":{"line":35,"column":null}},"10":{"start":{"line":39,"column":24},"end":{"line":39,"column":null}},"11":{"start":{"line":40,"column":6},"end":{"line":45,"column":null}},"12":{"start":{"line":41,"column":8},"end":{"line":44,"column":null}},"13":{"start":{"line":47,"column":6},"end":{"line":47,"column":null}},"14":{"start":{"line":52,"column":8},"end":{"line":66,"column":null}},"15":{"start":{"line":54,"column":25},"end":{"line":54,"column":null}},"16":{"start":{"line":56,"column":6},"end":{"line":59,"column":null}},"17":{"start":{"line":57,"column":8},"end":{"line":57,"column":null}},"18":{"start":{"line":58,"column":8},"end":{"line":58,"column":null}},"19":{"start":{"line":61,"column":6},"end":{"line":61,"column":null}},"20":{"start":{"line":62,"column":6},"end":{"line":62,"column":null}},"21":{"start":{"line":63,"column":6},"end":{"line":63,"column":null}},"22":{"start":{"line":68,"column":8},"end":{"line":74,"column":null}},"23":{"start":{"line":69,"column":4},"end":{"line":69,"column":null}},"24":{"start":{"line":70,"column":4},"end":{"line":70,"column":null}},"25":{"start":{"line":71,"column":4},"end":{"line":73,"column":null}},"26":{"start":{"line":72,"column":6},"end":{"line":72,"column":null}},"27":{"start":{"line":76,"column":8},"end":{"line":80,"column":null}},"28":{"start":{"line":77,"column":4},"end":{"line":77,"column":null}},"29":{"start":{"line":78,"column":4},"end":{"line":78,"column":null}},"30":{"start":{"line":79,"column":4},"end":{"line":79,"column":null}},"31":{"start":{"line":82,"column":8},"end":{"line":96,"column":null}},"32":{"start":{"line":84,"column":6},"end":{"line":84,"column":null}},"33":{"start":{"line":85,"column":6},"end":{"line":85,"column":null}},"34":{"start":{"line":86,"column":6},"end":{"line":86,"column":null}},"35":{"start":{"line":88,"column":6},"end":{"line":88,"column":null}},"36":{"start":{"line":88,"column":20},"end":{"line":88,"column":null}},"37":{"start":{"line":90,"column":20},"end":{"line":90,"column":null}},"38":{"start":{"line":91,"column":6},"end":{"line":93,"column":null}},"39":{"start":{"line":92,"column":8},"end":{"line":92,"column":null}},"40":{"start":{"line":98,"column":8},"end":{"line":106,"column":null}},"41":{"start":{"line":100,"column":20},"end":{"line":100,"column":null}},"42":{"start":{"line":101,"column":6},"end":{"line":103,"column":null}},"43":{"start":{"line":102,"column":8},"end":{"line":102,"column":null}},"44":{"start":{"line":108,"column":23},"end":{"line":125,"column":null}},"45":{"start":{"line":109,"column":4},"end":{"line":109,"column":null}},"46":{"start":{"line":109,"column":38},"end":{"line":109,"column":null}},"47":{"start":{"line":111,"column":4},"end":{"line":111,"column":null}},"48":{"start":{"line":112,"column":4},"end":{"line":112,"column":null}},"49":{"start":{"line":113,"column":4},"end":{"line":113,"column":null}},"50":{"start":{"line":115,"column":4},"end":{"line":124,"column":null}},"51":{"start":{"line":116,"column":6},"end":{"line":116,"column":null}},"52":{"start":{"line":117,"column":6},"end":{"line":117,"column":null}},"53":{"start":{"line":118,"column":6},"end":{"line":118,"column":null}},"54":{"start":{"line":120,"column":6},"end":{"line":120,"column":null}},"55":{"start":{"line":121,"column":6},"end":{"line":121,"column":null}},"56":{"start":{"line":123,"column":6},"end":{"line":123,"column":null}},"57":{"start":{"line":127,"column":23},"end":{"line":132,"column":null}},"58":{"start":{"line":128,"column":4},"end":{"line":128,"column":null}},"59":{"start":{"line":129,"column":4},"end":{"line":129,"column":null}},"60":{"start":{"line":130,"column":4},"end":{"line":130,"column":null}},"61":{"start":{"line":131,"column":4},"end":{"line":131,"column":null}},"62":{"start":{"line":134,"column":25},"end":{"line":138,"column":null}},"63":{"start":{"line":135,"column":4},"end":{"line":135,"column":null}},"64":{"start":{"line":135,"column":22},"end":{"line":135,"column":null}},"65":{"start":{"line":136,"column":4},"end":{"line":136,"column":null}},"66":{"start":{"line":136,"column":29},"end":{"line":136,"column":null}},"67":{"start":{"line":137,"column":4},"end":{"line":137,"column":null}},"68":{"start":{"line":140,"column":2},"end":{"line":260,"column":null}},"69":{"start":{"line":176,"column":14},"end":{"line":178,"column":null}}},"fnMap":{"0":{"name":"(anonymous_0)","decl":{"start":{"line":13,"column":53},"end":{"line":13,"column":54}},"loc":{"start":{"line":20,"column":6},"end":{"line":262,"column":null}},"line":20},"1":{"name":"(anonymous_1)","decl":{"start":{"line":29,"column":4},"end":{"line":29,"column":5}},"loc":{"start":{"line":29,"column":56},"end":{"line":48,"column":null}},"line":29},"2":{"name":"(anonymous_2)","decl":{"start":{"line":53,"column":4},"end":{"line":53,"column":5}},"loc":{"start":{"line":53,"column":20},"end":{"line":64,"column":null}},"line":53},"3":{"name":"(anonymous_3)","decl":{"start":{"line":68,"column":37},"end":{"line":68,"column":38}},"loc":{"start":{"line":68,"column":61},"end":{"line":74,"column":5}},"line":68},"4":{"name":"(anonymous_4)","decl":{"start":{"line":76,"column":38},"end":{"line":76,"column":39}},"loc":{"start":{"line":76,"column":62},"end":{"line":80,"column":5}},"line":76},"5":{"name":"(anonymous_5)","decl":{"start":{"line":83,"column":4},"end":{"line":83,"column":5}},"loc":{"start":{"line":83,"column":28},"end":{"line":94,"column":null}},"line":83},"6":{"name":"(anonymous_6)","decl":{"start":{"line":99,"column":4},"end":{"line":99,"column":5}},"loc":{"start":{"line":99,"column":48},"end":{"line":104,"column":null}},"line":99},"7":{"name":"(anonymous_7)","decl":{"start":{"line":108,"column":23},"end":{"line":108,"column":35}},"loc":{"start":{"line":108,"column":35},"end":{"line":125,"column":null}},"line":108},"8":{"name":"(anonymous_8)","decl":{"start":{"line":127,"column":23},"end":{"line":127,"column":29}},"loc":{"start":{"line":127,"column":29},"end":{"line":132,"column":null}},"line":127},"9":{"name":"(anonymous_9)","decl":{"start":{"line":134,"column":25},"end":{"line":134,"column":26}},"loc":{"start":{"line":134,"column":52},"end":{"line":138,"column":null}},"line":134},"10":{"name":"(anonymous_10)","decl":{"start":{"line":175,"column":24},"end":{"line":175,"column":25}},"loc":{"start":{"line":176,"column":14},"end":{"line":178,"column":null}},"line":176}},"branchMap":{"0":{"loc":{"start":{"line":14,"column":2},"end":{"line":14,"column":null}},"type":"default-arg","locations":[{"start":{"line":14,"column":11},"end":{"line":14,"column":null}}],"line":14},"1":{"loc":{"start":{"line":15,"column":2},"end":{"line":15,"column":null}},"type":"default-arg","locations":[{"start":{"line":15,"column":12},"end":{"line":15,"column":null}}],"line":15},"2":{"loc":{"start":{"line":18,"column":2},"end":{"line":18,"column":null}},"type":"default-arg","locations":[{"start":{"line":18,"column":13},"end":{"line":18,"column":null}}],"line":18},"3":{"loc":{"start":{"line":19,"column":2},"end":{"line":19,"column":null}},"type":"default-arg","locations":[{"start":{"line":19,"column":14},"end":{"line":19,"column":null}}],"line":19},"4":{"loc":{"start":{"line":31,"column":6},"end":{"line":36,"column":null}},"type":"if","locations":[{"start":{"line":31,"column":6},"end":{"line":36,"column":null}},{"start":{},"end":{}}],"line":31},"5":{"loc":{"start":{"line":40,"column":6},"end":{"line":45,"column":null}},"type":"if","locations":[{"start":{"line":40,"column":6},"end":{"line":45,"column":null}},{"start":{},"end":{}}],"line":40},"6":{"loc":{"start":{"line":56,"column":6},"end":{"line":59,"column":null}},"type":"if","locations":[{"start":{"line":56,"column":6},"end":{"line":59,"column":null}},{"start":{},"end":{}}],"line":56},"7":{"loc":{"start":{"line":57,"column":17},"end":{"line":57,"column":51}},"type":"binary-expr","locations":[{"start":{"line":57,"column":17},"end":{"line":57,"column":37}},{"start":{"line":57,"column":37},"end":{"line":57,"column":51}}],"line":57},"8":{"loc":{"start":{"line":71,"column":4},"end":{"line":73,"column":null}},"type":"if","locations":[{"start":{"line":71,"column":4},"end":{"line":73,"column":null}},{"start":{},"end":{}}],"line":71},"9":{"loc":{"start":{"line":88,"column":6},"end":{"line":88,"column":null}},"type":"if","locations":[{"start":{"line":88,"column":6},"end":{"line":88,"column":null}},{"start":{},"end":{}}],"line":88},"10":{"loc":{"start":{"line":91,"column":6},"end":{"line":93,"column":null}},"type":"if","locations":[{"start":{"line":91,"column":6},"end":{"line":93,"column":null}},{"start":{},"end":{}}],"line":91},"11":{"loc":{"start":{"line":101,"column":6},"end":{"line":103,"column":null}},"type":"if","locations":[{"start":{"line":101,"column":6},"end":{"line":103,"column":null}},{"start":{},"end":{}}],"line":101},"12":{"loc":{"start":{"line":101,"column":10},"end":{"line":101,"column":37}},"type":"binary-expr","locations":[{"start":{"line":101,"column":10},"end":{"line":101,"column":19}},{"start":{"line":101,"column":19},"end":{"line":101,"column":37}}],"line":101},"13":{"loc":{"start":{"line":109,"column":4},"end":{"line":109,"column":null}},"type":"if","locations":[{"start":{"line":109,"column":4},"end":{"line":109,"column":null}},{"start":{},"end":{}}],"line":109},"14":{"loc":{"start":{"line":109,"column":8},"end":{"line":109,"column":38}},"type":"binary-expr","locations":[{"start":{"line":109,"column":8},"end":{"line":109,"column":25}},{"start":{"line":109,"column":25},"end":{"line":109,"column":38}}],"line":109},"15":{"loc":{"start":{"line":120,"column":15},"end":{"line":120,"column":67}},"type":"cond-expr","locations":[{"start":{"line":120,"column":38},"end":{"line":120,"column":52}},{"start":{"line":120,"column":52},"end":{"line":120,"column":67}}],"line":120},"16":{"loc":{"start":{"line":135,"column":4},"end":{"line":135,"column":null}},"type":"if","locations":[{"start":{"line":135,"column":4},"end":{"line":135,"column":null}},{"start":{},"end":{}}],"line":135},"17":{"loc":{"start":{"line":136,"column":4},"end":{"line":136,"column":null}},"type":"if","locations":[{"start":{"line":136,"column":4},"end":{"line":136,"column":null}},{"start":{},"end":{}}],"line":136},"18":{"loc":{"start":{"line":149,"column":12},"end":{"line":149,"column":100}},"type":"cond-expr","locations":[{"start":{"line":149,"column":25},"end":{"line":149,"column":62}},{"start":{"line":149,"column":62},"end":{"line":149,"column":100}}],"line":149},"19":{"loc":{"start":{"line":150,"column":12},"end":{"line":150,"column":98}},"type":"cond-expr","locations":[{"start":{"line":150,"column":23},"end":{"line":150,"column":57}},{"start":{"line":150,"column":57},"end":{"line":150,"column":98}}],"line":150},"20":{"loc":{"start":{"line":167,"column":13},"end":{"line":167,"column":null}},"type":"cond-expr","locations":[{"start":{"line":167,"column":26},"end":{"line":167,"column":45}},{"start":{"line":167,"column":45},"end":{"line":167,"column":null}}],"line":167},"21":{"loc":{"start":{"line":189,"column":7},"end":{"line":258,"column":null}},"type":"binary-expr","locations":[{"start":{"line":189,"column":7},"end":{"line":189,"column":null}},{"start":{"line":190,"column":8},"end":{"line":258,"column":null}}],"line":189},"22":{"loc":{"start":{"line":206,"column":13},"end":{"line":212,"column":null}},"type":"binary-expr","locations":[{"start":{"line":206,"column":13},"end":{"line":206,"column":29}},{"start":{"line":206,"column":29},"end":{"line":206,"column":null}},{"start":{"line":207,"column":14},"end":{"line":212,"column":null}}],"line":206},"23":{"loc":{"start":{"line":217,"column":11},"end":{"line":229,"column":null}},"type":"binary-expr","locations":[{"start":{"line":217,"column":11},"end":{"line":217,"column":null}},{"start":{"line":218,"column":12},"end":{"line":229,"column":null}}],"line":217},"24":{"loc":{"start":{"line":233,"column":11},"end":{"line":237,"column":null}},"type":"binary-expr","locations":[{"start":{"line":233,"column":11},"end":{"line":233,"column":null}},{"start":{"line":234,"column":12},"end":{"line":237,"column":null}}],"line":233},"25":{"loc":{"start":{"line":241,"column":11},"end":{"line":245,"column":null}},"type":"binary-expr","locations":[{"start":{"line":241,"column":11},"end":{"line":241,"column":null}},{"start":{"line":242,"column":12},"end":{"line":245,"column":null}}],"line":241},"26":{"loc":{"start":{"line":249,"column":11},"end":{"line":256,"column":null}},"type":"binary-expr","locations":[{"start":{"line":249,"column":11},"end":{"line":249,"column":null}},{"start":{"line":250,"column":12},"end":{"line":256,"column":null}}],"line":249},"27":{"loc":{"start":{"line":252,"column":24},"end":{"line":252,"column":null}},"type":"binary-expr","locations":[{"start":{"line":252,"column":24},"end":{"line":252,"column":39}},{"start":{"line":252,"column":39},"end":{"line":252,"column":null}}],"line":252},"28":{"loc":{"start":{"line":255,"column":15},"end":{"line":255,"column":null}},"type":"cond-expr","locations":[{"start":{"line":255,"column":29},"end":{"line":255,"column":46}},{"start":{"line":255,"column":46},"end":{"line":255,"column":null}}],"line":255}},"s":{"0":0,"1":0,"2":0,"3":0,"4":0,"5":0,"6":0,"7":0,"8":0,"9":0,"10":0,"11":0,"12":0,"13":0,"14":0,"15":0,"16":0,"17":0,"18":0,"19":0,"20":0,"21":0,"22":0,"23":0,"24":0,"25":0,"26":0,"27":0,"28":0,"29":0,"30":0,"31":0,"32":0,"33":0,"34":0,"35":0,"36":0,"37":0,"38":0,"39":0,"40":0,"41":0,"42":0,"43":0,"44":0,"45":0,"46":0,"47":0,"48":0,"49":0,"50":0,"51":0,"52":0,"53":0,"54":0,"55":0,"56":0,"57":0,"58":0,"59":0,"60":0,"61":0,"62":0,"63":0,"64":0,"65":0,"66":0,"67":0,"68":0,"69":0},"f":{"0":0,"1":0,"2":0,"3":0,"4":0,"5":0,"6":0,"7":0,"8":0,"9":0,"10":0},"b":{"0":[0],"1":[0],"2":[0],"3":[0],"4":[0,0],"5":[0,0],"6":[0,0],"7":[0,0],"8":[0,0],"9":[0,0],"10":[0,0],"11":[0,0],"12":[0,0],"13":[0,0],"14":[0,0],"15":[0,0],"16":[0,0],"17":[0,0],"18":[0,0],"19":[0,0],"20":[0,0],"21":[0,0],"22":[0,0,0],"23":[0,0],"24":[0,0],"25":[0,0],"26":[0,0],"27":[0,0],"28":[0,0]},"meta":{"lastBranch":29,"lastFunction":11,"lastStatement":70,"seen":{"s:13:53:262:Infinity":0,"f:13:53:13:54":0,"b:14:11:14:Infinity":0,"b:15:12:15:Infinity":1,"b:18:13:18:Infinity":2,"b:19:14:19:Infinity":3,"s:21:34:21:Infinity":1,"s:22:38:22:Infinity":2,"s:23:42:23:Infinity":3,"s:24:36:24:Infinity":4,"s:25:24:25:Infinity":5,"s:26:28:26:Infinity":6,"s:28:8:50:Infinity":7,"f:29:4:29:5":1,"b:31:6:36:Infinity:undefined:undefined:undefined:undefined":4,"s:31:6:36:Infinity":8,"s:32:8:35:Infinity":9,"s:39:24:39:Infinity":10,"b:40:6:45:Infinity:undefined:undefined:undefined:undefined":5,"s:40:6:45:Infinity":11,"s:41:8:44:Infinity":12,"s:47:6:47:Infinity":13,"s:52:8:66:Infinity":14,"f:53:4:53:5":2,"s:54:25:54:Infinity":15,"b:56:6:59:Infinity:undefined:undefined:undefined:undefined":6,"s:56:6:59:Infinity":16,"s:57:8:57:Infinity":17,"b:57:17:57:37:57:37:57:51":7,"s:58:8:58:Infinity":18,"s:61:6:61:Infinity":19,"s:62:6:62:Infinity":20,"s:63:6:63:Infinity":21,"s:68:8:74:Infinity":22,"f:68:37:68:38":3,"s:69:4:69:Infinity":23,"s:70:4:70:Infinity":24,"b:71:4:73:Infinity:undefined:undefined:undefined:undefined":8,"s:71:4:73:Infinity":25,"s:72:6:72:Infinity":26,"s:76:8:80:Infinity":27,"f:76:38:76:39":4,"s:77:4:77:Infinity":28,"s:78:4:78:Infinity":29,"s:79:4:79:Infinity":30,"s:82:8:96:Infinity":31,"f:83:4:83:5":5,"s:84:6:84:Infinity":32,"s:85:6:85:Infinity":33,"s:86:6:86:Infinity":34,"b:88:6:88:Infinity:undefined:undefined:undefined:undefined":9,"s:88:6:88:Infinity":35,"s:88:20:88:Infinity":36,"s:90:20:90:Infinity":37,"b:91:6:93:Infinity:undefined:undefined:undefined:undefined":10,"s:91:6:93:Infinity":38,"s:92:8:92:Infinity":39,"s:98:8:106:Infinity":40,"f:99:4:99:5":6,"s:100:20:100:Infinity":41,"b:101:6:103:Infinity:undefined:undefined:undefined:undefined":11,"s:101:6:103:Infinity":42,"b:101:10:101:19:101:19:101:37":12,"s:102:8:102:Infinity":43,"s:108:23:125:Infinity":44,"f:108:23:108:35":7,"b:109:4:109:Infinity:undefined:undefined:undefined:undefined":13,"s:109:4:109:Infinity":45,"b:109:8:109:25:109:25:109:38":14,"s:109:38:109:Infinity":46,"s:111:4:111:Infinity":47,"s:112:4:112:Infinity":48,"s:113:4:113:Infinity":49,"s:115:4:124:Infinity":50,"s:116:6:116:Infinity":51,"s:117:6:117:Infinity":52,"s:118:6:118:Infinity":53,"s:120:6:120:Infinity":54,"b:120:38:120:52:120:52:120:67":15,"s:121:6:121:Infinity":55,"s:123:6:123:Infinity":56,"s:127:23:132:Infinity":57,"f:127:23:127:29":8,"s:128:4:128:Infinity":58,"s:129:4:129:Infinity":59,"s:130:4:130:Infinity":60,"s:131:4:131:Infinity":61,"s:134:25:138:Infinity":62,"f:134:25:134:26":9,"b:135:4:135:Infinity:undefined:undefined:undefined:undefined":16,"s:135:4:135:Infinity":63,"s:135:22:135:Infinity":64,"b:136:4:136:Infinity:undefined:undefined:undefined:undefined":17,"s:136:4:136:Infinity":65,"s:136:29:136:Infinity":66,"s:137:4:137:Infinity":67,"s:140:2:260:Infinity":68,"b:149:25:149:62:149:62:149:100":18,"b:150:23:150:57:150:57:150:98":19,"b:167:26:167:45:167:45:167:Infinity":20,"f:175:24:175:25":10,"s:176:14:178:Infinity":69,"b:189:7:189:Infinity:190:8:258:Infinity":21,"b:206:13:206:29:206:29:206:Infinity:207:14:212:Infinity":22,"b:217:11:217:Infinity:218:12:229:Infinity":23,"b:233:11:233:Infinity:234:12:237:Infinity":24,"b:241:11:241:Infinity:242:12:245:Infinity":25,"b:249:11:249:Infinity:250:12:256:Infinity":26,"b:252:24:252:39:252:39:252:Infinity":27,"b:255:29:255:46:255:46:255:Infinity":28}}}
,"C:\\Users\\rlama\\OneDrive\\Desktop\\curfd-ai\\src\\components\\common\\Header.tsx": {"path":"C:\\Users\\rlama\\OneDrive\\Desktop\\curfd-ai\\src\\components\\common\\Header.tsx","statementMap":{"0":{"start":{"line":10,"column":22},"end":{"line":28,"column":null}},"1":{"start":{"line":15,"column":2},"end":{"line":26,"column":null}},"2":{"start":{"line":35,"column":29},"end":{"line":41,"column":null}},"3":{"start":{"line":36,"column":2},"end":{"line":39,"column":null}},"4":{"start":{"line":49,"column":26},"end":{"line":59,"column":null}},"5":{"start":{"line":50,"column":2},"end":{"line":57,"column":null}},"6":{"start":{"line":66,"column":29},"end":{"line":70,"column":null}},"7":{"start":{"line":67,"column":2},"end":{"line":68,"column":null}}},"fnMap":{"0":{"name":"(anonymous_0)","decl":{"start":{"line":10,"column":22},"end":{"line":10,"column":23}},"loc":{"start":{"line":14,"column":19},"end":{"line":28,"column":null}},"line":14},"1":{"name":"(anonymous_1)","decl":{"start":{"line":35,"column":29},"end":{"line":35,"column":30}},"loc":{"start":{"line":35,"column":78},"end":{"line":41,"column":null}},"line":35},"2":{"name":"(anonymous_2)","decl":{"start":{"line":49,"column":26},"end":{"line":49,"column":27}},"loc":{"start":{"line":49,"column":74},"end":{"line":59,"column":null}},"line":49},"3":{"name":"(anonymous_3)","decl":{"start":{"line":66,"column":29},"end":{"line":66,"column":30}},"loc":{"start":{"line":66,"column":78},"end":{"line":70,"column":null}},"line":66}},"branchMap":{"0":{"loc":{"start":{"line":13,"column":2},"end":{"line":13,"column":null}},"type":"default-arg","locations":[{"start":{"line":13,"column":16},"end":{"line":13,"column":null}}],"line":13},"1":{"loc":{"start":{"line":19,"column":8},"end":{"line":21,"column":null}},"type":"cond-expr","locations":[{"start":{"line":20,"column":12},"end":{"line":20,"column":null}},{"start":{"line":21,"column":12},"end":{"line":21,"column":null}}],"line":19},"2":{"loc":{"start":{"line":55,"column":9},"end":{"line":55,"column":null}},"type":"binary-expr","locations":[{"start":{"line":55,"column":9},"end":{"line":55,"column":21}},{"start":{"line":55,"column":21},"end":{"line":55,"column":null}}],"line":55}},"s":{"0":0,"1":0,"2":0,"3":0,"4":0,"5":0,"6":0,"7":0},"f":{"0":0,"1":0,"2":0,"3":0},"b":{"0":[0],"1":[0,0],"2":[0,0]},"meta":{"lastBranch":3,"lastFunction":4,"lastStatement":8,"seen":{"s:10:22:28:Infinity":0,"f:10:22:10:23":0,"b:13:16:13:Infinity":0,"s:15:2:26:Infinity":1,"b:20:12:20:Infinity:21:12:21:Infinity":1,"s:35:29:41:Infinity":2,"f:35:29:35:30":1,"s:36:2:39:Infinity":3,"s:49:26:59:Infinity":4,"f:49:26:49:27":2,"s:50:2:57:Infinity":5,"b:55:9:55:21:55:21:55:Infinity":2,"s:66:29:70:Infinity":6,"f:66:29:66:30":3,"s:67:2:68:Infinity":7}}}
,"C:\\Users\\rlama\\OneDrive\\Desktop\\curfd-ai\\src\\components\\common\\Loader.tsx": {"path":"C:\\Users\\rlama\\OneDrive\\Desktop\\curfd-ai\\src\\components\\common\\Loader.tsx","statementMap":{"0":{"start":{"line":9,"column":22},"end":{"line":32,"column":null}},"1":{"start":{"line":10,"column":21},"end":{"line":14,"column":null}},"2":{"start":{"line":16,"column":2},"end":{"line":30,"column":null}},"3":{"start":{"line":34,"column":30},"end":{"line":40,"column":null}},"4":{"start":{"line":35,"column":2},"end":{"line":40,"column":null}},"5":{"start":{"line":43,"column":31},"end":{"line":48,"column":null}},"6":{"start":{"line":44,"column":2},"end":{"line":48,"column":null}},"7":{"start":{"line":51,"column":36},"end":{"line":61,"column":null}},"8":{"start":{"line":52,"column":2},"end":{"line":61,"column":null}},"9":{"start":{"line":64,"column":28},"end":{"line":69,"column":null}},"10":{"start":{"line":65,"column":2},"end":{"line":69,"column":null}}},"fnMap":{"0":{"name":"(anonymous_0)","decl":{"start":{"line":9,"column":22},"end":{"line":9,"column":23}},"loc":{"start":{"line":9,"column":73},"end":{"line":32,"column":null}},"line":9},"1":{"name":"(anonymous_1)","decl":{"start":{"line":34,"column":30},"end":{"line":34,"column":31}},"loc":{"start":{"line":35,"column":2},"end":{"line":40,"column":null}},"line":35},"2":{"name":"(anonymous_2)","decl":{"start":{"line":43,"column":31},"end":{"line":43,"column":null}},"loc":{"start":{"line":44,"column":2},"end":{"line":48,"column":null}},"line":44},"3":{"name":"(anonymous_3)","decl":{"start":{"line":51,"column":36},"end":{"line":51,"column":null}},"loc":{"start":{"line":52,"column":2},"end":{"line":61,"column":null}},"line":52},"4":{"name":"(anonymous_4)","decl":{"start":{"line":64,"column":28},"end":{"line":64,"column":null}},"loc":{"start":{"line":65,"column":2},"end":{"line":69,"column":null}},"line":65}},"branchMap":{"0":{"loc":{"start":{"line":9,"column":25},"end":{"line":9,"column":38}},"type":"default-arg","locations":[{"start":{"line":9,"column":32},"end":{"line":9,"column":38}}],"line":9},"1":{"loc":{"start":{"line":29,"column":7},"end":{"line":29,"column":null}},"type":"binary-expr","locations":[{"start":{"line":29,"column":7},"end":{"line":29,"column":15}},{"start":{"line":29,"column":15},"end":{"line":29,"column":null}}],"line":29},"2":{"loc":{"start":{"line":38,"column":47},"end":{"line":38,"column":68}},"type":"binary-expr","locations":[{"start":{"line":38,"column":47},"end":{"line":38,"column":55}},{"start":{"line":38,"column":55},"end":{"line":38,"column":68}}],"line":38}},"s":{"0":0,"1":0,"2":0,"3":0,"4":0,"5":0,"6":0,"7":0,"8":0,"9":0,"10":0},"f":{"0":0,"1":0,"2":0,"3":0,"4":0},"b":{"0":[0],"1":[0,0],"2":[0,0]},"meta":{"lastBranch":3,"lastFunction":5,"lastStatement":11,"seen":{"s:9:22:32:Infinity":0,"f:9:22:9:23":0,"b:9:32:9:38":0,"s:10:21:14:Infinity":1,"s:16:2:30:Infinity":2,"b:29:7:29:15:29:15:29:Infinity":1,"s:34:30:40:Infinity":3,"f:34:30:34:31":1,"s:35:2:40:Infinity":4,"b:38:47:38:55:38:55:38:68":2,"s:43:31:48:Infinity":5,"f:43:31:43:Infinity":2,"s:44:2:48:Infinity":6,"s:51:36:61:Infinity":7,"f:51:36:51:Infinity":3,"s:52:2:61:Infinity":8,"s:64:28:69:Infinity":9,"f:64:28:64:Infinity":4,"s:65:2:69:Infinity":10}}}
,"C:\\Users\\rlama\\OneDrive\\Desktop\\curfd-ai\\src\\components\\common\\ResizablePanels.tsx": {"path":"C:\\Users\\rlama\\OneDrive\\Desktop\\curfd-ai\\src\\components\\common\\ResizablePanels.tsx","statementMap":{"0":{"start":{"line":15,"column":31},"end":{"line":152,"column":null}},"1":{"start":{"line":25,"column":8},"end":{"line":25,"column":null}},"2":{"start":{"line":26,"column":32},"end":{"line":32,"column":null}},"3":{"start":{"line":27,"column":4},"end":{"line":30,"column":null}},"4":{"start":{"line":28,"column":20},"end":{"line":28,"column":null}},"5":{"start":{"line":29,"column":6},"end":{"line":29,"column":null}},"6":{"start":{"line":29,"column":17},"end":{"line":29,"column":null}},"7":{"start":{"line":31,"column":4},"end":{"line":31,"column":null}},"8":{"start":{"line":33,"column":34},"end":{"line":33,"column":null}},"9":{"start":{"line":34,"column":34},"end":{"line":34,"column":null}},"10":{"start":{"line":36,"column":2},"end":{"line":40,"column":null}},"11":{"start":{"line":37,"column":4},"end":{"line":39,"column":null}},"12":{"start":{"line":38,"column":6},"end":{"line":38,"column":null}},"13":{"start":{"line":42,"column":8},"end":{"line":45,"column":null}},"14":{"start":{"line":43,"column":4},"end":{"line":43,"column":null}},"15":{"start":{"line":44,"column":4},"end":{"line":44,"column":null}},"16":{"start":{"line":47,"column":8},"end":{"line":71,"column":null}},"17":{"start":{"line":49,"column":6},"end":{"line":49,"column":null}},"18":{"start":{"line":49,"column":48},"end":{"line":49,"column":null}},"19":{"start":{"line":51,"column":24},"end":{"line":51,"column":null}},"20":{"start":{"line":52,"column":19},"end":{"line":52,"column":null}},"21":{"start":{"line":53,"column":29},"end":{"line":53,"column":null}},"22":{"start":{"line":54,"column":21},"end":{"line":54,"column":null}},"23":{"start":{"line":56,"column":26},"end":{"line":56,"column":null}},"24":{"start":{"line":59,"column":30},"end":{"line":59,"column":null}},"25":{"start":{"line":60,"column":31},"end":{"line":60,"column":null}},"26":{"start":{"line":61,"column":29},"end":{"line":61,"column":null}},"27":{"start":{"line":63,"column":6},"end":{"line":66,"column":null}},"28":{"start":{"line":68,"column":6},"end":{"line":68,"column":null}},"29":{"start":{"line":73,"column":8},"end":{"line":75,"column":null}},"30":{"start":{"line":74,"column":4},"end":{"line":74,"column":null}},"31":{"start":{"line":77,"column":8},"end":{"line":79,"column":null}},"32":{"start":{"line":78,"column":4},"end":{"line":78,"column":null}},"33":{"start":{"line":81,"column":2},"end":{"line":95,"column":null}},"34":{"start":{"line":82,"column":4},"end":{"line":87,"column":null}},"35":{"start":{"line":83,"column":6},"end":{"line":83,"column":null}},"36":{"start":{"line":84,"column":6},"end":{"line":84,"column":null}},"37":{"start":{"line":85,"column":6},"end":{"line":85,"column":null}},"38":{"start":{"line":86,"column":6},"end":{"line":86,"column":null}},"39":{"start":{"line":89,"column":4},"end":{"line":94,"column":null}},"40":{"start":{"line":90,"column":6},"end":{"line":90,"column":null}},"41":{"start":{"line":91,"column":6},"end":{"line":91,"column":null}},"42":{"start":{"line":92,"column":6},"end":{"line":92,"column":null}},"43":{"start":{"line":93,"column":6},"end":{"line":93,"column":null}},"44":{"start":{"line":97,"column":2},"end":{"line":150,"column":null}},"45":{"start":{"line":124,"column":32},"end":{"line":124,"column":null}},"46":{"start":{"line":125,"column":32},"end":{"line":125,"column":null}}},"fnMap":{"0":{"name":"(anonymous_0)","decl":{"start":{"line":15,"column":31},"end":{"line":15,"column":32}},"loc":{"start":{"line":24,"column":28},"end":{"line":152,"column":null}},"line":24},"1":{"name":"(anonymous_1)","decl":{"start":{"line":26,"column":53},"end":{"line":26,"column":59}},"loc":{"start":{"line":26,"column":59},"end":{"line":32,"column":3}},"line":26},"2":{"name":"(anonymous_2)","decl":{"start":{"line":36,"column":12},"end":{"line":36,"column":18}},"loc":{"start":{"line":36,"column":18},"end":{"line":40,"column":5}},"line":36},"3":{"name":"(anonymous_3)","decl":{"start":{"line":42,"column":38},"end":{"line":42,"column":39}},"loc":{"start":{"line":42,"column":63},"end":{"line":45,"column":5}},"line":42},"4":{"name":"(anonymous_4)","decl":{"start":{"line":48,"column":4},"end":{"line":48,"column":5}},"loc":{"start":{"line":48,"column":23},"end":{"line":69,"column":null}},"line":48},"5":{"name":"(anonymous_5)","decl":{"start":{"line":73,"column":36},"end":{"line":73,"column":42}},"loc":{"start":{"line":73,"column":42},"end":{"line":75,"column":5}},"line":73},"6":{"name":"(anonymous_6)","decl":{"start":{"line":77,"column":40},"end":{"line":77,"column":46}},"loc":{"start":{"line":77,"column":46},"end":{"line":79,"column":5}},"line":77},"7":{"name":"(anonymous_7)","decl":{"start":{"line":81,"column":12},"end":{"line":81,"column":18}},"loc":{"start":{"line":81,"column":18},"end":{"line":95,"column":5}},"line":81},"8":{"name":"(anonymous_8)","decl":{"start":{"line":89,"column":11},"end":{"line":89,"column":17}},"loc":{"start":{"line":89,"column":17},"end":{"line":94,"column":null}},"line":89},"9":{"name":"(anonymous_9)","decl":{"start":{"line":124,"column":26},"end":{"line":124,"column":32}},"loc":{"start":{"line":124,"column":32},"end":{"line":124,"column":null}},"line":124},"10":{"name":"(anonymous_10)","decl":{"start":{"line":125,"column":26},"end":{"line":125,"column":32}},"loc":{"start":{"line":125,"column":32},"end":{"line":125,"column":null}},"line":125}},"branchMap":{"0":{"loc":{"start":{"line":18,"column":2},"end":{"line":18,"column":null}},"type":"default-arg","locations":[{"start":{"line":18,"column":17},"end":{"line":18,"column":null}}],"line":18},"1":{"loc":{"start":{"line":19,"column":2},"end":{"line":19,"column":null}},"type":"default-arg","locations":[{"start":{"line":19,"column":18},"end":{"line":19,"column":null}}],"line":19},"2":{"loc":{"start":{"line":20,"column":2},"end":{"line":20,"column":null}},"type":"default-arg","locations":[{"start":{"line":20,"column":21},"end":{"line":20,"column":null}}],"line":20},"3":{"loc":{"start":{"line":21,"column":2},"end":{"line":21,"column":null}},"type":"default-arg","locations":[{"start":{"line":21,"column":15},"end":{"line":21,"column":null}}],"line":21},"4":{"loc":{"start":{"line":22,"column":2},"end":{"line":22,"column":null}},"type":"default-arg","locations":[{"start":{"line":22,"column":14},"end":{"line":22,"column":null}}],"line":22},"5":{"loc":{"start":{"line":23,"column":2},"end":{"line":23,"column":null}},"type":"default-arg","locations":[{"start":{"line":23,"column":16},"end":{"line":23,"column":null}}],"line":23},"6":{"loc":{"start":{"line":27,"column":4},"end":{"line":30,"column":null}},"type":"if","locations":[{"start":{"line":27,"column":4},"end":{"line":30,"column":null}},{"start":{},"end":{}}],"line":27},"7":{"loc":{"start":{"line":27,"column":8},"end":{"line":27,"column":53}},"type":"binary-expr","locations":[{"start":{"line":27,"column":8},"end":{"line":27,"column":41}},{"start":{"line":27,"column":41},"end":{"line":27,"column":53}}],"line":27},"8":{"loc":{"start":{"line":29,"column":6},"end":{"line":29,"column":null}},"type":"if","locations":[{"start":{"line":29,"column":6},"end":{"line":29,"column":null}},{"start":{},"end":{}}],"line":29},"9":{"loc":{"start":{"line":37,"column":4},"end":{"line":39,"column":null}},"type":"if","locations":[{"start":{"line":37,"column":4},"end":{"line":39,"column":null}},{"start":{},"end":{}}],"line":37},"10":{"loc":{"start":{"line":49,"column":6},"end":{"line":49,"column":null}},"type":"if","locations":[{"start":{"line":49,"column":6},"end":{"line":49,"column":null}},{"start":{},"end":{}}],"line":49},"11":{"loc":{"start":{"line":49,"column":10},"end":{"line":49,"column":48}},"type":"binary-expr","locations":[{"start":{"line":49,"column":10},"end":{"line":49,"column":25}},{"start":{"line":49,"column":25},"end":{"line":49,"column":48}}],"line":49},"12":{"loc":{"start":{"line":82,"column":4},"end":{"line":87,"column":null}},"type":"if","locations":[{"start":{"line":82,"column":4},"end":{"line":87,"column":null}},{"start":{},"end":{}}],"line":82},"13":{"loc":{"start":{"line":100,"column":7},"end":{"line":145,"column":null}},"type":"binary-expr","locations":[{"start":{"line":100,"column":7},"end":{"line":100,"column":null}},{"start":{"line":101,"column":8},"end":{"line":145,"column":null}}],"line":100},"14":{"loc":{"start":{"line":118,"column":14},"end":{"line":120,"column":null}},"type":"cond-expr","locations":[{"start":{"line":119,"column":18},"end":{"line":119,"column":null}},{"start":{"line":120,"column":18},"end":{"line":120,"column":null}}],"line":118},"15":{"loc":{"start":{"line":118,"column":14},"end":{"line":118,"column":null}},"type":"binary-expr","locations":[{"start":{"line":118,"column":14},"end":{"line":118,"column":28}},{"start":{"line":118,"column":28},"end":{"line":118,"column":null}}],"line":118},"16":{"loc":{"start":{"line":130,"column":16},"end":{"line":132,"column":null}},"type":"cond-expr","locations":[{"start":{"line":131,"column":20},"end":{"line":131,"column":null}},{"start":{"line":132,"column":20},"end":{"line":132,"column":null}}],"line":130},"17":{"loc":{"start":{"line":130,"column":16},"end":{"line":130,"column":null}},"type":"binary-expr","locations":[{"start":{"line":130,"column":16},"end":{"line":130,"column":30}},{"start":{"line":130,"column":30},"end":{"line":130,"column":null}}],"line":130},"18":{"loc":{"start":{"line":137,"column":18},"end":{"line":137,"column":null}},"type":"cond-expr","locations":[{"start":{"line":137,"column":45},"end":{"line":137,"column":64}},{"start":{"line":137,"column":64},"end":{"line":137,"column":null}}],"line":137},"19":{"loc":{"start":{"line":137,"column":18},"end":{"line":137,"column":45}},"type":"binary-expr","locations":[{"start":{"line":137,"column":18},"end":{"line":137,"column":32}},{"start":{"line":137,"column":32},"end":{"line":137,"column":45}}],"line":137}},"s":{"0":1,"1":4,"2":4,"3":4,"4":4,"5":4,"6":0,"7":4,"8":4,"9":4,"10":4,"11":4,"12":4,"13":4,"14":0,"15":0,"16":4,"17":0,"18":0,"19":0,"20":0,"21":0,"22":0,"23":0,"24":0,"25":0,"26":0,"27":0,"28":0,"29":4,"30":0,"31":4,"32":0,"33":4,"34":4,"35":0,"36":0,"37":0,"38":0,"39":4,"40":4,"41":4,"42":4,"43":4,"44":4,"45":0,"46":0},"f":{"0":4,"1":4,"2":4,"3":0,"4":0,"5":0,"6":0,"7":4,"8":4,"9":0,"10":0},"b":{"0":[4],"1":[4],"2":[4],"3":[4],"4":[4],"5":[4],"6":[4,0],"7":[4,4],"8":[0,4],"9":[4,0],"10":[0,0],"11":[0,0],"12":[0,4],"13":[4,3],"14":[0,3],"15":[3,3],"16":[0,3],"17":[3,3],"18":[0,3],"19":[3,3]},"meta":{"lastBranch":20,"lastFunction":11,"lastStatement":47,"seen":{"s:15:31:152:Infinity":0,"f:15:31:15:32":0,"b:18:17:18:Infinity":0,"b:19:18:19:Infinity":1,"b:20:21:20:Infinity":2,"b:21:15:21:Infinity":3,"b:22:14:22:Infinity":4,"b:23:16:23:Infinity":5,"s:25:8:25:Infinity":1,"s:26:32:32:Infinity":2,"f:26:53:26:59":1,"b:27:4:30:Infinity:undefined:undefined:undefined:undefined":6,"s:27:4:30:Infinity":3,"b:27:8:27:41:27:41:27:53":7,"s:28:20:28:Infinity":4,"b:29:6:29:Infinity:undefined:undefined:undefined:undefined":8,"s:29:6:29:Infinity":5,"s:29:17:29:Infinity":6,"s:31:4:31:Infinity":7,"s:33:34:33:Infinity":8,"s:34:34:34:Infinity":9,"s:36:2:40:Infinity":10,"f:36:12:36:18":2,"b:37:4:39:Infinity:undefined:undefined:undefined:undefined":9,"s:37:4:39:Infinity":11,"s:38:6:38:Infinity":12,"s:42:8:45:Infinity":13,"f:42:38:42:39":3,"s:43:4:43:Infinity":14,"s:44:4:44:Infinity":15,"s:47:8:71:Infinity":16,"f:48:4:48:5":4,"b:49:6:49:Infinity:undefined:undefined:undefined:undefined":10,"s:49:6:49:Infinity":17,"b:49:10:49:25:49:25:49:48":11,"s:49:48:49:Infinity":18,"s:51:24:51:Infinity":19,"s:52:19:52:Infinity":20,"s:53:29:53:Infinity":21,"s:54:21:54:Infinity":22,"s:56:26:56:Infinity":23,"s:59:30:59:Infinity":24,"s:60:31:60:Infinity":25,"s:61:29:61:Infinity":26,"s:63:6:66:Infinity":27,"s:68:6:68:Infinity":28,"s:73:8:75:Infinity":29,"f:73:36:73:42":5,"s:74:4:74:Infinity":30,"s:77:8:79:Infinity":31,"f:77:40:77:46":6,"s:78:4:78:Infinity":32,"s:81:2:95:Infinity":33,"f:81:12:81:18":7,"b:82:4:87:Infinity:undefined:undefined:undefined:undefined":12,"s:82:4:87:Infinity":34,"s:83:6:83:Infinity":35,"s:84:6:84:Infinity":36,"s:85:6:85:Infinity":37,"s:86:6:86:Infinity":38,"s:89:4:94:Infinity":39,"f:89:11:89:17":8,"s:90:6:90:Infinity":40,"s:91:6:91:Infinity":41,"s:92:6:92:Infinity":42,"s:93:6:93:Infinity":43,"s:97:2:150:Infinity":44,"b:100:7:100:Infinity:101:8:145:Infinity":13,"b:119:18:119:Infinity:120:18:120:Infinity":14,"b:118:14:118:28:118:28:118:Infinity":15,"f:124:26:124:32":9,"s:124:32:124:Infinity":45,"f:125:26:125:32":10,"s:125:32:125:Infinity":46,"b:131:20:131:Infinity:132:20:132:Infinity":16,"b:130:16:130:30:130:30:130:Infinity":17,"b:137:45:137:64:137:64:137:Infinity":18,"b:137:18:137:32:137:32:137:45":19}}}
,"C:\\Users\\rlama\\OneDrive\\Desktop\\curfd-ai\\src\\components\\common\\StatusBar.tsx": {"path":"C:\\Users\\rlama\\OneDrive\\Desktop\\curfd-ai\\src\\components\\common\\StatusBar.tsx","statementMap":{"0":{"start":{"line":11,"column":25},"end":{"line":96,"column":null}},"1":{"start":{"line":12,"column":40},"end":{"line":12,"column":null}},"2":{"start":{"line":14,"column":2},"end":{"line":94,"column":null}},"3":{"start":{"line":70,"column":32},"end":{"line":70,"column":null}},"4":{"start":{"line":71,"column":32},"end":{"line":71,"column":null}},"5":{"start":{"line":98,"column":20},"end":{"line":111,"column":null}},"6":{"start":{"line":99,"column":2},"end":{"line":111,"column":null}},"7":{"start":{"line":102,"column":8},"end":{"line":107,"column":null}}},"fnMap":{"0":{"name":"(anonymous_0)","decl":{"start":{"line":11,"column":25},"end":{"line":11,"column":26}},"loc":{"start":{"line":11,"column":93},"end":{"line":96,"column":null}},"line":11},"1":{"name":"(anonymous_1)","decl":{"start":{"line":70,"column":26},"end":{"line":70,"column":32}},"loc":{"start":{"line":70,"column":32},"end":{"line":70,"column":null}},"line":70},"2":{"name":"(anonymous_2)","decl":{"start":{"line":71,"column":26},"end":{"line":71,"column":32}},"loc":{"start":{"line":71,"column":32},"end":{"line":71,"column":null}},"line":71},"3":{"name":"(anonymous_3)","decl":{"start":{"line":98,"column":20},"end":{"line":98,"column":21}},"loc":{"start":{"line":99,"column":2},"end":{"line":111,"column":null}},"line":99},"4":{"name":"(anonymous_4)","decl":{"start":{"line":101,"column":16},"end":{"line":101,"column":17}},"loc":{"start":{"line":102,"column":8},"end":{"line":107,"column":null}},"line":102}},"branchMap":{"0":{"loc":{"start":{"line":18,"column":9},"end":{"line":47,"column":null}},"type":"cond-expr","locations":[{"start":{"line":19,"column":10},"end":{"line":42,"column":null}},{"start":{"line":44,"column":10},"end":{"line":47,"column":null}}],"line":18},"1":{"loc":{"start":{"line":30,"column":13},"end":{"line":40,"column":null}},"type":"binary-expr","locations":[{"start":{"line":30,"column":13},"end":{"line":30,"column":null}},{"start":{"line":31,"column":14},"end":{"line":40,"column":null}}],"line":30},"2":{"loc":{"start":{"line":56,"column":12},"end":{"line":57,"column":null}},"type":"cond-expr","locations":[{"start":{"line":56,"column":43},"end":{"line":56,"column":null}},{"start":{"line":57,"column":12},"end":{"line":57,"column":null}}],"line":56},"3":{"loc":{"start":{"line":57,"column":12},"end":{"line":57,"column":null}},"type":"cond-expr","locations":[{"start":{"line":57,"column":38},"end":{"line":57,"column":56}},{"start":{"line":57,"column":56},"end":{"line":57,"column":null}}],"line":57},"4":{"loc":{"start":{"line":59,"column":13},"end":{"line":60,"column":null}},"type":"cond-expr","locations":[{"start":{"line":59,"column":44},"end":{"line":59,"column":null}},{"start":{"line":60,"column":13},"end":{"line":60,"column":null}}],"line":59},"5":{"loc":{"start":{"line":60,"column":13},"end":{"line":60,"column":null}},"type":"cond-expr","locations":[{"start":{"line":60,"column":39},"end":{"line":60,"column":61}},{"start":{"line":60,"column":61},"end":{"line":60,"column":null}}],"line":60},"6":{"loc":{"start":{"line":78,"column":11},"end":{"line":90,"column":null}},"type":"binary-expr","locations":[{"start":{"line":78,"column":11},"end":{"line":78,"column":null}},{"start":{"line":79,"column":12},"end":{"line":90,"column":null}}],"line":78},"7":{"loc":{"start":{"line":106,"column":11},"end":{"line":106,"column":null}},"type":"binary-expr","locations":[{"start":{"line":106,"column":11},"end":{"line":106,"column":34}},{"start":{"line":106,"column":34},"end":{"line":106,"column":null}}],"line":106}},"s":{"0":1,"1":1,"2":1,"3":0,"4":0,"5":1,"6":0,"7":0},"f":{"0":1,"1":0,"2":0,"3":0,"4":0},"b":{"0":[0,1],"1":[0,0],"2":[1,0],"3":[0,0],"4":[1,0],"5":[0,0],"6":[1,0],"7":[0,0]},"meta":{"lastBranch":8,"lastFunction":5,"lastStatement":8,"seen":{"s:11:25:96:Infinity":0,"f:11:25:11:26":0,"s:12:40:12:Infinity":1,"s:14:2:94:Infinity":2,"b:19:10:42:Infinity:44:10:47:Infinity":0,"b:30:13:30:Infinity:31:14:40:Infinity":1,"b:56:43:56:Infinity:57:12:57:Infinity":2,"b:57:38:57:56:57:56:57:Infinity":3,"b:59:44:59:Infinity:60:13:60:Infinity":4,"b:60:39:60:61:60:61:60:Infinity":5,"f:70:26:70:32":1,"s:70:32:70:Infinity":3,"f:71:26:71:32":2,"s:71:32:71:Infinity":4,"b:78:11:78:Infinity:79:12:90:Infinity":6,"s:98:20:111:Infinity":5,"f:98:20:98:21":3,"s:99:2:111:Infinity":6,"f:101:16:101:17":4,"s:102:8:107:Infinity":7,"b:106:11:106:34:106:34:106:Infinity":7}}}
,"C:\\Users\\rlama\\OneDrive\\Desktop\\curfd-ai\\src\\components\\landing\\Footer.tsx": {"path":"C:\\Users\\rlama\\OneDrive\\Desktop\\curfd-ai\\src\\components\\landing\\Footer.tsx","statementMap":{"0":{"start":{"line":3,"column":22},"end":{"line":156,"column":null}},"1":{"start":{"line":4,"column":21},"end":{"line":29,"column":null}},"2":{"start":{"line":31,"column":22},"end":{"line":36,"column":null}},"3":{"start":{"line":38,"column":2},"end":{"line":154,"column":null}},"4":{"start":{"line":59,"column":29},"end":{"line":59,"column":null}},"5":{"start":{"line":60,"column":16},"end":{"line":70,"column":null}},"6":{"start":{"line":81,"column":16},"end":{"line":88,"column":null}},"7":{"start":{"line":98,"column":16},"end":{"line":105,"column":null}},"8":{"start":{"line":115,"column":16},"end":{"line":122,"column":null}},"9":{"start":{"line":132,"column":16},"end":{"line":139,"column":null}}},"fnMap":{"0":{"name":"(anonymous_0)","decl":{"start":{"line":3,"column":22},"end":{"line":3,"column":28}},"loc":{"start":{"line":3,"column":28},"end":{"line":156,"column":null}},"line":3},"1":{"name":"(anonymous_1)","decl":{"start":{"line":58,"column":31},"end":{"line":58,"column":32}},"loc":{"start":{"line":58,"column":43},"end":{"line":72,"column":15}},"line":58},"2":{"name":"(anonymous_2)","decl":{"start":{"line":80,"column":38},"end":{"line":80,"column":39}},"loc":{"start":{"line":81,"column":16},"end":{"line":88,"column":null}},"line":81},"3":{"name":"(anonymous_3)","decl":{"start":{"line":97,"column":38},"end":{"line":97,"column":39}},"loc":{"start":{"line":98,"column":16},"end":{"line":105,"column":null}},"line":98},"4":{"name":"(anonymous_4)","decl":{"start":{"line":114,"column":40},"end":{"line":114,"column":41}},"loc":{"start":{"line":115,"column":16},"end":{"line":122,"column":null}},"line":115},"5":{"name":"(anonymous_5)","decl":{"start":{"line":131,"column":36},"end":{"line":131,"column":37}},"loc":{"start":{"line":132,"column":16},"end":{"line":139,"column":null}},"line":132}},"branchMap":{},"s":{"0":1,"1":3,"2":3,"3":3,"4":12,"5":12,"6":12,"7":12,"8":12,"9":12},"f":{"0":3,"1":12,"2":12,"3":12,"4":12,"5":12},"b":{},"meta":{"lastBranch":0,"lastFunction":6,"lastStatement":10,"seen":{"s:3:22:156:Infinity":0,"f:3:22:3:28":0,"s:4:21:29:Infinity":1,"s:31:22:36:Infinity":2,"s:38:2:154:Infinity":3,"f:58:31:58:32":1,"s:59:29:59:Infinity":4,"s:60:16:70:Infinity":5,"f:80:38:80:39":2,"s:81:16:88:Infinity":6,"f:97:38:97:39":3,"s:98:16:105:Infinity":7,"f:114:40:114:41":4,"s:115:16:122:Infinity":8,"f:131:36:131:37":5,"s:132:16:139:Infinity":9}}}
,"C:\\Users\\rlama\\OneDrive\\Desktop\\curfd-ai\\src\\components\\landing\\Hero.tsx": {"path":"C:\\Users\\rlama\\OneDrive\\Desktop\\curfd-ai\\src\\components\\landing\\Hero.tsx","statementMap":{"0":{"start":{"line":7,"column":20},"end":{"line":97,"column":null}},"1":{"start":{"line":8,"column":2},"end":{"line":95,"column":null}},"2":{"start":{"line":45,"column":14},"end":{"line":45,"column":null}},"3":{"start":{"line":46,"column":29},"end":{"line":46,"column":null}},"4":{"start":{"line":47,"column":14},"end":{"line":50,"column":null}},"5":{"start":{"line":48,"column":16},"end":{"line":48,"column":null}},"6":{"start":{"line":49,"column":16},"end":{"line":49,"column":null}},"7":{"start":{"line":77,"column":29},"end":{"line":77,"column":null}},"8":{"start":{"line":99,"column":18},"end":{"line":105,"column":null}},"9":{"start":{"line":100,"column":2},"end":{"line":105,"column":null}}},"fnMap":{"0":{"name":"(anonymous_0)","decl":{"start":{"line":7,"column":20},"end":{"line":7,"column":21}},"loc":{"start":{"line":7,"column":52},"end":{"line":97,"column":null}},"line":7},"1":{"name":"(anonymous_1)","decl":{"start":{"line":44,"column":22},"end":{"line":44,"column":23}},"loc":{"start":{"line":44,"column":29},"end":{"line":51,"column":null}},"line":44},"2":{"name":"(anonymous_2)","decl":{"start":{"line":77,"column":23},"end":{"line":77,"column":29}},"loc":{"start":{"line":77,"column":29},"end":{"line":77,"column":null}},"line":77},"3":{"name":"(anonymous_3)","decl":{"start":{"line":99,"column":18},"end":{"line":99,"column":19}},"loc":{"start":{"line":100,"column":2},"end":{"line":105,"column":null}},"line":100}},"branchMap":{"0":{"loc":{"start":{"line":47,"column":14},"end":{"line":50,"column":null}},"type":"if","locations":[{"start":{"line":47,"column":14},"end":{"line":50,"column":null}},{"start":{},"end":{}}],"line":47}},"s":{"0":1,"1":3,"2":0,"3":0,"4":0,"5":0,"6":0,"7":0,"8":1,"9":9},"f":{"0":3,"1":0,"2":0,"3":9},"b":{"0":[0,0]},"meta":{"lastBranch":1,"lastFunction":4,"lastStatement":10,"seen":{"s:7:20:97:Infinity":0,"f:7:20:7:21":0,"s:8:2:95:Infinity":1,"f:44:22:44:23":1,"s:45:14:45:Infinity":2,"s:46:29:46:Infinity":3,"b:47:14:50:Infinity:undefined:undefined:undefined:undefined":0,"s:47:14:50:Infinity":4,"s:48:16:48:Infinity":5,"s:49:16:49:Infinity":6,"f:77:23:77:29":2,"s:77:29:77:Infinity":7,"s:99:18:105:Infinity":8,"f:99:18:99:19":3,"s:100:2:105:Infinity":9}}}
,"C:\\Users\\rlama\\OneDrive\\Desktop\\curfd-ai\\src\\components\\landing\\Navbar.tsx": {"path":"C:\\Users\\rlama\\OneDrive\\Desktop\\curfd-ai\\src\\components\\landing\\Navbar.tsx","statementMap":{"0":{"start":{"line":8,"column":22},"end":{"line":110,"column":null}},"1":{"start":{"line":9,"column":26},"end":{"line":9,"column":null}},"2":{"start":{"line":11,"column":19},"end":{"line":16,"column":null}},"3":{"start":{"line":18,"column":2},"end":{"line":108,"column":null}},"4":{"start":{"line":33,"column":14},"end":{"line":40,"column":null}},"5":{"start":{"line":47,"column":29},"end":{"line":47,"column":null}},"6":{"start":{"line":53,"column":29},"end":{"line":53,"column":null}},"7":{"start":{"line":62,"column":27},"end":{"line":62,"column":null}},"8":{"start":{"line":75,"column":16},"end":{"line":82,"column":null}},"9":{"start":{"line":78,"column":33},"end":{"line":78,"column":null}},"10":{"start":{"line":87,"column":20},"end":{"line":87,"column":null}},"11":{"start":{"line":88,"column":20},"end":{"line":88,"column":null}},"12":{"start":{"line":96,"column":20},"end":{"line":96,"column":null}},"13":{"start":{"line":97,"column":20},"end":{"line":97,"column":null}}},"fnMap":{"0":{"name":"(anonymous_0)","decl":{"start":{"line":8,"column":22},"end":{"line":8,"column":23}},"loc":{"start":{"line":8,"column":56},"end":{"line":110,"column":null}},"line":8},"1":{"name":"(anonymous_1)","decl":{"start":{"line":32,"column":26},"end":{"line":32,"column":27}},"loc":{"start":{"line":33,"column":14},"end":{"line":40,"column":null}},"line":33},"2":{"name":"(anonymous_2)","decl":{"start":{"line":47,"column":23},"end":{"line":47,"column":29}},"loc":{"start":{"line":47,"column":29},"end":{"line":47,"column":null}},"line":47},"3":{"name":"(anonymous_3)","decl":{"start":{"line":53,"column":23},"end":{"line":53,"column":29}},"loc":{"start":{"line":53,"column":29},"end":{"line":53,"column":null}},"line":53},"4":{"name":"(anonymous_4)","decl":{"start":{"line":62,"column":21},"end":{"line":62,"column":27}},"loc":{"start":{"line":62,"column":27},"end":{"line":62,"column":null}},"line":62},"5":{"name":"(anonymous_5)","decl":{"start":{"line":74,"column":28},"end":{"line":74,"column":29}},"loc":{"start":{"line":75,"column":16},"end":{"line":82,"column":null}},"line":75},"6":{"name":"(anonymous_6)","decl":{"start":{"line":78,"column":27},"end":{"line":78,"column":33}},"loc":{"start":{"line":78,"column":33},"end":{"line":78,"column":null}},"line":78},"7":{"name":"(anonymous_7)","decl":{"start":{"line":86,"column":27},"end":{"line":86,"column":33}},"loc":{"start":{"line":86,"column":33},"end":{"line":89,"column":null}},"line":86},"8":{"name":"(anonymous_8)","decl":{"start":{"line":95,"column":27},"end":{"line":95,"column":33}},"loc":{"start":{"line":95,"column":33},"end":{"line":98,"column":null}},"line":95}},"branchMap":{"0":{"loc":{"start":{"line":66,"column":13},"end":{"line":66,"column":null}},"type":"cond-expr","locations":[{"start":{"line":66,"column":22},"end":{"line":66,"column":50}},{"start":{"line":66,"column":50},"end":{"line":66,"column":null}}],"line":66},"1":{"loc":{"start":{"line":71,"column":9},"end":{"line":105,"column":null}},"type":"binary-expr","locations":[{"start":{"line":71,"column":9},"end":{"line":71,"column":null}},{"start":{"line":72,"column":10},"end":{"line":105,"column":null}}],"line":71}},"s":{"0":1,"1":3,"2":3,"3":3,"4":12,"5":0,"6":0,"7":0,"8":0,"9":0,"10":0,"11":0,"12":0,"13":0},"f":{"0":3,"1":12,"2":0,"3":0,"4":0,"5":0,"6":0,"7":0,"8":0},"b":{"0":[0,3],"1":[3,0]},"meta":{"lastBranch":2,"lastFunction":9,"lastStatement":14,"seen":{"s:8:22:110:Infinity":0,"f:8:22:8:23":0,"s:9:26:9:Infinity":1,"s:11:19:16:Infinity":2,"s:18:2:108:Infinity":3,"f:32:26:32:27":1,"s:33:14:40:Infinity":4,"f:47:23:47:29":2,"s:47:29:47:Infinity":5,"f:53:23:53:29":3,"s:53:29:53:Infinity":6,"f:62:21:62:27":4,"s:62:27:62:Infinity":7,"b:66:22:66:50:66:50:66:Infinity":0,"b:71:9:71:Infinity:72:10:105:Infinity":1,"f:74:28:74:29":5,"s:75:16:82:Infinity":8,"f:78:27:78:33":6,"s:78:33:78:Infinity":9,"f:86:27:86:33":7,"s:87:20:87:Infinity":10,"s:88:20:88:Infinity":11,"f:95:27:95:33":8,"s:96:20:96:Infinity":12,"s:97:20:97:Infinity":13}}}
,"C:\\Users\\rlama\\OneDrive\\Desktop\\curfd-ai\\src\\components\\landing\\PromptBox.tsx": {"path":"C:\\Users\\rlama\\OneDrive\\Desktop\\curfd-ai\\src\\components\\landing\\PromptBox.tsx","statementMap":{"0":{"start":{"line":7,"column":18},"end":{"line":168,"column":null}},"1":{"start":{"line":8,"column":26},"end":{"line":8,"column":null}},"2":{"start":{"line":9,"column":32},"end":{"line":9,"column":null}},"3":{"start":{"line":11,"column":22},"end":{"line":16,"column":null}},"4":{"start":{"line":18,"column":23},"end":{"line":29,"column":null}},"5":{"start":{"line":19,"column":4},"end":{"line":19,"column":null}},"6":{"start":{"line":19,"column":24},"end":{"line":19,"column":null}},"7":{"start":{"line":22,"column":4},"end":{"line":22,"column":null}},"8":{"start":{"line":23,"column":4},"end":{"line":28,"column":null}},"9":{"start":{"line":24,"column":6},"end":{"line":24,"column":null}},"10":{"start":{"line":27,"column":6},"end":{"line":27,"column":null}},"11":{"start":{"line":31,"column":25},"end":{"line":36,"column":null}},"12":{"start":{"line":32,"column":4},"end":{"line":35,"column":null}},"13":{"start":{"line":33,"column":6},"end":{"line":33,"column":null}},"14":{"start":{"line":34,"column":6},"end":{"line":34,"column":null}},"15":{"start":{"line":38,"column":2},"end":{"line":166,"column":null}},"16":{"start":{"line":79,"column":31},"end":{"line":79,"column":null}},"17":{"start":{"line":81,"column":29},"end":{"line":81,"column":null}},"18":{"start":{"line":82,"column":28},"end":{"line":82,"column":null}},"19":{"start":{"line":138,"column":14},"end":{"line":161,"column":null}},"20":{"start":{"line":140,"column":31},"end":{"line":140,"column":null}}},"fnMap":{"0":{"name":"(anonymous_0)","decl":{"start":{"line":7,"column":18},"end":{"line":7,"column":19}},"loc":{"start":{"line":7,"column":55},"end":{"line":168,"column":null}},"line":7},"1":{"name":"(anonymous_1)","decl":{"start":{"line":18,"column":23},"end":{"line":18,"column":29}},"loc":{"start":{"line":18,"column":29},"end":{"line":29,"column":null}},"line":18},"2":{"name":"(anonymous_2)","decl":{"start":{"line":31,"column":25},"end":{"line":31,"column":26}},"loc":{"start":{"line":31,"column":53},"end":{"line":36,"column":null}},"line":31},"3":{"name":"(anonymous_3)","decl":{"start":{"line":79,"column":24},"end":{"line":79,"column":25}},"loc":{"start":{"line":79,"column":31},"end":{"line":
[...]
:103}},"branchMap":{"0":{"loc":{"start":{"line":36,"column":4},"end":{"line":38,"column":null}},"type":"if","locations":[{"start":{"line":36,"column":4},"end":{"line":38,"column":null}},{"start":{},"end":{}}],"line":36},"1":{"loc":{"start":{"line":40,"column":4},"end":{"line":42,"column":null}},"type":"if","locations":[{"start":{"line":40,"column":4},"end":{"line":42,"column":null}},{"start":{},"end":{}}],"line":40},"2":{"loc":{"start":{"line":45,"column":4},"end":{"line":47,"column":null}},"type":"if","locations":[{"start":{"line":45,"column":4},"end":{"line":47,"column":null}},{"start":{},"end":{}}],"line":45},"3":{"loc":{"start":{"line":49,"column":4},"end":{"line":51,"column":null}},"type":"if","locations":[{"start":{"line":49,"column":4},"end":{"line":51,"column":null}},{"start":{},"end":{}}],"line":49},"4":{"loc":{"start":{"line":60,"column":4},"end":{"line":62,"column":null}},"type":"if","locations":[{"start":{"line":60,"column":4},"end":{"line":62,"column":null}},{"start":{},"end":{}}],"line":60},"5":{"loc":{"start":{"line":94,"column":10},"end":{"line":107,"column":null}},"type":"binary-expr","locations":[{"start":{"line":97,"column":12},"end":{"line":97,"column":21}},{"start":{"line":97,"column":21},"end":{"line":97,"column":null}},{"start":{"line":98,"column":12},"end":{"line":107,"column":null}}],"line":94},"6":{"loc":{"start":{"line":99,"column":15},"end":{"line":99,"column":null}},"type":"binary-expr","locations":[{"start":{"line":99,"column":15},"end":{"line":99,"column":24}},{"start":{"line":99,"column":24},"end":{"line":99,"column":null}}],"line":99},"7":{"loc":{"start":{"line":100,"column":15},"end":{"line":105,"column":null}},"type":"binary-expr","locations":[{"start":{"line":100,"column":15},"end":{"line":100,"column":null}},{"start":{"line":101,"column":16},"end":{"line":105,"column":null}}],"line":100}},"s":{"0":1,"1":7,"2":7,"3":7,"4":7,"5":7,"6":7,"7":4,"8":4,"9":7,"10":1,"11":1,"12":0,"13":1,"14":0,"15":1,"16":1,"17":1,"18":1,"19":1,"20":1,"21":1,"22":7,"23":1,"24":1,"25":1,"26":0,"27":0,"28":0,"29":0,"30":0,"31":0,"32":7,"33":4},"f":{"0":7,"1":4,"2":4,"3":1,"4":1,"5":4},"b":{"0":[0,1],"1":[0,1],"2":[1,0],"3":[1,0],"4":[1,0],"5":[7,7,1],"6":[1,0],"7":[1,1]},"meta":{"lastBranch":8,"lastFunction":6,"lastStatement":34,"seen":{"s:14:19:229:Infinity":0,"f:14:19:14:25":0,"s:15:8:15:Infinity":1,"s:16:24:16:Infinity":2,"s:17:30:22:Infinity":3,"s:23:32:23:Infinity":4,"s:24:46:24:Infinity":5,"s:26:23:31:Infinity":6,"f:26:23:26:24":1,"s:27:4:30:Infinity":7,"f:27:16:27:17":2,"s:27:27:30:6":8,"s:33:23:55:Infinity":9,"f:33:23:33:38":3,"s:34:29:34:Infinity":10,"b:36:4:38:Infinity:undefined:undefined:undefined:undefined":0,"s:36:4:38:Infinity":11,"s:37:6:37:Infinity":12,"b:40:4:42:Infinity:undefined:undefined:undefined:undefined":1,"s:40:4:42:Infinity":13,"s:41:6:41:Infinity":14,"s:44:10:44:Infinity":15,"b:45:4:47:Infinity:undefined:undefined:undefined:undefined":2,"s:45:4:47:Infinity":16,"s:46:6:46:Infinity":17,"b:49:4:51:Infinity:undefined:undefined:undefined:undefined":3,"s:49:4:51:Infinity":18,"s:50:6:50:Infinity":19,"s:53:4:53:Infinity":20,"s:54:4:54:Infinity":21,"s:57:23:73:Infinity":22,"f:57:23:57:30":4,"s:58:4:58:Infinity":23,"b:60:4:62:Infinity:undefined:undefined:undefined:undefined":4,"s:60:4:62:Infinity":24,"s:61:6:61:Infinity":25,"s:64:4:64:Infinity":26,"s:65:4:72:Infinity":27,"s:66:6:66:Infinity":28,"s:67:6:67:Infinity":29,"s:69:6:69:Infinity":30,"s:71:6:71:Infinity":31,"s:75:2:227:Infinity":32,"b:97:12:97:21:97:21:97:Infinity:98:12:107:Infinity":5,"b:99:15:99:24:99:24:99:Infinity":6,"b:100:15:100:Infinity:101:16:105:Infinity":7,"f:102:40:102:41":5,"s:103:20:103:Infinity":33}}}
,"C:\\Users\\rlama\\OneDrive\\Desktop\\curfd-ai\\src\\types\\api.type.ts": {"path":"C:\\Users\\rlama\\OneDrive\\Desktop\\curfd-ai\\src\\types\\api.type.ts","statementMap":{},"fnMap":{},"branchMap":{},"s":{},"f":{},"b":{},"meta":{"lastBranch":0,"lastFunction":0,"lastStatement":0,"seen":{}}}
,"C:\\Users\\rlama\\OneDrive\\Desktop\\curfd-ai\\src\\types\\global.d.ts": {"path":"C:\\Users\\rlama\\OneDrive\\Desktop\\curfd-ai\\src\\types\\global.d.ts","statementMap":{},"fnMap":{},"branchMap":{},"s":{},"f":{},"b":{},"meta":{"lastBranch":0,"lastFunction":0,"lastStatement":0,"seen":{}}}
,"C:\\Users\\rlama\\OneDrive\\Desktop\\curfd-ai\\src\\utils\\formatters.ts": {"path":"C:\\Users\\rlama\\OneDrive\\Desktop\\curfd-ai\\src\\utils\\formatters.ts","statementMap":{"0":{"start":{"line":1,"column":26},"end":{"line":8,"column":null}},"1":{"start":{"line":2,"column":12},"end":{"line":2,"column":null}},"2":{"start":{"line":3,"column":2},"end":{"line":7,"column":null}},"3":{"start":{"line":10,"column":26},"end":{"line":16,"column":null}},"4":{"start":{"line":11,"column":12},"end":{"line":11,"column":null}},"5":{"start":{"line":12,"column":2},"end":{"line":15,"column":null}},"6":{"start":{"line":18,"column":28},"end":{"line":20,"column":null}},"7":{"start":{"line":19,"column":2},"end":{"line":19,"column":null}},"8":{"start":{"line":22,"column":32},"end":{"line":24,"column":null}},"9":{"start":{"line":23,"column":2},"end":{"line":23,"column":null}},"10":{"start":{"line":26,"column":32},"end":{"line":28,"column":null}},"11":{"start":{"line":27,"column":2},"end":{"line":27,"column":null}},"12":{"start":{"line":30,"column":30},"end":{"line":41,"column":null}},"13":{"start":{"line":31,"column":16},"end":{"line":31,"column":null}},"14":{"start":{"line":32,"column":13},"end":{"line":32,"column":null}},"15":{"start":{"line":33,"column":18},"end":{"line":33,"column":null}},"16":{"start":{"line":35,"column":2},"end":{"line":38,"column":null}},"17":{"start":{"line":36,"column":4},"end":{"line":36,"column":null}},"18":{"start":{"line":37,"column":4},"end":{"line":37,"column":null}},"19":{"start":{"line":40,"column":2},"end":{"line":40,"column":null}},"20":{"start":{"line":43,"column":28},"end":{"line":45,"column":null}},"21":{"start":{"line":44,"column":2},"end":{"line":44,"column":null}},"22":{"start":{"line":47,"column":18},"end":{"line":49,"column":null}},"23":{"start":{"line":48,"column":2},"end":{"line":48,"column":null}},"24":{"start":{"line":51,"column":35},"end":{"line":66,"column":null}},"25":{"start":{"line":52,"column":12},"end":{"line":52,"column":null}},"26":{"start":{"line":53,"column":14},"end":{"line":53,"column":null}},"27":{"start":{"line":54,"column":17},"end":{"line":54,"column":null}},"28":{"start":{"line":55,"column":19},"end":{"line":55,"column":null}},"29":{"start":{"line":56,"column":19},"end":{"line":56,"column":null}},"30":{"start":{"line":57,"column":20},"end":{"line":57,"column":null}},"31":{"start":{"line":58,"column":19},"end":{"line":58,"column":null}},"32":{"start":{"line":60,"column":2},"end":{"line":60,"column":null}},"33":{"start":{"line":60,"column":21},"end":{"line":60,"column":null}},"34":{"start":{"line":61,"column":2},"end":{"line":61,"column":null}},"35":{"start":{"line":61,"column":21},"end":{"line":61,"column":null}},"36":{"start":{"line":62,"column":2},"end":{"line":62,"column":null}},"37":{"start":{"line":62,"column":22},"end":{"line":62,"column":null}},"38":{"start":{"line":63,"column":2},"end":{"line":63,"column":null}},"39":{"start":{"line":63,"column":20},"end":{"line":63,"column":null}},"40":{"start":{"line":65,"column":2},"end":{"line":65,"column":null}}},"fnMap":{"0":{"name":"(anonymous_0)","decl":{"start":{"line":1,"column":26},"end":{"line":1,"column":27}},"loc":{"start":{"line":1,"column":59},"end":{"line":8,"column":null}},"line":1},"1":{"name":"(anonymous_1)","decl":{"start":{"line":10,"column":26},"end":{"line":10,"column":27}},"loc":{"start":{"line":10,"column":59},"end":{"line":16,"column":null}},"line":10},"2":{"name":"(anonymous_2)","decl":{"start":{"line":18,"column":28},"end":{"line":18,"column":29}},"loc":{"start":{"line":18,"column":75},"end":{"line":20,"column":null}},"line":18},"3":{"name":"(anonymous_3)","decl":{"start":{"line":22,"column":32},"end":{"line":22,"column":33}},"loc":{"start":{"line":22,"column":57},"end":{"line":24,"column":null}},"line":22},"4":{"name":"(anonymous_4)","decl":{"start":{"line":26,"column":32},"end":{"line":26,"column":33}},"loc":{"start":{"line":26,"column":74},"end":{"line":28,"column":null}},"line":26},"5":{"name":"(anonymous_5)","decl":{"start":{"line":30,"column":30},"end":{"line":30,"column":31}},"loc":{"start":{"line":30,"column":57},"end":{"line":41,"column":null}},"line":30},"6":{"name":"(anonymous_6)","decl":{"start":{"line":43,"column":28},"end":{"line":43,"column":29}},"loc":{"start":{"line":43,"column":73},"end":{"line":45,"column":null}},"line":43},"7":{"name":"(anonymous_7)","decl":{"start":{"line":47,"column":18},"end":{"line":47,"column":22}},"loc":{"start":{"line":47,"column":81},"end":{"line":49,"column":null}},"line":47},"8":{"name":"(anonymous_8)","decl":{"start":{"line":51,"column":35},"end":{"line":51,"column":36}},"loc":{"start":{"line":51,"column":68},"end":{"line":66,"column":null}},"line":51}},"branchMap":{"0":{"loc":{"start":{"line":2,"column":12},"end":{"line":2,"column":null}},"type":"cond-expr","locations":[{"start":{"line":2,"column":39},"end":{"line":2,"column":56}},{"start":{"line":2,"column":56},"end":{"line":2,"column":null}}],"line":2},"1":{"loc":{"start":{"line":11,"column":12},"end":{"line":11,"column":null}},"type":"cond-expr","locations":[{"start":{"line":11,"column":39},"end":{"line":11,"column":56}},{"start":{"line":11,"column":56},"end":{"line":11,"column":null}}],"line":11},"2":{"loc":{"start":{"line":18,"column":42},"end":{"line":18,"column":75}},"type":"default-arg","locations":[{"start":{"line":18,"column":61},"end":{"line":18,"column":75}}],"line":18},"3":{"loc":{"start":{"line":35,"column":9},"end":{"line":35,"column":55}},"type":"binary-expr","locations":[{"start":{"line":35,"column":9},"end":{"line":35,"column":25}},{"start":{"line":35,"column":25},"end":{"line":35,"column":55}}],"line":35},"4":{"loc":{"start":{"line":44,"column":9},"end":{"line":44,"column":null}},"type":"cond-expr","locations":[{"start":{"line":44,"column":35},"end":{"line":44,"column":74}},{"start":{"line":44,"column":74},"end":{"line":44,"column":null}}],"line":44},"5":{"loc":{"start":{"line":52,"column":12},"end":{"line":52,"column":null}},"type":"cond-expr","locations":[{"start":{"line":52,"column":39},"end":{"line":52,"column":56}},{"start":{"line":52,"column":56},"end":{"line":52,"column":null}}],"line":52},"6":{"loc":{"start":{"line":60,"column":2},"end":{"line":60,"column":null}},"type":"if","locations":[{"start":{"line":60,"column":2},"end":{"line":60,"column":null}},{"start":{},"end":{}}],"line":60},"7":{"loc":{"start":{"line":61,"column":2},"end":{"line":61,"column":null}},"type":"if","locations":[{"start":{"line":61,"column":2},"end":{"line":61,"column":null}},{"start":{},"end":{}}],"line":61},"8":{"loc":{"start":{"line":62,"column":2},"end":{"line":62,"column":null}},"type":"if","locations":[{"start":{"line":62,"column":2},"end":{"line":62,"column":null}},{"start":{},"end":{}}],"line":62},"9":{"loc":{"start":{"line":63,"column":2},"end":{"line":63,"column":null}},"type":"if","locations":[{"start":{"line":63,"column":2},"end":{"line":63,"column":null}},{"start":{},"end":{}}],"line":63}},"s":{"0":2,"1":3,"2":3,"3":2,"4":1,"5":1,"6":2,"7":2,"8":2,"9":1,"10":2,"11":1,"12":2,"13":4,"14":4,"15":4,"16":4,"17":6,"18":6,"19":4,"20":2,"21":2,"22":2,"23":41,"24":2,"25":5,"26":5,"27":5,"28":5,"29":5,"30":5,"31":5,"32":5,"33":1,"34":4,"35":4,"36":3,"37":3,"38":2,"39":2,"40":1},"f":{"0":3,"1":1,"2":2,"3":1,"4":1,"5":4,"6":2,"7":41,"8":5},"b":{"0":[1,2],"1":[0,1],"2":[2],"3":[4,6],"4":[1,1],"5":[0,5],"6":[1,4],"7":[1,3],"8":[1,2],"9":[1,1]},"meta":{"lastBranch":10,"lastFunction":9,"lastStatement":41,"seen":{"s:1:26:8:Infinity":0,"f:1:26:1:27":0,"s:2:12:2:Infinity":1,"b:2:39:2:56:2:56:2:Infinity":0,"s:3:2:7:Infinity":2,"s:10:26:16:Infinity":3,"f:10:26:10:27":1,"s:11:12:11:Infinity":4,"b:11:39:11:56:11:56:11:Infinity":1,"s:12:2:15:Infinity":5,"s:18:28:20:Infinity":6,"f:18:28:18:29":2,"b:18:61:18:75":2,"s:19:2:19:Infinity":7,"s:22:32:24:Infinity":8,"f:22:32:22:33":3,"s:23:2:23:Infinity":9,"s:26:32:28:Infinity":10,"f:26:32:26:33":4,"s:27:2:27:Infinity":11,"s:30:30:41:Infinity":12,"f:30:30:30:31":5,"s:31:16:31:Infinity":13,"s:32:13:32:Infinity":14,"s:33:18:33:Infinity":15,"s:35:2:38:Infinity":16,"b:35:9:35:25:35:25:35:55":3,"s:36:4:36:Infinity":17,"s:37:4:37:Infinity":18,"s:40:2:40:Infinity":19,"s:43:28:45:Infinity":20,"f:43:28:43:29":6,"s:44:2:44:Infinity":21,"b:44:35:44:74:44:74:44:Infinity":4,"s:47:18:49:Infinity":22,"f:47:18:47:22":7,"s:48:2:48:Infinity":23,"s:51:35:66:Infinity":24,"f:51:35:51:36":8,"s:52:12:52:Infinity":25,"b:52:39:52:56:52:56:52:Infinity":5,"s:53:14:53:Infinity":26,"s:54:17:54:Infinity":27,"s:55:19:55:Infinity":28,"s:56:19:56:Infinity":29,"s:57:20:57:Infinity":30,"s:58:19:58:Infinity":31,"b:60:2:60:Infinity:undefined:undefined:undefined:undefined":6,"s:60:2:60:Infinity":32,"s:60:21:60:Infinity":33,"b:61:2:61:Infinity:undefined:undefined:undefined:undefined":7,"s:61:2:61:Infinity":34,"s:61:21:61:Infinity":35,"b:62:2:62:Infinity:undefined:undefined:undefined:undefined":8,"s:62:2:62:Infinity":36,"s:62:22:62:Infinity":37,"b:63:2:63:Infinity:undefined:undefined:undefined:undefined":9,"s:63:2:63:Infinity":38,"s:63:20:63:Infinity":39,"s:65:2:65:Infinity":40}}}
,"C:\\Users\\rlama\\OneDrive\\Desktop\\curfd-ai\\src\\utils\\validators.ts": {"path":"C:\\Users\\rlama\\OneDrive\\Desktop\\curfd-ai\\src\\utils\\validators.ts","statementMap":{"0":{"start":{"line":1,"column":29},"end":{"line":4,"column":null}},"1":{"start":{"line":2,"column":21},"end":{"line":2,"column":null}},"2":{"start":{"line":3,"column":2},"end":{"line":3,"column":null}},"3":{"start":{"line":6,"column":32},"end":{"line":29,"column":null}},"4":{"start":{"line":10,"column":27},"end":{"line":10,"column":null}},"5":{"start":{"line":12,"column":2},"end":{"line":14,"column":null}},"6":{"start":{"line":13,"column":4},"end":{"line":13,"column":null}},"7":{"start":{"line":15,"column":2},"end":{"line":17,"column":null}},"8":{"start":{"line":16,"column":4},"end":{"line":16,"column":null}},"9":{"start":{"line":18,"column":2},"end":{"line":20,"column":null}},"10":{"start":{"line":19,"column":4},"end":{"line":19,"column":null}},"11":{"start":{"line":21,"column":2},"end":{"line":23,"column":null}},"12":{"start":{"line":22,"column":4},"end":{"line":22,"column":null}},"13":{"start":{"line":25,"column":2},"end":{"line":28,"column":null}},"14":{"start":{"line":31,"column":28},"end":{"line":33,"column":null}},"15":{"start":{"line":32,"column":2},"end":{"line":32,"column":null}},"16":{"start":{"line":35,"column":30},"end":{"line":44,"column":null}},"17":{"start":{"line":40,"column":2},"end":{"line":40,"column":null}},"18":{"start":{"line":40,"column":20},"end":{"line":40,"column":null}},"19":{"start":{"line":41,"column":2},"end":{"line":41,"column":null}},"20":{"start":{"line":41,"column":40},"end":{"line":41,"column":null}},"21":{"start":{"line":42,"column":2},"end":{"line":42,"column":null}},"22":{"start":{"line":42,"column":40},"end":{"line":42,"column":null}},"23":{"start":{"line":43,"column":2},"end":{"line":43,"column":null}},"24":{"start":{"line":46,"column":29},"end":{"line":48,"column":null}},"25":{"start":{"line":47,"column":2},"end":{"line":47,"column":null}}},"fnMap":{"0":{"name":"(anonymous_0)","decl":{"start":{"line":1,"column":29},"end":{"line":1,"column":30}},"loc":{"start":{"line":1,"column":57},"end":{"line":4,"column":null}},"line":1},"1":{"name":"(anonymous_1)","decl":{"start":{"line":6,"column":32},"end":{"line":6,"column":33}},"loc":{"start":{"line":9,"column":5},"end":{"line":29,"column":null}},"line":9},"2":{"name":"(anonymous_2)","decl":{"start":{"line":31,"column":28},"end":{"line":31,"column":29}},"loc":{"start":{"line":31,"column":55},"end":{"line":33,"column":null}},"line":31},"3":{"name":"(anonymous_3)","decl":{"start":{"line":35,"column":30},"end":{"line":35,"column":null}},"loc":{"start":{"line":39,"column":14},"end":{"line":44,"column":null}},"line":39},"4":{"name":"(anonymous_4)","decl":{"start":{"line":46,"column":29},"end":{"line":46,"column":30}},"loc":{"start":{"line":46,"column":56},"end":{"line":48,"column":null}},"line":46}},"branchMap":{"0":{"loc":{"start":{"line":12,"column":2},"end":{"line":14,"column":null}},"type":"if","locations":[{"start":{"line":12,"column":2},"end":{"line":14,"column":null}},{"start":{},"end":{}}],"line":12},"1":{"loc":{"start":{"line":15,"column":2},"end":{"line":17,"column":null}},"type":"if","locations":[{"start":{"line":15,"column":2},"end":{"line":17,"column":null}},{"start":{},"end":{}}],"line":15},"2":{"loc":{"start":{"line":18,"column":2},"end":{"line":20,"column":null}},"type":"if","locations":[{"start":{"line":18,"column":2},"end":{"line":20,"column":null}},{"start":{},"end":{}}],"line":18},"3":{"loc":{"start":{"line":21,"column":2},"end":{"line":23,"column":null}},"type":"if","locations":[{"start":{"line":21,"column":2},"end":{"line":23,"column":null}},{"start":{},"end":{}}],"line":21},"4":{"loc":{"start":{"line":32,"column":9},"end":{"line":32,"column":null}},"type":"binary-expr","locations":[{"start":{"line":32,"column":9},"end":{"line":32,"column":36}},{"start":{"line":32,"column":36},"end":{"line":32,"column":null}}],"line":32},"5":{"loc":{"start":{"line":40,"column":2},"end":{"line":40,"column":null}},"type":"if","locations":[{"start":{"line":40,"column":2},"end":{"line":40,"column":null}},{"start":{},"end":{}}],"line":40},"6":{"loc":{"start":{"line":41,"column":2},"end":{"line":41,"column":null}},"type":"if","locations":[{"start":{"line":41,"column":2},"end":{"line":41,"column":null}},{"start":{},"end":{}}],"line":41},"7":{"loc":{"start":{"line":41,"column":6},"end":{"line":41,"column":40}},"type":"binary-expr","locations":[{"start":{"line":41,"column":6},"end":{"line":41,"column":27}},{"start":{"line":41,"column":27},"end":{"line":41,"column":40}}],"line":41},"8":{"loc":{"start":{"line":42,"column":2},"end":{"line":42,"column":null}},"type":"if","locations":[{"start":{"line":42,"column":2},"end":{"line":42,"column":null}},{"start":{},"end":{}}],"line":42},"9":{"loc":{"start":{"line":42,"column":6},"end":{"line":42,"column":40}},"type":"binary-expr","locations":[{"start":{"line":42,"column":6},"end":{"line":42,"column":27}},{"start":{"line":42,"column":27},"end":{"line":42,"column":40}}],"line":42}},"s":{"0":2,"1":8,"2":8,"3":2,"4":6,"5":6,"6":2,"7":6,"8":2,"9":6,"10":2,"11":6,"12":1,"13":6,"14":2,"15":4,"16":2,"17":4,"18":1,"19":3,"20":1,"21":2,"22":1,"23":1,"24":2,"25":1},"f":{"0":8,"1":6,"2":4,"3":4,"4":1},"b":{"0":[2,4],"1":[2,4],"2":[2,4],"3":[1,5],"4":[4,3],"5":[1,3],"6":[1,2],"7":[3,3],"8":[1,1],"9":[2,2]},"meta":{"lastBranch":10,"lastFunction":5,"lastStatement":26,"seen":{"s:1:29:4:Infinity":0,"f:1:29:1:30":0,"s:2:21:2:Infinity":1,"s:3:2:3:Infinity":2,"s:6:32:29:Infinity":3,"f:6:32:6:33":1,"s:10:27:10:Infinity":4,"b:12:2:14:Infinity:undefined:undefined:undefined:undefined":0,"s:12:2:14:Infinity":5,"s:13:4:13:Infinity":6,"b:15:2:17:Infinity:undefined:undefined:undefined:undefined":1,"s:15:2:17:Infinity":7,"s:16:4:16:Infinity":8,"b:18:2:20:Infinity:undefined:undefined:undefined:undefined":2,"s:18:2:20:Infinity":9,"s:19:4:19:Infinity":10,"b:21:2:23:Infinity:undefined:undefined:undefined:undefined":3,"s:21:2:23:Infinity":11,"s:22:4:22:Infinity":12,"s:25:2:28:Infinity":13,"s:31:28:33:Infinity":14,"f:31:28:31:29":2,"s:32:2:32:Infinity":15,"b:32:9:32:36:32:36:32:Infinity":4,"s:35:30:44:Infinity":16,"f:35:30:35:Infinity":3,"b:40:2:40:Infinity:undefined:undefined:undefined:undefined":5,"s:40:2:40:Infinity":17,"s:40:20:40:Infinity":18,"b:41:2:41:Infinity:undefined:undefined:undefined:undefined":6,"s:41:2:41:Infinity":19,"b:41:6:41:27:41:27:41:40":7,"s:41:40:41:Infinity":20,"b:42:2:42:Infinity:undefined:undefined:undefined:undefined":8,"s:42:2:42:Infinity":21,"b:42:6:42:27:42:27:42:40":9,"s:42:40:42:Infinity":22,"s:43:2:43:Infinity":23,"s:46:29:48:Infinity":24,"f:46:29:46:30":4,"s:47:2:47:Infinity":25}}}
}
