TN:
SF:src\App.tsx
FN:11,(anonymous_0)
FN:19,(anonymous_1)
FN:28,App
FN:31,(anonymous_3)
FNF:4
FNH:0
FNDA:0,(anonymous_0)
FNDA:0,(anonymous_1)
FNDA:0,App
FNDA:0,(anonymous_3)
DA:11,0
DA:12,0
DA:14,0
DA:16,0
DA:19,0
DA:20,0
DA:22,0
DA:23,0
DA:25,0
DA:29,0
DA:31,0
DA:32,0
DA:35,0
LF:13
LH:0
BRDA:14,0,0,0
BRDA:14,0,1,0
BRDA:16,1,0,0
BRDA:16,1,1,0
BRDA:22,2,0,0
BRDA:22,2,1,0
BRDA:23,3,0,0
BRDA:23,3,1,0
BRF:8
BRH:0
end_of_record
TN:
SF:src\components\auth\AuthModal.tsx
FN:6,(anonymous_0)
FN:34,(anonymous_1)
FN:53,(anonymous_2)
FN:62,(anonymous_3)
FN:86,(anonymous_4)
FN:140,(anonymous_5)
FN:148,(anonymous_6)
FN:177,(anonymous_7)
FN:197,(anonymous_8)
FN:216,(anonymous_9)
FNF:10
FNH:3
FNDA:1,(anonymous_0)
FNDA:3,(anonymous_1)
FNDA:3,(anonymous_2)
FNDA:0,(anonymous_3)
FNDA:0,(anonymous_4)
FNDA:0,(anonymous_5)
FNDA:0,(anonymous_6)
FNDA:0,(anonymous_7)
FNDA:0,(anonymous_8)
FNDA:0,(anonymous_9)
DA:6,1
DA:7,1
DA:34,1
DA:35,3
DA:40,3
DA:42,3
DA:51,3
DA:53,3
DA:54,3
DA:55,0
DA:56,0
DA:60,3
DA:62,1
DA:63,0
DA:64,0
DA:66,0
DA:67,0
DA:68,0
DA:72,0
DA:74,0
DA:77,0
DA:80,0
DA:86,1
DA:87,0
DA:88,0
DA:89,0
DA:91,0
DA:95,1
DA:140,0
DA:148,0
DA:178,0
DA:198,0
DA:217,0
LF:33
LH:13
BRDA:54,0,0,0
BRDA:54,0,1,3
BRDA:60,1,0,2
BRDA:60,1,1,1
BRDA:67,2,0,0
BRDA:67,2,1,0
BRDA:68,3,0,0
BRDA:68,3,1,0
BRDA:69,4,0,0
BRDA:69,4,1,0
BRDA:81,5,0,0
BRDA:81,5,1,0
BRDA:121,6,0,0
BRDA:121,6,1,1
BRDA:124,7,0,0
BRDA:124,7,1,1
BRDA:128,8,0,3
BRDA:128,8,1,1
BRDA:128,8,2,0
BRDA:133,9,0,0
BRDA:133,9,1,0
BRDA:167,10,0,3
BRDA:167,10,1,1
BRDA:233,11,0,1
BRDA:233,11,1,0
BRDA:238,12,0,0
BRDA:238,12,1,0
BRDA:248,13,0,0
BRDA:248,13,1,1
BRDA:256,14,0,0
BRDA:256,14,1,1
BRF:31
BRH:12
end_of_record
TN:
SF:src\components\common\Button.tsx
FN:12,(anonymous_0)
FNF:1
FNH:1
FNDA:13,(anonymous_0)
DA:12,1
DA:23,13
DA:25,13
DA:36,13
DA:42,13
LF:5
LH:5
BRDA:13,0,0,13
BRDA:14,1,0,13
BRDA:15,2,0,13
BRDA:45,3,0,13
BRDA:45,3,1,13
BRDA:50,4,0,13
BRDA:50,4,1,1
BRDA:74,5,0,13
BRDA:74,5,1,12
BRDA:74,5,2,0
BRF:10
BRH:9
end_of_record
TN:
SF:src\components\common\Card.tsx
FN:11,(anonymous_0)
FN:54,(anonymous_1)
FN:68,(anonymous_2)
FN:82,(anonymous_3)
FNF:4
FNH:2
FNDA:13,(anonymous_0)
FNDA:0,(anonymous_1)
FNDA:0,(anonymous_2)
FNDA:13,(anonymous_3)
DA:11,1
DA:19,13
DA:26,13
DA:32,13
DA:54,1
DA:58,0
DA:68,1
DA:72,0
DA:82,1
DA:85,13
LF:10
LH:8
BRDA:13,0,0,13
BRDA:14,1,0,13
BRDA:15,2,0,13
BRDA:37,3,0,13
BRDA:37,3,1,0
BRF:5
BRH:4
end_of_record
TN:
SF:src\components\common\ConfirmDialog.tsx
FN:14,ConfirmDialog
FNF:1
FNH:0
FNDA:0,ConfirmDialog
DA:24,0
DA:26,0
DA:53,0
DA:55,0
LF:4
LH:0
BRDA:18,0,0,0
BRDA:19,1,0,0
BRDA:22,2,0,0
BRDA:24,3,0,0
BRDA:24,3,1,0
BRF:5
BRH:0
end_of_record
TN:
SF:src\components\common\EmptyState.tsx
FN:13,EmptyState
FNF:1
FNH:0
FNDA:0,EmptyState
DA:14,0
LF:1
LH:0
BRDA:24,0,0,0
BRDA:24,0,1,0
BRF:2
BRH:0
end_of_record
TN:
SF:src\components\common\ErrorBoundary.tsx
FN:16,(anonymous_0)
FN:25,(anonymous_1)
FN:33,(anonymous_2)
FN:45,(anonymous_3)
FN:53,(anonymous_4)
FN:99,(anonymous_5)
FNF:6
FNH:0
FNDA:0,(anonymous_0)
FNDA:0,(anonymous_1)
FNDA:0,(anonymous_2)
FNDA:0,(anonymous_3)
FNDA:0,(anonymous_4)
FNDA:0,(anonymous_5)
DA:17,0
DA:18,0
DA:26,0
DA:34,0
DA:36,0
DA:45,0
DA:46,0
DA:54,0
DA:55,0
DA:56,0
DA:59,0
DA:99,0
DA:110,0
LF:13
LH:0
BRDA:54,0,0,0
BRDA:54,0,1,0
BRDA:55,1,0,0
BRDA:55,1,1,0
BRDA:72,2,0,0
BRDA:72,2,1,0
BRDA:77,3,0,0
BRDA:77,3,1,0
BRF:8
BRH:0
end_of_record
TN:
SF:src\components\common\FileUpload.tsx
FN:13,(anonymous_0)
FN:29,(anonymous_1)
FN:53,(anonymous_2)
FN:68,(anonymous_3)
FN:76,(anonymous_4)
FN:83,(anonymous_5)
FN:99,(anonymous_6)
FN:108,(anonymous_7)
FN:127,(anonymous_8)
FN:134,(anonymous_9)
FN:175,(anonymous_10)
FNF:11
FNH:0
FNDA:0,(anonymous_0)
FNDA:0,(anonymous_1)
FNDA:0,(anonymous_2)
FNDA:0,(anonymous_3)
FNDA:0,(anonymous_4)
FNDA:0,(anonymous_5)
FNDA:0,(anonymous_6)
FNDA:0,(anonymous_7)
FNDA:0,(anonymous_8)
FNDA:0,(anonymous_9)
FNDA:0,(anonymous_10)
DA:13,0
DA:21,0
DA:22,0
DA:23,0
DA:24,0
DA:25,0
DA:26,0
DA:28,0
DA:31,0
DA:32,0
DA:39,0
DA:40,0
DA:41,0
DA:47,0
DA:52,0
DA:54,0
DA:56,0
DA:57,0
DA:58,0
DA:61,0
DA:62,0
DA:63,0
DA:68,0
DA:69,0
DA:70,0
DA:71,0
DA:72,0
DA:76,0
DA:77,0
DA:78,0
DA:79,0
DA:82,0
DA:84,0
DA:85,0
DA:86,0
DA:88,0
DA:90,0
DA:91,0
DA:92,0
DA:98,0
DA:100,0
DA:101,0
DA:102,0
DA:108,0
DA:109,0
DA:111,0
DA:112,0
DA:113,0
DA:115,0
DA:116,0
DA:117,0
DA:118,0
DA:120,0
DA:121,0
DA:123,0
DA:127,0
DA:128,0
DA:129,0
DA:130,0
DA:131,0
DA:134,0
DA:135,0
DA:136,0
DA:137,0
DA:140,0
DA:176,0
LF:66
LH:0
BRDA:14,0,0,0
BRDA:15,1,0,0
BRDA:18,2,0,0
BRDA:19,3,0,0
BRDA:31,4,0,0
BRDA:31,4,1,0
BRDA:40,5,0,0
BRDA:40,5,1,0
BRDA:56,6,0,0
BRDA:56,6,1,0
BRDA:57,7,0,0
BRDA:57,7,1,0
BRDA:71,8,0,0
BRDA:71,8,1,0
BRDA:88,9,0,0
BRDA:88,9,1,0
BRDA:91,10,0,0
BRDA:91,10,1,0
BRDA:101,11,0,0
BRDA:101,11,1,0
BRDA:101,12,0,0
BRDA:101,12,1,0
BRDA:109,13,0,0
BRDA:109,13,1,0
BRDA:109,14,0,0
BRDA:109,14,1,0
BRDA:120,15,0,0
BRDA:120,15,1,0
BRDA:135,16,0,0
BRDA:135,16,1,0
BRDA:136,17,0,0
BRDA:136,17,1,0
BRDA:149,18,0,0
BRDA:149,18,1,0
BRDA:150,19,0,0
BRDA:150,19,1,0
BRDA:167,20,0,0
BRDA:167,20,1,0
BRDA:189,21,0,0
BRDA:189,21,1,0
BRDA:206,22,0,0
BRDA:206,22,1,0
BRDA:206,22,2,0
BRDA:217,23,0,0
BRDA:217,23,1,0
BRDA:233,24,0,0
BRDA:233,24,1,0
BRDA:241,25,0,0
BRDA:241,25,1,0
BRDA:249,26,0,0
BRDA:249,26,1,0
BRDA:252,27,0,0
BRDA:252,27,1,0
BRDA:255,28,0,0
BRDA:255,28,1,0
BRF:55
BRH:0
end_of_record
TN:
SF:src\components\common\Header.tsx
FN:10,(anonymous_0)
FN:35,(anonymous_1)
FN:49,(anonymous_2)
FN:66,(anonymous_3)
FNF:4
FNH:0
FNDA:0,(anonymous_0)
FNDA:0,(anonymous_1)
FNDA:0,(anonymous_2)
FNDA:0,(anonymous_3)
DA:10,0
DA:15,0
DA:35,0
DA:36,0
DA:49,0
DA:50,0
DA:66,0
DA:67,0
LF:8
LH:0
BRDA:13,0,0,0
BRDA:19,1,0,0
BRDA:19,1,1,0
BRDA:55,2,0,0
BRDA:55,2,1,0
BRF:5
BRH:0
end_of_record
TN:
SF:src\components\common\Loader.tsx
FN:9,(anonymous_0)
FN:34,(anonymous_1)
FN:43,(anonymous_2)
FN:51,(anonymous_3)
FN:64,(anonymous_4)
FNF:5
FNH:0
FNDA:0,(anonymous_0)
FNDA:0,(anonymous_1)
FNDA:0,(anonymous_2)
FNDA:0,(anonymous_3)
FNDA:0,(anonymous_4)
DA:9,0
DA:10,0
DA:16,0
DA:34,0
DA:35,0
DA:43,0
DA:44,0
DA:51,0
DA:52,0
DA:64,0
DA:65,0
LF:11
LH:0
BRDA:9,0,0,0
BRDA:29,1,0,0
BRDA:29,1,1,0
BRDA:38,2,0,0
BRDA:38,2,1,0
BRF:5
BRH:0
end_of_record
TN:
SF:src\components\common\ResizablePanels.tsx
FN:15,(anonymous_0)
FN:26,(anonymous_1)
FN:36,(anonymous_2)
FN:42,(anonymous_3)
FN:48,(anonymous_4)
FN:73,(anonymous_5)
FN:77,(anonymous_6)
FN:81,(anonymous_7)
FN:89,(anonymous_8)
FN:124,(anonymous_9)
FN:125,(anonymous_10)
FNF:11
FNH:5
FNDA:4,(anonymous_0)
FNDA:4,(anonymous_1)
FNDA:4,(anonymous_2)
FNDA:0,(anonymous_3)
FNDA:0,(anonymous_4)
FNDA:0,(anonymous_5)
FNDA:0,(anonymous_6)
FNDA:4,(anonymous_7)
FNDA:4,(anonymous_8)
FNDA:0,(anonymous_9)
FNDA:0,(anonymous_10)
DA:15,1
DA:25,4
DA:26,4
DA:27,4
DA:28,4
DA:29,4
DA:31,4
DA:33,4
DA:34,4
DA:36,4
DA:37,4
DA:38,4
DA:42,4
DA:43,0
DA:44,0
DA:47,4
DA:49,0
DA:51,0
DA:52,0
DA:53,0
DA:54,0
DA:56,0
DA:59,0
DA:60,0
DA:61,0
DA:63,0
DA:68,0
DA:73,4
DA:74,0
DA:77,4
DA:78,0
DA:81,4
DA:82,4
DA:83,0
DA:84,0
DA:85,0
DA:86,0
DA:89,4
DA:90,4
DA:91,4
DA:92,4
DA:93,4
DA:97,4
DA:124,0
DA:125,0
LF:45
LH:24
BRDA:18,0,0,4
BRDA:19,1,0,4
BRDA:20,2,0,4
BRDA:21,3,0,4
BRDA:22,4,0,4
BRDA:23,5,0,4
BRDA:27,6,0,4
BRDA:27,6,1,0
BRDA:27,7,0,4
BRDA:27,7,1,4
BRDA:29,8,0,0
BRDA:29,8,1,4
BRDA:37,9,0,4
BRDA:37,9,1,0
BRDA:49,10,0,0
BRDA:49,10,1,0
BRDA:49,11,0,0
BRDA:49,11,1,0
BRDA:82,12,0,0
BRDA:82,12,1,4
BRDA:100,13,0,4
BRDA:100,13,1,3
BRDA:118,14,0,0
BRDA:118,14,1,3
BRDA:118,15,0,3
BRDA:118,15,1,3
BRDA:130,16,0,0
BRDA:130,16,1,3
BRDA:130,17,0,3
BRDA:130,17,1,3
BRDA:137,18,0,0
BRDA:137,18,1,3
BRDA:137,19,0,3
BRDA:137,19,1,3
BRF:34
BRH:23
end_of_record
TN:
SF:src\components\common\StatusBar.tsx
FN:11,(anonymous_0)
FN:70,(anonymous_1)
FN:71,(anonymous_2)
FN:98,(anonymous_3)
FN:101,(anonymous_4)
FNF:5
FNH:1
FNDA:1,(anonymous_0)
FNDA:0,(anonymous_1)
FNDA:0,(anonymous_2)
FNDA:0,(anonymous_3)
FNDA:0,(anonymous_4)
DA:11,1
DA:12,1
DA:14,1
DA:70,0
DA:71,0
DA:98,1
DA:99,0
DA:102,0
LF:8
LH:4
BRDA:18,0,0,0
BRDA:18,0,1,1
BRDA:30,1,0,0
BRDA:30,1,1,0
BRDA:56,2,0,1
BRDA:56,2,1,0
BRDA:57,3,0,0
BRDA:57,3,1,0
BRDA:59,4,0,1
BRDA:59,4,1,0
BRDA:60,5,0,0
BRDA:60,5,1,0
BRDA:78,6,0,1
BRDA:78,6,1,0
BRDA:106,7,0,0
BRDA:106,7,1,0
BRF:16
BRH:4
end_of_record
TN:
SF:src\components\landing\Footer.tsx
FN:3,(anonymous_0)
FN:58,(anonymous_1)
FN:80,(anonymous_2)
FN:97,(anonymous_3)
FN:114,(anonymous_4)
FN:131,(anonymous_5)
FNF:6
FNH:6
FNDA:3,(anonymous_0)
FNDA:12,(anonymous_1)
FNDA:12,(anonymous_2)
FNDA:12,(anonymous_3)
FNDA:12,(anonymous_4)
FNDA:12,(anonymous_5)
DA:3,1
DA:4,3
DA:31,3
DA:38,3
DA:59,12
DA:60,12
DA:81,12
DA:98,12
DA:115,12
DA:132,12
LF:10
LH:10
BRF:0
BRH:0
end_of_record
TN:
SF:src\components\landing\Hero.tsx
FN:7,(anonymous_0)
FN:44,(anonymous_1)
FN:77,(anonymous_2)
FN:99,(anonymous_3)
FNF:4
FNH:2
FNDA:3,(anonymous_0)
FNDA:0,(anonymous_1)
FNDA:0,(anonymous_2)
FNDA:9,(anonymous_3)
DA:7,1
DA:8,3
DA:45,0
DA:46,0
DA:47,0
DA:48,0
DA:49,0
DA:77,0
DA:99,1
DA:100,9
LF:10
LH:4
BRDA:47,0,0,0
BRDA:47,0,1,0
BRF:2
BRH:0
end_of_record
TN:
SF:src\components\landing\Navbar.tsx
FN:8,(anonymous_0)
FN:32,(anonymous_1)
FN:47,(anonymous_2)
FN:53,(anonymous_3)
FN:62,(anonymous_4)
FN:74,(anonymous_5)
FN:78,(anonymous_6)
FN:86,(anonymous_7)
FN:95,(anonymous_8)
FNF:9
FNH:2
FNDA:3,(anonymous_0)
FNDA:12,(anonymous_1)
FNDA:0,(anonymous_2)
FNDA:0,(anonymous_3)
FNDA:0,(anonymous_4)
FNDA:0,(anonymous_5)
FNDA:0,(anonymous_6)
FNDA:0,(anonymous_7)
FNDA:0,(anonymous_8)
DA:8,1
DA:9,3
DA:11,3
DA:18,3
DA:33,12
DA:47,0
DA:53,0
DA:62,0
DA:75,0
DA:78,0
DA:87,0
DA:88,0
DA:96,0
DA:97,0
LF:14
LH:5
BRDA:66,0,0,0
BRDA:66,0,1,3
BRDA:71,1,0,3
BRDA:71,1,1,0
BRF:4
BRH:2
end_of_record
TN:
SF:src\components\landing\PromptBox.tsx
FN:7,(anonymous_0)
FN:18,(anonymous_1)
FN:31,(anonymous_2)
FN:79,(anonymous_3)
FN:81,(anonymous_4)
FN:82,(anonymous_5)
FN:137,(anonymous_6)
FN:140,(anonymous_7)
FNF:8
FNH:2
FNDA:3,(anonymous_0)
FNDA:0,(anonymous_1)
FNDA:0,(anonymous_2)
FNDA:0,(anonymous_3)
FNDA:0,(anonymous_4)
FNDA:0,(anonymous_5)
FNDA:12,(anonymous_6)
FNDA:0,(anonymous_7)
DA:7,1
DA:8,3
DA:9,3
DA:11,3
DA:18,3
DA:19,0
DA:22,0
DA:23,0
DA:24,0
DA:27,0
DA:31,3
DA:32,0
DA:33,0
DA:34,0
DA:38,3
DA:79,0
DA:81,0
DA:82,0
DA:138,12
DA:140,0
LF:20
LH:8
BRDA:19,0,0,0
BRDA:19,0,1,0
BRDA:23,1,0,0
BRDA:23,1,1,0
BRDA:32,2,0,0
BRDA:32,2,1,0
BRDA:32,3,0,0
BRDA:32,3,1,0
BRDA:43,4,0,0
BRDA:43,4,1,3
BRDA:51,5,0,0
BRDA:51,5,1,3
BRDA:93,6,0,0
BRDA:93,6,1,3
BRDA:100,7,0,0
BRDA:100,7,1,3
BRDA:117,8,0,3
BRDA:117,8,1,0
BRDA:131,9,0,3
BRDA:131,9,1,3
BRDA:131,9,2,3
BRF:21
BRH:8
end_of_record
TN:
SF:src\components\landing\ShowcaseGrid.tsx
FN:54,(anonymous_0)
FN:82,(anonymous_1)
FNF:2
FNH:0
FNDA:0,(anonymous_0)
FNDA:0,(anonymous_1)
DA:9,0
DA:54,0
DA:55,0
DA:83,0
LF:4
LH:0
BRF:0
BRH:0
end_of_record
TN:
SF:src\hooks\useAbortController.ts
FN:6,useAbortController
FN:9,(anonymous_1)
FN:11,(anonymous_2)
FN:16,(anonymous_3)
FN:18,(anonymous_4)
FN:23,(anonymous_5)
FNF:6
FNH:0
FNDA:0,useAbortController
FNDA:0,(anonymous_1)
FNDA:0,(anonymous_2)
FNDA:0,(anonymous_3)
FNDA:0,(anonymous_4)
FNDA:0,(anonymous_5)
DA:7,0
DA:9,0
DA:10,0
DA:11,0
DA:12,0
DA:16,0
DA:18,0
DA:19,0
DA:20,0
DA:23,0
DA:25,0
LF:11
LH:0
BRDA:23,0,0,0
BRDA:23,0,1,0
BRF:2
BRH:0
end_of_record
TN:
SF:src\hooks\useApi.ts
FN:8,(anonymous_0)
FN:14,(anonymous_1)
FN:30,(anonymous_2)
FN:68,(anonymous_3)
FN:75,(anonymous_4)
FN:82,(anonymous_5)
FN:89,(anonymous_6)
FNF:7
FNH:0
FNDA:0,(anonymous_0)
FNDA:0,(anonymous_1)
FNDA:0,(anonymous_2)
FNDA:0,(anonymous_3)
FNDA:0,(anonymous_4)
FNDA:0,(anonymous_5)
FNDA:0,(anonymous_6)
DA:8,0
DA:9,0
DA:10,0
DA:11,0
DA:13,0
DA:15,0
DA:16,0
DA:18,0
DA:19,0
DA:20,0
DA:22,0
DA:28,0
DA:29,0
DA:30,0
DA:31,0
DA:35,0
DA:41,0
DA:43,0
DA:44,0
DA:47,0
DA:48,0
DA:54,0
DA:55,0
DA:56,0
DA:61,0
DA:67,0
DA:69,0
DA:74,0
DA:76,0
DA:81,0
DA:83,0
DA:88,0
DA:90,0
DA:95,0
LF:34
LH:0
BRDA:14,0,0,0
BRDA:20,1,0,0
BRDA:20,1,1,0
BRDA:24,2,0,0
BRDA:24,2,1,0
BRDA:29,3,0,0
BRDA:29,3,1,0
BRDA:36,4,0,0
BRDA:36,4,1,0
BRDA:38,5,0,0
BRDA:38,5,1,0
BRDA:43,6,0,0
BRDA:43,6,1,0
BRDA:44,7,0,0
BRDA:44,7,1,0
BRDA:54,8,0,0
BRDA:54,8,1,0
BRF:17
BRH:0
end_of_record
TN:
SF:src\hooks\useAuth.ts
FN:3,(anonymous_0)
FNF:1
FNH:0
FNDA:0,(anonymous_0)
DA:3,0
DA:4,0
DA:6,0
LF:3
LH:0
BRF:0
BRH:0
end_of_record
TN:
SF:src\hooks\useKeyboardShortcuts.ts
FN:17,(anonymous_0)
FN:18,(anonymous_1)
FN:41,(anonymous_2)
FN:43,(anonymous_3)
FN:50,(anonymous_4)
FNF:5
FNH:0
FNDA:0,(anonymous_0)
FNDA:0,(anonymous_1)
FNDA:0,(anonymous_2)
FNDA:0,(anonymous_3)
FNDA:0,(anonymous_4)
DA:17,0
DA:18,0
DA:19,0
DA:22,0
DA:23,0
DA:24,0
DA:27,0
DA:28,0
DA:29,0
DA:30,0
DA:31,0
DA:33,0
DA:34,0
DA:35,0
DA:36,0
DA:41,0
DA:42,0
DA:43,0
DA:46,0
DA:50,0
DA:57,0
DA:59,0
DA:60,0
DA:68,0
DA:69,0
DA:77,0
DA:78,0
DA:86,0
DA:87,0
DA:96,0
LF:30
LH:0
BRDA:17,0,0,0
BRDA:19,1,0,0
BRDA:19,1,1,0
BRDA:23,2,0,0
BRDA:23,2,1,0
BRDA:23,3,0,0
BRDA:23,3,1,0
BRDA:23,3,2,0
BRDA:28,4,0,0
BRDA:28,4,1,0
BRDA:28,5,0,0
BRDA:28,5,1,0
BRDA:29,6,0,0
BRDA:29,6,1,0
BRDA:30,7,0,0
BRDA:30,7,1,0
BRDA:33,8,0,0
BRDA:33,8,1,0
BRDA:33,9,0,0
BRDA:33,9,1,0
BRDA:33,9,2,0
BRDA:33,9,3,0
BRDA:59,10,0,0
BRDA:59,10,1,0
BRDA:68,11,0,0
BRDA:68,11,1,0
BRDA:77,12,0,0
BRDA:77,12,1,0
BRDA:86,13,0,0
BRDA:86,13,1,0
BRF:30
BRH:0
end_of_record
TN:
SF:src\lib\auth.ts
FN:16,(anonymous_0)
FN:23,(anonymous_1)
FN:68,(anonymous_2)
FN:82,(anonymous_3)
FN:129,(anonymous_4)
FN:174,(anonymous_5)
FN:178,(anonymous_6)
FN:191,(anonymous_7)
FN:196,(anonymous_8)
FN:202,(anonymous_9)
FNF:10
FNH:1
FNDA:1,(anonymous_0)
FNDA:0,(anonymous_1)
FNDA:0,(anonymous_2)
FNDA:0,(anonymous_3)
FNDA:0,(anonymous_4)
FNDA:0,(anonymous_5)
FNDA:0,(anonymous_6)
FNDA:0,(anonymous_7)
FNDA:0,(anonymous_8)
FNDA:0,(anonymous_9)
DA:16,1
DA:24,0
DA:25,0
DA:27,0
DA:29,0
DA:30,0
DA:31,0
DA:35,0
DA:36,0
DA:37,0
DA:39,0
DA:42,0
DA:43,0
DA:44,0
DA:45,0
DA:46,0
DA:47,0
DA:50,0
DA:53,0
DA:54,0
DA:55,0
DA:56,0
DA:59,0
DA:62,0
DA:63,0
DA:69,0
DA:75,0
DA:76,0
DA:78,0
DA:83,0
DA:84,0
DA:86,0
DA:88,0
DA:90,0
DA:93,0
DA:96,0
DA:97,0
DA:99,0
DA:102,0
DA:103,0
DA:104,0
DA:106,0
DA:107,0
DA:108,0
DA:109,0
DA:112,0
DA:115,0
DA:116,0
DA:117,0
DA:118,0
DA:119,0
DA:120,0
DA:121,0
DA:123,0
DA:124,0
DA:130,0
DA:131,0
DA:133,0
DA:141,0
DA:142,0
DA:144,0
DA:145,0
DA:148,0
DA:149,0
DA:150,0
DA:152,0
DA:153,0
DA:154,0
DA:155,0
DA:158,0
DA:160,0
DA:161,0
DA:162,0
DA:163,0
DA:164,0
DA:165,0
DA:166,0
DA:168,0
DA:169,0
DA:175,0
DA:176,0
DA:178,0
DA:182,0
DA:185,0
DA:186,0
DA:192,0
DA:193,0
DA:196,0
DA:197,0
DA:198,0
DA:202,0
DA:203,0
DA:206,0
LF:93
LH:1
BRDA:27,0,0,0
BRDA:27,0,1,0
BRDA:30,1,0,0
BRDA:30,1,1,0
BRDA:44,2,0,0
BRDA:44,2,1,0
BRDA:45,3,0,0
BRDA:45,3,1,0
BRDA:106,4,0,0
BRDA:106,4,1,0
BRDA:107,5,0,0
BRDA:107,5,1,0
BRDA:116,6,0,0
BRDA:116,6,1,0
BRDA:119,7,0,0
BRDA:119,7,1,0
BRDA:119,8,0,0
BRDA:119,8,1,0
BRDA:120,9,0,0
BRDA:120,9,1,0
BRDA:152,10,0,0
BRDA:152,10,1,0
BRDA:153,11,0,0
BRDA:153,11,1,0
BRDA:161,12,0,0
BRDA:161,12,1,0
BRDA:164,13,0,0
BRDA:164,13,1,0
BRDA:164,14,0,0
BRDA:164,14,1,0
BRDA:165,15,0,0
BRDA:165,15,1,0
BRDA:185,16,0,0
BRDA:185,16,1,0
BRF:34
BRH:0
end_of_record
TN:
SF:src\lib\constants.ts
FNF:0
FNH:0
DA:1,4
DA:8,4
DA:18,4
DA:25,4
DA:32,4
DA:39,4
DA:47,4
DA:55,4
DA:63,4
DA:72,4
DA:86,4
DA:93,4
LF:12
LH:12
BRDA:5,0,0,4
BRDA:5,0,1,0
BRF:2
BRH:1
end_of_record
TN:
SF:src\lib\api\chat.ts
FN:56,(anonymous_0)
FN:63,(anonymous_1)
FN:102,(anonymous_2)
FN:129,(anonymous_3)
FN:139,(anonymous_4)
FN:146,(anonymous_5)
FN:153,(anonymous_6)
FN:163,(anonymous_7)
FNF:8
FNH:0
FNDA:0,(anonymous_0)
FNDA:0,(anonymous_1)
FNDA:0,(anonymous_2)
FNDA:0,(anonymous_3)
FNDA:0,(anonymous_4)
FNDA:0,(anonymous_5)
FNDA:0,(anonymous_6)
FNDA:0,(anonymous_7)
DA:52,0
DA:57,0
DA:69,0
DA:70,0
DA:72,0
DA:73,0
DA:82,0
DA:83,0
DA:86,0
DA:87,0
DA:89,0
DA:90,0
DA:93,0
DA:94,0
DA:96,0
DA:97,0
DA:98,0
DA:101,0
DA:102,0
DA:104,0
DA:105,0
DA:106,0
DA:107,0
DA:108,0
DA:109,0
DA:112,0
DA:113,0
DA:114,0
DA:116,0
DA:122,0
DA:133,0
DA:140,0
DA:147,0
DA:157,0
DA:167,0
LF:35
LH:0
BRDA:69,0,0,0
BRDA:69,0,1,0
BRDA:77,1,0,0
BRDA:77,1,1,0
BRDA:82,2,0,0
BRDA:82,2,1,0
BRDA:89,3,0,0
BRDA:89,3,1,0
BRDA:96,4,0,0
BRDA:96,4,1,0
BRDA:105,5,0,0
BRDA:105,5,1,0
BRDA:107,6,0,0
BRDA:107,6,1,0
BRDA:122,7,0,0
BRDA:122,7,1,0
BRF:16
BRH:0
end_of_record
TN:
SF:src\lib\api\client.ts
FN:16,(anonymous_0)
FN:23,(anonymous_1)
FN:27,(anonymous_2)
FN:37,(anonymous_3)
FNF:4
FNH:0
FNDA:0,(anonymous_0)
FNDA:0,(anonymous_1)
FNDA:0,(anonymous_2)
FNDA:0,(anonymous_3)
DA:5,3
DA:7,3
DA:15,3
DA:17,0
DA:18,0
DA:19,0
DA:21,0
DA:23,0
DA:26,3
DA:28,0
DA:29,0
DA:31,0
DA:32,0
DA:35,0
DA:38,0
DA:39,0
DA:40,0
DA:41,0
DA:42,0
DA:46,0
DA:47,0
DA:48,0
DA:51,0
LF:23
LH:4
BRDA:5,0,0,3
BRDA:5,0,1,0
BRDA:18,1,0,0
BRDA:18,1,1,0
BRDA:18,2,0,0
BRDA:18,2,1,0
BRDA:31,3,0,0
BRDA:31,3,1,0
BRDA:38,4,0,0
BRDA:38,4,1,0
BRDA:41,5,0,0
BRDA:41,5,1,0
BRDA:46,6,0,0
BRDA:46,6,1,0
BRF:14
BRH:1
end_of_record
TN:
SF:src\lib\api\models.ts
FN:88,(anonymous_0)
FN:102,(anonymous_1)
FN:119,(anonymous_2)
FN:126,(anonymous_3)
FN:133,(anonymous_4)
FN:143,(anonymous_5)
FN:150,(anonymous_6)
FN:160,(anonymous_7)
FN:167,(anonymous_8)
FN:176,(anonymous_9)
FN:183,(anonymous_10)
FN:199,(anonymous_11)
FNF:12
FNH:0
FNDA:0,(anonymous_0)
FNDA:0,(anonymous_1)
FNDA:0,(anonymous_2)
FNDA:0,(anonymous_3)
FNDA:0,(anonymous_4)
FNDA:0,(anonymous_5)
FNDA:0,(anonymous_6)
FNDA:0,(anonymous_7)
FNDA:0,(anonymous_8)
FNDA:0,(anonymous_9)
FNDA:0,(anonymous_10)
FNDA:0,(anonymous_11)
DA:84,0
DA:92,0
DA:113,0
DA:120,0
DA:127,0
DA:137,0
DA:144,0
DA:154,0
DA:161,0
DA:170,0
DA:177,0
DA:193,0
DA:200,0
DA:201,0
DA:202,0
DA:205,0
DA:206,0
DA:214,0
DA:215,0
DA:216,0
DA:223,0
LF:21
LH:0
BRDA:205,0,0,0
BRDA:205,0,1,0
BRDA:215,1,0,0
BRDA:215,1,1,0
BRF:4
BRH:0
end_of_record
TN:
SF:src\lib\api\simulation.ts
FN:94,(anonymous_0)
FN:104,(anonymous_1)
FN:111,(anonymous_2)
FN:118,(anonymous_3)
FN:125,(anonymous_4)
FN:137,(anonymous_5)
FN:144,(anonymous_6)
FN:157,(anonymous_7)
FN:192,(anonymous_8)
FN:202,(anonymous_9)
FN:207,(anonymous_10)
FN:216,(anonymous_11)
FN:221,(anonymous_12)
FN:227,(anonymous_13)
FN:236,(anonymous_14)
FN:244,(anonymous_15)
FN:251,(anonymous_16)
FNF:17
FNH:0
FNDA:0,(anonymous_0)
FNDA:0,(anonymous_1)
FNDA:0,(anonymous_2)
FNDA:0,(anonymous_3)
FNDA:0,(anonymous_4)
FNDA:0,(anonymous_5)
FNDA:0,(anonymous_6)
FNDA:0,(anonymous_7)
FNDA:0,(anonymous_8)
FNDA:0,(anonymous_9)
FNDA:0,(anonymous_10)
FNDA:0,(anonymous_11)
FNDA:0,(anonymous_12)
FNDA:0,(anonymous_13)
FNDA:0,(anonymous_14)
FNDA:0,(anonymous_15)
FNDA:0,(anonymous_16)
DA:90,0
DA:95,0
DA:105,0
DA:112,0
DA:119,0
DA:131,0
DA:138,0
DA:151,0
DA:158,0
DA:160,0
DA:161,0
DA:164,0
DA:165,0
DA:168,0
DA:169,0
DA:172,0
DA:173,0
DA:176,0
DA:187,0
DA:188,0
DA:189,0
DA:190,0
DA:197,0
DA:198,0
DA:200,0
DA:202,0
DA:203,0
DA:204,0
DA:207,0
DA:208,0
DA:209,0
DA:210,0
DA:212,0
DA:216,0
DA:217,0
DA:218,0
DA:221,0
DA:222,0
DA:223,0
DA:232,0
DA:233,0
DA:234,0
DA:236,0
DA:237,0
DA:240,0
DA:245,0
DA:246,0
DA:247,0
DA:252,0
LF:49
LH:0
BRDA:160,0,0,0
BRDA:160,0,1,0
BRDA:164,1,0,0
BRDA:164,1,1,0
BRDA:168,2,0,0
BRDA:168,2,1,0
BRDA:168,3,0,0
BRDA:168,3,1,0
BRDA:172,4,0,0
BRDA:172,4,1,0
BRDA:172,5,0,0
BRDA:172,5,1,0
BRDA:197,6,0,0
BRDA:197,6,1,0
BRDA:232,7,0,0
BRDA:232,7,1,0
BRDA:245,8,0,0
BRDA:245,8,1,0
BRF:18
BRH:0
end_of_record
TN:
SF:src\modules\ai\components\ChatInterface.tsx
FN:27,(anonymous_0)
FN:37,(anonymous_1)
FN:61,(anonymous_2)
FN:66,(anonymous_3)
FN:76,(anonymous_4)
FN:93,(anonymous_5)
FN:94,(anonymous_6)
FN:95,(anonymous_7)
FN:97,(anonymous_8)
FN:98,(anonymous_9)
FN:106,(anonymous_10)
FN:111,(anonymous_11)
FN:117,(anonymous_12)
FN:131,(anonymous_13)
FN:136,(anonymous_14)
FN:137,(anonymous_15)
FN:152,(anonymous_16)
FN:175,(anonymous_17)
FN:184,(anonymous_18)
FN:197,(anonymous_19)
FN:211,(anonymous_20)
FN:232,(anonymous_21)
FN:257,(anonymous_22)
FN:260,(anonymous_23)
FN:296,(anonymous_24)
FN:318,(anonymous_25)
FN:347,(anonymous_26)
FN:439,(anonymous_27)
FNF:28
FNH:0
FNDA:0,(anonymous_0)
FNDA:0,(anonymous_1)
FNDA:0,(anonymous_2)
FNDA:0,(anonymous_3)
FNDA:0,(anonymous_4)
FNDA:0,(anonymous_5)
FNDA:0,(anonymous_6)
FNDA:0,(anonymous_7)
FNDA:0,(anonymous_8)
FNDA:0,(anonymous_9)
FNDA:0,(anonymous_10)
FNDA:0,(anonymous_11)
FNDA:0,(anonymous_12)
FNDA:0,(anonymous_13)
FNDA:0,(anonymous_14)
FNDA:0,(anonymous_15)
FNDA:0,(anonymous_16)
FNDA:0,(anonymous_17)
FNDA:0,(anonymous_18)
FNDA:0,(anonymous_19)
FNDA:0,(anonymous_20)
FNDA:0,(anonymous_21)
FNDA:0,(anonymous_22)
FNDA:0,(anonymous_23)
FNDA:0,(anonymous_24)
FNDA:0,(anonymous_25)
FNDA:0,(anonymous_26)
FNDA:0,(anonymous_27)
DA:27,0
DA:28,0
DA:33,0
DA:36,0
DA:50,0
DA:52,0
DA:53,0
DA:54,0
DA:56,0
DA:57,0
DA:58,0
DA:61,0
DA:62,0
DA:65,0
DA:67,0
DA:68,0
DA:70,0
DA:75,0
DA:77,0
DA:90,0
DA:93,0
DA:95,0
DA:97,0
DA:98,0
DA:102,0
DA:103,0
DA:107,0
DA:111,0
DA:113,0
DA:114,0
DA:117,0
DA:118,0
DA:120,0
DA:121,0
DA:122,0
DA:123,0
DA:128,0
DA:131,0
DA:132,0
DA:136,0
DA:137,0
DA:138,0
DA:139,0
DA:151,0
DA:153,0
DA:156,0
DA:163,0
DA:164,0
DA:170,0
DA:175,0
DA:177,0
DA:178,0
DA:179,0
DA:180,0
DA:183,0
DA:185,0
DA:186,0
DA:191,0
DA:197,0
DA:211,0
DA:233,0
DA:258,0
DA:260,0
DA:297,0
DA:298,0
DA:318,0
DA:348,0
DA:439,0
DA:465,0
LF:69
LH:0
BRDA:33,0,0,0
BRDA:33,0,1,0
BRDA:67,1,0,0
BRDA:67,1,1,0
BRDA:102,2,0,0
BRDA:102,2,1,0
BRDA:113,3,0,0
BRDA:113,3,1,0
BRDA:113,4,0,0
BRDA:113,4,1,0
BRDA:118,5,0,0
BRDA:118,5,1,0
BRDA:118,5,2,0
BRDA:121,6,0,0
BRDA:121,6,1,0
BRDA:121,7,0,0
BRDA:121,7,1,0
BRDA:128,8,0,0
BRDA:128,8,1,0
BRDA:138,9,0,0
BRDA:138,9,1,0
BRDA:138,10,0,0
BRDA:138,10,1,0
BRDA:138,10,2,0
BRDA:153,11,0,0
BRDA:153,11,1,0
BRDA:163,12,0,0
BRDA:163,12,1,0
BRDA:192,13,0,0
BRDA:192,13,1,0
BRDA:194,14,0,0
BRDA:194,14,1,0
BRDA:204,15,0,0
BRDA:204,15,1,0
BRDA:230,16,0,0
BRDA:230,16,1,0
BRDA:240,17,0,0
BRDA:240,17,1,0
BRDA:247,18,0,0
BRDA:247,18,1,0
BRDA:262,19,0,0
BRDA:262,19,1,0
BRDA:270,20,0,0
BRDA:270,20,1,0
BRDA:279,21,0,0
BRDA:279,21,1,0
BRDA:280,22,0,0
BRDA:280,22,1,0
BRDA:286,23,0,0
BRDA:286,23,1,0
BRDA:325,24,0,0
BRDA:325,24,1,0
BRDA:328,25,0,0
BRDA:328,25,1,0
BRDA:345,26,0,0
BRDA:345,26,1,0
BRDA:360,27,0,0
BRDA:360,27,1,0
BRDA:387,28,0,0
BRDA:387,28,1,0
BRDA:407,29,0,0
BRDA:407,29,1,0
BRDA:407,30,0,0
BRDA:407,30,1,0
BRDA:417,31,0,0
BRDA:417,31,1,0
BRDA:417,32,0,0
BRDA:417,32,1,0
BRDA:426,33,0,0
BRDA:426,33,1,0
BRF:70
BRH:0
end_of_record
TN:
SF:src\modules\ai\components\ConversationSidebar.tsx
FN:15,(anonymous_0)
FN:31,(anonymous_1)
FN:102,(anonymous_2)
FN:108,(anonymous_3)
FN:113,(anonymous_4)
FN:118,(anonymous_5)
FN:119,(anonymous_6)
FN:138,(anonymous_7)
FN:144,(anonymous_8)
FNF:9
FNH:0
FNDA:0,(anonymous_0)
FNDA:0,(anonymous_1)
FNDA:0,(anonymous_2)
FNDA:0,(anonymous_3)
FNDA:0,(anonymous_4)
FNDA:0,(anonymous_5)
FNDA:0,(anonymous_6)
FNDA:0,(anonymous_7)
FNDA:0,(anonymous_8)
DA:15,0
DA:16,0
DA:17,0
DA:18,0
DA:19,0
DA:20,0
DA:21,0
DA:23,0
DA:25,0
DA:26,0
DA:27,0
DA:28,0
DA:31,0
DA:40,0
DA:42,0
DA:103,0
DA:104,0
DA:105,0
DA:106,0
DA:109,0
DA:114,0
DA:118,0
DA:119,0
DA:138,0
DA:144,0
DA:145,0
DA:146,0
DA:149,0
LF:28
LH:0
BRDA:25,0,0,0
BRDA:25,0,1,0
BRDA:26,1,0,0
BRDA:26,1,1,0
BRDA:27,2,0,0
BRDA:27,2,1,0
BRDA:40,3,0,0
BRDA:40,3,1,0
BRDA:91,4,0,0
BRDA:91,4,1,0
BRDA:103,5,0,0
BRDA:103,5,1,0
BRDA:104,6,0,0
BRDA:104,6,1,0
BRDA:155,7,0,0
BRDA:155,7,1,0
BRDA:165,8,0,0
BRDA:165,8,1,0
BRF:18
BRH:0
end_of_record
TN:
SF:src\modules\ai\components\MessageInput.tsx
FN:9,(anonymous_0)
FN:17,(anonymous_1)
FN:24,(anonymous_2)
FN:31,(anonymous_3)
FN:39,(anonymous_4)
FN:43,(anonymous_5)
FN:75,(anonymous_6)
FN:77,(anonymous_7)
FN:78,(anonymous_8)
FNF:9
FNH:0
FNDA:0,(anonymous_0)
FNDA:0,(anonymous_1)
FNDA:0,(anonymous_2)
FNDA:0,(anonymous_3)
FNDA:0,(anonymous_4)
FNDA:0,(anonymous_5)
FNDA:0,(anonymous_6)
FNDA:0,(anonymous_7)
FNDA:0,(anonymous_8)
DA:9,0
DA:13,0
DA:14,0
DA:15,0
DA:17,0
DA:18,0
DA:19,0
DA:20,0
DA:24,0
DA:25,0
DA:26,0
DA:27,0
DA:31,0
DA:32,0
DA:33,0
DA:34,0
DA:35,0
DA:39,0
DA:40,0
DA:43,0
DA:44,0
DA:45,0
DA:49,0
DA:75,0
DA:77,0
DA:78,0
LF:26
LH:0
BRDA:11,0,0,0
BRDA:18,1,0,0
BRDA:18,1,1,0
BRDA:18,2,0,0
BRDA:18,2,1,0
BRDA:25,3,0,0
BRDA:25,3,1,0
BRDA:25,4,0,0
BRDA:25,4,1,0
BRDA:33,5,0,0
BRDA:33,5,1,0
BRDA:44,6,0,0
BRDA:44,6,1,0
BRDA:44,7,0,0
BRDA:44,7,1,0
BRDA:67,8,0,0
BRDA:67,8,1,0
BRDA:90,9,0,0
BRDA:90,9,1,0
BRDA:110,10,0,0
BRDA:110,10,1,0
BRDA:121,11,0,0
BRDA:121,11,1,0
BRF:23
BRH:0
end_of_record
TN:
SF:src\modules\ai\components\MessageList.tsx
FN:6,(anonymous_0)
FN:10,(anonymous_1)
FN:22,(anonymous_2)
FN:31,(anonymous_3)
FN:41,(anonymous_4)
FN:44,(anonymous_5)
FN:60,(anonymous_6)
FN:122,(anonymous_7)
FN:136,(anonymous_8)
FN:210,(anonymous_9)
FN:213,(anonymous_10)
FNF:11
FNH:0
FNDA:0,(anonymous_0)
FNDA:0,(anonymous_1)
FNDA:0,(anonymous_2)
FNDA:0,(anonymous_3)
FNDA:0,(anonymous_4)
FNDA:0,(anonymous_5)
FNDA:0,(anonymous_6)
FNDA:0,(anonymous_7)
FNDA:0,(anonymous_8)
FNDA:0,(anonymous_9)
FNDA:0,(anonymous_10)
DA:6,0
DA:7,0
DA:8,0
DA:10,0
DA:12,0
DA:14,0
DA:15,0
DA:16,0
DA:19,0
DA:20,0
DA:22,0
DA:23,0
DA:24,0
DA:25,0
DA:26,0
DA:27,0
DA:31,0
DA:34,0
DA:41,0
DA:42,0
DA:45,0
DA:60,0
DA:61,0
DA:63,0
DA:122,0
DA:127,0
DA:128,0
DA:130,0
DA:138,0
DA:139,0
DA:140,0
DA:153,0
DA:154,0
DA:158,0
DA:165,0
DA:166,0
DA:167,0
DA:178,0
DA:179,0
DA:180,0
DA:181,0
DA:198,0
DA:210,0
DA:211,0
DA:213,0
DA:215,0
DA:216,0
DA:226,0
DA:227,0
DA:240,0
LF:50
LH:0
BRDA:14,0,0,0
BRDA:14,0,1,0
BRDA:25,1,0,0
BRDA:25,1,1,0
BRDA:46,2,0,0
BRDA:46,2,1,0
BRDA:66,3,0,0
BRDA:66,3,1,0
BRDA:72,4,0,0
BRDA:72,4,1,0
BRDA:77,5,0,0
BRDA:77,5,1,0
BRDA:86,6,0,0
BRDA:86,6,1,0
BRDA:88,7,0,0
BRDA:88,7,1,0
BRDA:95,8,0,0
BRDA:95,8,1,0
BRDA:101,9,0,0
BRDA:101,9,1,0
BRDA:113,10,0,0
BRDA:113,10,1,0
BRDA:113,10,2,0
BRDA:133,11,0,0
BRDA:133,11,1,0
BRDA:138,12,0,0
BRDA:138,12,1,0
BRDA:138,13,0,0
BRDA:138,13,1,0
BRDA:144,14,0,0
BRDA:144,14,1,0
BRDA:153,15,0,0
BRDA:153,15,1,0
BRDA:158,16,0,0
BRDA:158,16,1,0
BRDA:159,17,0,0
BRDA:159,17,1,0
BRDA:159,17,2,0
BRDA:159,17,3,0
BRDA:159,17,4,0
BRDA:169,18,0,0
BRDA:169,18,1,0
BRDA:178,19,0,0
BRDA:178,19,1,0
BRDA:185,20,0,0
BRDA:185,20,1,0
BRDA:198,21,0,0
BRDA:198,21,1,0
BRDA:215,22,0,0
BRDA:215,22,1,0
BRDA:215,23,0,0
BRDA:215,23,1,0
BRDA:219,24,0,0
BRDA:219,24,1,0
BRDA:226,25,0,0
BRDA:226,25,1,0
BRDA:226,26,0,0
BRDA:226,26,1,0
BRDA:231,27,0,0
BRDA:231,27,1,0
BRF:60
BRH:0
end_of_record
TN:
SF:src\modules\ai\components\SuggestionChips.tsx
FN:8,(anonymous_0)
FN:12,(anonymous_1)
FN:34,(anonymous_2)
FN:40,(anonymous_3)
FNF:4
FNH:0
FNDA:0,(anonymous_0)
FNDA:0,(anonymous_1)
FNDA:0,(anonymous_2)
FNDA:0,(anonymous_3)
DA:8,0
DA:12,0
DA:13,0
DA:14,0
DA:15,0
DA:16,0
DA:17,0
DA:20,0
DA:35,0
DA:37,0
DA:40,0
LF:11
LH:0
BRDA:14,0,0,0
BRDA:14,0,1,0
BRDA:14,1,0,0
BRDA:14,1,1,0
BRDA:15,2,0,0
BRDA:15,2,1,0
BRDA:15,3,0,0
BRDA:15,3,1,0
BRDA:16,4,0,0
BRDA:16,4,1,0
BRDA:16,5,0,0
BRDA:16,5,1,0
BRF:12
BRH:0
end_of_record
TN:
SF:src\modules\ai\hooks\useChat.ts
FN:22,(anonymous_0)
FN:41,(anonymous_1)
FN:47,(anonymous_2)
FN:93,(anonymous_3)
FN:214,(anonymous_4)
FN:245,(anonymous_5)
FN:293,(anonymous_6)
FN:326,(anonymous_7)
FN:332,(anonymous_8)
FN:347,(anonymous_9)
FNF:10
FNH:0
FNDA:0,(anonymous_0)
FNDA:0,(anonymous_1)
FNDA:0,(anonymous_2)
FNDA:0,(anonymous_3)
FNDA:0,(anonymous_4)
FNDA:0,(anonymous_5)
FNDA:0,(anonymous_6)
FNDA:0,(anonymous_7)
FNDA:0,(anonymous_8)
FNDA:0,(anonymous_9)
DA:22,0
DA:36,0
DA:37,0
DA:38,0
DA:41,0
DA:42,0
DA:45,0
DA:47,0
DA:48,0
DA:50,0
DA:52,0
DA:53,0
DA:54,0
DA:55,0
DA:57,0
DA:59,0
DA:62,0
DA:63,0
DA:66,0
DA:67,0
DA:73,0
DA:74,0
DA:78,0
DA:79,0
DA:80,0
DA:81,0
DA:83,0
DA:85,0
DA:86,0
DA:87,0
DA:89,0
DA:90,0
DA:91,0
DA:92,0
DA:93,0
DA:96,0
DA:97,0
DA:98,0
DA:101,0
DA:102,0
DA:103,0
DA:104,0
DA:105,0
DA:108,0
DA:109,0
DA:111,0
DA:112,0
DA:113,0
DA:115,0
DA:116,0
DA:119,0
DA:120,0
DA:122,0
DA:123,0
DA:126,0
DA:127,0
DA:131,0
DA:132,0
DA:133,0
DA:137,0
DA:138,0
DA:144,0
DA:147,0
DA:149,0
DA:151,0
DA:152,0
DA:158,0
DA:159,0
DA:163,0
DA:164,0
DA:165,0
DA:166,0
DA:167,0
DA:169,0
DA:170,0
DA:172,0
DA:173,0
DA:175,0
DA:176,0
DA:177,0
DA:179,0
DA:182,0
DA:183,0
DA:185,0
DA:186,0
DA:189,0
DA:190,0
DA:192,0
DA:195,0
DA:196,0
DA:197,0
DA:199,0
DA:200,0
DA:202,0
DA:203,0
DA:204,0
DA:208,0
DA:213,0
DA:215,0
DA:217,0
DA:218,0
DA:220,0
DA:222,0
DA:223,0
DA:226,0
DA:227,0
DA:228,0
DA:233,0
DA:241,0
DA:242,0
DA:245,0
DA:249,0
DA:253,0
DA:254,0
DA:255,0
DA:256,0
DA:261,0
DA:264,0
DA:271,0
DA:275,0
DA:282,0
DA:284,0
DA:285,0
DA:286,0
DA:292,0
DA:294,0
DA:296,0
DA:297,0
DA:298,0
DA:300,0
DA:313,0
DA:314,0
DA:316,0
DA:317,0
DA:320,0
DA:326,0
DA:327,0
DA:328,0
DA:332,0
DA:333,0
DA:334,0
DA:335,0
DA:336,0
DA:339,0
DA:348,0
DA:349,0
LF:146
LH:0
BRDA:23,0,0,0
BRDA:42,1,0,0
BRDA:42,1,1,0
BRDA:45,2,0,0
BRDA:45,2,1,0
BRDA:48,3,0,0
BRDA:48,3,1,0
BRDA:50,4,0,0
BRDA:50,4,1,0
BRDA:50,4,2,0
BRDA:50,4,3,0
BRDA:50,4,4,0
BRDA:50,4,5,0
BRDA:53,5,0,0
BRDA:53,5,1,0
BRDA:54,6,0,0
BRDA:54,6,1,0
BRDA:62,7,0,0
BRDA:62,7,1,0
BRDA:66,8,0,0
BRDA:66,8,1,0
BRDA:68,9,0,0
BRDA:68,9,1,0
BRDA:69,10,0,0
BRDA:69,10,1,0
BRDA:70,11,0,0
BRDA:70,11,1,0
BRDA:78,12,0,0
BRDA:78,12,1,0
BRDA:79,13,0,0
BRDA:79,13,1,0
BRDA:81,14,0,0
BRDA:81,14,1,0
BRDA:89,15,0,0
BRDA:89,15,1,0
BRDA:90,16,0,0
BRDA:90,16,1,0
BRDA:101,17,0,0
BRDA:101,17,1,0
BRDA:111,18,0,0
BRDA:111,18,1,0
BRDA:111,19,0,0
BRDA:111,19,1,0
BRDA:132,20,0,0
BRDA:132,20,1,0
BRDA:137,21,0,0
BRDA:137,21,1,0
BRDA:137,22,0,0
BRDA:137,22,1,0
BRDA:151,23,0,0
BRDA:151,23,1,0
BRDA:163,24,0,0
BRDA:163,24,1,0
BRDA:164,25,0,0
BRDA:164,25,1,0
BRDA:166,26,0,0
BRDA:166,26,1,0
BRDA:175,27,0,0
BRDA:175,27,1,0
BRDA:175,28,0,0
BRDA:175,28,1,0
BRDA:195,29,0,0
BRDA:195,29,1,0
BRDA:195,30,0,0
BRDA:195,30,1,0
BRDA:196,31,0,0
BRDA:196,31,1,0
BRDA:202,32,0,0
BRDA:202,32,1,0
BRDA:215,33,0,0
BRDA:215,33,1,0
BRDA:226,34,0,0
BRDA:226,34,1,0
BRDA:255,35,0,0
BRDA:255,35,1,0
BRDA:284,36,0,0
BRDA:284,36,1,0
BRDA:286,37,0,0
BRDA:286,37,1,0
BRDA:294,38,0,0
BRDA:294,38,1,0
BRDA:298,39,0,0
BRDA:298,39,1,0
BRDA:309,40,0,0
BRDA:309,40,1,0
BRDA:309,40,2,0
BRDA:316,41,0,0
BRDA:316,41,1,0
BRDA:327,42,0,0
BRDA:327,42,1,0
BRDA:348,43,0,0
BRDA:348,43,1,0
BRDA:349,44,0,0
BRDA:349,44,1,0
BRF:94
BRH:0
end_of_record
TN:
SF:src\modules\ai\hooks\useChatSocket.ts
FN:27,(anonymous_0)
FN:37,(anonymous_1)
FN:41,(anonymous_2)
FN:78,(anonymous_3)
FN:85,(anonymous_4)
FN:101,(anonymous_5)
FN:109,(anonymous_6)
FN:123,(anonymous_7)
FN:134,(anonymous_8)
FN:144,(anonymous_9)
FN:148,(anonymous_10)
FNF:11
FNH:0
FNDA:0,(anonymous_0)
FNDA:0,(anonymous_1)
FNDA:0,(anonymous_2)
FNDA:0,(anonymous_3)
FNDA:0,(anonymous_4)
FNDA:0,(anonymous_5)
FNDA:0,(anonymous_6)
FNDA:0,(anonymous_7)
FNDA:0,(anonymous_8)
FNDA:0,(anonymous_9)
FNDA:0,(anonymous_10)
DA:27,0
DA:28,0
DA:29,0
DA:30,0
DA:31,0
DA:32,0
DA:33,0
DA:34,0
DA:37,0
DA:38,0
DA:41,0
DA:42,0
DA:45,0
DA:46,0
DA:50,0
DA:51,0
DA:52,0
DA:53,0
DA:54,0
DA:58,0
DA:59,0
DA:60,0
DA:61,0
DA:64,0
DA:65,0
DA:67,0
DA:68,0
DA:69,0
DA:72,0
DA:74,0
DA:75,0
DA:76,0
DA:78,0
DA:79,0
DA:80,0
DA:81,0
DA:82,0
DA:85,0
DA:86,0
DA:87,0
DA:90,0
DA:91,0
DA:92,0
DA:95,0
DA:97,0
DA:101,0
DA:103,0
DA:104,0
DA:106,0
DA:109,0
DA:110,0
DA:111,0
DA:112,0
DA:115,0
DA:117,0
DA:118,0
DA:119,0
DA:121,0
DA:123,0
DA:124,0
DA:125,0
DA:127,0
DA:128,0
DA:129,0
DA:134,0
DA:135,0
DA:136,0
DA:137,0
DA:138,0
DA:139,0
DA:141,0
DA:144,0
DA:145,0
DA:146,0
DA:148,0
DA:151,0
LF:76
LH:0
BRDA:42,0,0,0
BRDA:42,0,1,0
BRDA:45,1,0,0
BRDA:45,1,1,0
BRDA:45,2,0,0
BRDA:45,2,1,0
BRDA:45,2,2,0
BRDA:51,3,0,0
BRDA:51,3,1,0
BRDA:58,4,0,0
BRDA:58,4,1,0
BRDA:58,5,0,0
BRDA:58,5,1,0
BRDA:64,6,0,0
BRDA:64,6,1,0
BRDA:64,6,2,0
BRDA:65,7,0,0
BRDA:65,7,1,0
BRDA:67,8,0,0
BRDA:67,8,1,0
BRDA:69,9,0,0
BRDA:69,9,1,0
BRDA:90,10,0,0
BRDA:90,10,1,0
BRDA:90,11,0,0
BRDA:90,11,1,0
BRDA:103,12,0,0
BRDA:103,12,1,0
BRDA:115,13,0,0
BRDA:115,13,1,0
BRDA:115,14,0,0
BRDA:115,14,1,0
BRDA:115,14,2,0
BRDA:115,14,3,0
BRDA:127,15,0,0
BRDA:127,15,1,0
BRDA:135,16,0,0
BRDA:135,16,1,0
BRDA:136,17,0,0
BRDA:136,17,1,0
BRDA:145,18,0,0
BRDA:145,18,1,0
BRF:42
BRH:0
end_of_record
TN:
SF:src\modules\ai\hooks\useConversations.ts
FN:22,(anonymous_0)
FN:39,(anonymous_1)
FN:42,(anonymous_2)
FN:74,(anonymous_3)
FN:75,(anonymous_4)
FN:118,(anonymous_5)
FN:138,(anonymous_6)
FN:143,(anonymous_7)
FN:152,(anonymous_8)
FN:159,(anonymous_9)
FN:186,(anonymous_10)
FN:190,(anonymous_11)
FN:198,(anonymous_12)
FN:207,(anonymous_13)
FN:226,(anonymous_14)
FN:229,(anonymous_15)
FN:251,(anonymous_16)
FN:280,(anonymous_17)
FN:284,(anonymous_18)
FN:297,(anonymous_19)
FN:311,(anonymous_20)
FN:317,(anonymous_21)
FN:321,(anonymous_22)
FN:327,(anonymous_23)
FN:353,(anonymous_24)
FNF:25
FNH:0
FNDA:0,(anonymous_0)
FNDA:0,(anonymous_1)
FNDA:0,(anonymous_2)
FNDA:0,(anonymous_3)
FNDA:0,(anonymous_4)
FNDA:0,(anonymous_5)
FNDA:0,(anonymous_6)
FNDA:0,(anonymous_7)
FNDA:0,(anonymous_8)
FNDA:0,(anonymous_9)
FNDA:0,(anonymous_10)
FNDA:0,(anonymous_11)
FNDA:0,(anonymous_12)
FNDA:0,(anonymous_13)
FNDA:0,(anonymous_14)
FNDA:0,(anonymous_15)
FNDA:0,(anonymous_16)
FNDA:0,(anonymous_17)
FNDA:0,(anonymous_18)
FNDA:0,(anonymous_19)
FNDA:0,(anonymous_20)
FNDA:0,(anonymous_21)
FNDA:0,(anonymous_22)
FNDA:0,(anonymous_23)
FNDA:0,(anonymous_24)
DA:22,0
DA:23,0
DA:31,0
DA:33,0
DA:34,0
DA:35,0
DA:36,0
DA:39,0
DA:40,0
DA:42,0
DA:43,0
DA:44,0
DA:46,0
DA:47,0
DA:48,0
DA:49,0
DA:51,0
DA:53,0
DA:54,0
DA:55,0
DA:57,0
DA:61,0
DA:62,0
DA:64,0
DA:66,0
DA:70,0
DA:74,0
DA:75,0
DA:77,0
DA:78,0
DA:79,0
DA:80,0
DA:81,0
DA:82,0
DA:83,0
DA:84,0
DA:86,0
DA:90,0
DA:91,0
DA:92,0
DA:95,0
DA:98,0
DA:99,0
DA:100,0
DA:104,0
DA:105,0
DA:106,0
DA:107,0
DA:108,0
DA:110,0
DA:112,0
DA:116,0
DA:118,0
DA:120,0
DA:121,0
DA:122,0
DA:125,0
DA:126,0
DA:128,0
DA:129,0
DA:133,0
DA:134,0
DA:137,0
DA:139,0
DA:140,0
DA:141,0
DA:143,0
DA:152,0
DA:154,0
DA:155,0
DA:158,0
DA:159,0
DA:160,0
DA:161,0
DA:162,0
DA:163,0
DA:164,0
DA:166,0
DA:167,0
DA:170,0
DA:172,0
DA:173,0
DA:174,0
DA:177,0
DA:182,0
DA:186,0
DA:187,0
DA:189,0
DA:190,0
DA:191,0
DA:192,0
DA:193,0
DA:195,0
DA:198,0
DA:199,0
DA:200,0
DA:201,0
DA:203,0
DA:207,0
DA:209,0
DA:210,0
DA:213,0
DA:218,0
DA:220,0
DA:225,0
DA:226,0
DA:229,0
DA:230,0
DA:231,0
DA:232,0
DA:236,0
DA:237,0
DA:238,0
DA:241,0
DA:242,0
DA:245,0
DA:246,0
DA:247,0
DA:250,0
DA:251,0
DA:253,0
DA:258,0
DA:266,0
DA:267,0
DA:268,0
DA:269,0
DA:272,0
DA:273,0
DA:275,0
DA:276,0
DA:280,0
DA:281,0
DA:284,0
DA:286,0
DA:287,0
DA:288,0
DA:291,0
DA:292,0
DA:293,0
DA:294,0
DA:297,0
DA:298,0
DA:300,0
DA:301,0
DA:302,0
DA:303,0
DA:306,0
DA:307,0
DA:311,0
DA:312,0
DA:313,0
DA:317,0
DA:318,0
DA:321,0
DA:322,0
DA:323,0
DA:327,0
DA:329,0
DA:330,0
DA:331,0
DA:335,0
DA:336,0
DA:337,0
DA:338,0
DA:341,0
DA:342,0
DA:343,0
DA:344,0
DA:346,0
DA:348,0
DA:349,0
DA:353,0
DA:355,0
LF:173
LH:0
BRDA:40,0,0,0
BRDA:40,0,1,0
BRDA:40,1,0,0
BRDA:40,1,1,0
BRDA:40,1,2,0
BRDA:44,2,0,0
BRDA:44,2,1,0
BRDA:49,3,0,0
BRDA:49,3,1,0
BRDA:77,4,0,0
BRDA:77,4,1,0
BRDA:78,5,0,0
BRDA:78,5,1,0
BRDA:90,6,0,0
BRDA:90,6,1,0
BRDA:95,7,0,0
BRDA:95,7,1,0
BRDA:98,8,0,0
BRDA:98,8,1,0
BRDA:104,9,0,0
BRDA:104,9,1,0
BRDA:120,10,0,0
BRDA:120,10,1,0
BRDA:120,11,0,0
BRDA:120,11,1,0
BRDA:139,12,0,0
BRDA:139,12,1,0
BRDA:139,12,2,0
BRDA:140,13,0,0
BRDA:140,13,1,0
BRDA:148,14,0,0
BRDA:148,14,1,0
BRDA:159,15,0,0
BRDA:159,15,1,0
BRDA:159,16,0,0
BRDA:159,16,1,0
BRDA:162,17,0,0
BRDA:162,17,1,0
BRDA:173,18,0,0
BRDA:173,18,1,0
BRDA:187,19,0,0
BRDA:187,19,1,0
BRDA:187,20,0,0
BRDA:187,20,1,0
BRDA:195,21,0,0
BRDA:195,21,1,0
BRDA:199,22,0,0
BRDA:199,22,1,0
BRDA:199,23,0,0
BRDA:199,23,1,0
BRDA:199,23,2,0
BRDA:209,24,0,0
BRDA:209,24,1,0
BRDA:230,25,0,0
BRDA:230,25,1,0
BRDA:236,26,0,0
BRDA:236,26,1,0
BRDA:236,27,0,0
BRDA:236,27,1,0
BRDA:246,28,0,0
BRDA:246,28,1,0
BRDA:253,29,0,0
BRDA:253,29,1,0
BRDA:286,30,0,0
BRDA:286,30,1,0
BRDA:286,31,0,0
BRDA:286,31,1,0
BRDA:292,32,0,0
BRDA:292,32,1,0
BRDA:300,33,0,0
BRDA:300,33,1,0
BRDA:301,34,0,0
BRDA:301,34,1,0
BRDA:312,35,0,0
BRDA:312,35,1,0
BRDA:322,36,0,0
BRDA:322,36,1,0
BRDA:329,37,0,0
BRDA:329,37,1,0
BRDA:329,38,0,0
BRDA:329,38,1,0
BRDA:336,39,0,0
BRDA:336,39,1,0
BRDA:342,40,0,0
BRDA:342,40,1,0
BRDA:353,41,0,0
BRDA:353,41,1,0
BRF:87
BRH:0
end_of_record
TN:
SF:src\modules\ai\services\chatService.ts
FN:54,(anonymous_0)
FN:61,(anonymous_1)
FN:75,(anonymous_2)
FN:82,(anonymous_3)
FN:96,(anonymous_4)
FN:109,(anonymous_5)
FN:116,(anonymous_6)
FN:123,(anonymous_7)
FN:142,(anonymous_8)
FN:160,(anonymous_9)
FN:181,(anonymous_10)
FN:198,(anonymous_11)
FN:208,(anonymous_12)
FN:221,(anonymous_13)
FN:236,(anonymous_14)
FN:242,(anonymous_15)
FN:252,(anonymous_16)
FN:267,(anonymous_17)
FN:278,(anonymous_18)
FN:289,(anonymous_19)
FN:323,(anonymous_20)
FN:330,(anonymous_21)
FN:358,(anonymous_22)
FN:366,(anonymous_23)
FN:377,(anonymous_24)
FN:384,(anonymous_25)
FN:412,(anonymous_26)
FNF:27
FNH:15
FNDA:2,(anonymous_0)
FNDA:6,(anonymous_1)
FNDA:4,(anonymous_2)
FNDA:3,(anonymous_3)
FNDA:1,(anonymous_4)
FNDA:1,(anonymous_5)
FNDA:1,(anonymous_6)
FNDA:3,(anonymous_7)
FNDA:1,(anonymous_8)
FNDA:1,(anonymous_9)
FNDA:0,(anonymous_10)
FNDA:1,(anonymous_11)
FNDA:0,(anonymous_12)
FNDA:0,(anonymous_13)
FNDA:1,(anonymous_14)
FNDA:1,(anonymous_15)
FNDA:0,(anonymous_16)
FNDA:0,(anonymous_17)
FNDA:0,(anonymous_18)
FNDA:0,(anonymous_19)
FNDA:0,(anonymous_20)
FNDA:1,(anonymous_21)
FNDA:1,(anonymous_22)
FNDA:0,(anonymous_23)
FNDA:0,(anonymous_24)
FNDA:0,(anonymous_25)
FNDA:0,(anonymous_26)
DA:48,2
DA:49,2
DA:50,2
DA:51,2
DA:52,2
DA:62,6
DA:63,6
DA:64,0
DA:65,0
DA:67,6
DA:68,6
DA:76,4
DA:83,3
DA:84,3
DA:85,3
DA:86,3
DA:88,0
DA:89,0
DA:97,1
DA:98,1
DA:99,1
DA:100,1
DA:102,0
DA:110,1
DA:117,1
DA:124,3
DA:126,1
DA:128,1
DA:131,1
DA:132,1
DA:134,0
DA:135,0
DA:143,1
DA:144,1
DA:145,1
DA:149,1
DA:150,1
DA:152,0
DA:153,0
DA:166,1
DA:167,1
DA:173,0
DA:174,0
DA:182,0
DA:183,0
DA:188,0
DA:190,0
DA:191,0
DA:202,1
DA:209,0
DA:210,0
DA:211,0
DA:213,0
DA:214,0
DA:222,0
DA:223,0
DA:226,0
DA:228,0
DA:229,0
DA:237,1
DA:239,1
DA:242,1
DA:244,0
DA:245,0
DA:253,0
DA:254,0
DA:255,0
DA:256,0
DA:259,0
DA:260,0
DA:268,0
DA:269,0
DA:271,0
DA:279,0
DA:280,0
DA:282,0
DA:290,0
DA:292,0
DA:295,0
DA:298,0
DA:302,0
DA:305,0
DA:306,0
DA:313,0
DA:315,0
DA:316,0
DA:324,0
DA:331,1
DA:332,1
DA:335,1
DA:336,1
DA:337,1
DA:338,1
DA:339,1
DA:340,1
DA:342,0
DA:346,1
DA:359,1
DA:366,0
DA:378,0
DA:380,0
DA:385,0
DA:386,0
DA:413,0
DA:423,2
LF:105
LH:47
BRDA:63,0,0,0
BRDA:63,0,1,6
BRDA:76,1,0,0
BRDA:76,1,1,4
BRDA:85,2,0,3
BRDA:85,2,1,0
BRDA:99,3,0,1
BRDA:99,3,1,0
BRDA:124,4,0,2
BRDA:124,4,1,1
BRDA:142,5,0,1
BRDA:163,6,0,1
BRDA:255,7,0,0
BRDA:255,7,1,0
BRDA:300,8,0,0
BRDA:300,8,1,0
BRDA:336,9,0,1
BRDA:336,9,1,0
BRDA:349,10,0,0
BRDA:349,10,1,1
BRDA:360,11,0,1
BRDA:360,11,1,1
BRDA:360,11,2,1
BRDA:366,12,0,1
BRDA:366,12,1,1
BRDA:373,13,0,1
BRDA:373,13,1,1
BRDA:376,14,0,1
BRDA:376,14,1,1
BRDA:377,15,0,1
BRDA:377,15,1,1
BRDA:378,16,0,0
BRDA:378,16,1,0
BRDA:383,17,0,1
BRDA:383,17,1,1
BRDA:385,18,0,0
BRDA:385,18,1,0
BRF:37
BRH:23
end_of_record
TN:
SF:src\modules\ai\services\jobService.ts
FN:28,(anonymous_0)
FN:33,(anonymous_1)
FN:40,(anonymous_2)
FN:45,(anonymous_3)
FN:50,(anonymous_4)
FN:55,(anonymous_5)
FNF:6
FNH:0
FNDA:0,(anonymous_0)
FNDA:0,(anonymous_1)
FNDA:0,(anonymous_2)
FNDA:0,(anonymous_3)
FNDA:0,(anonymous_4)
FNDA:0,(anonymous_5)
DA:29,0
DA:30,0
DA:34,0
DA:37,0
DA:41,0
DA:42,0
DA:46,0
DA:47,0
DA:51,0
DA:52,0
DA:56,0
DA:59,0
DA:63,0
LF:13
LH:0
BRDA:55,0,0,0
BRF:1
BRH:0
end_of_record
TN:
SF:src\modules\ai\services\modelService.ts
FN:47,(anonymous_0)
FN:58,(anonymous_1)
FN:66,(anonymous_2)
FN:74,(anonymous_3)
FN:82,(anonymous_4)
FNF:5
FNH:0
FNDA:0,(anonymous_0)
FNDA:0,(anonymous_1)
FNDA:0,(anonymous_2)
FNDA:0,(anonymous_3)
FNDA:0,(anonymous_4)
DA:48,0
DA:52,0
DA:59,0
DA:60,0
DA:67,0
DA:68,0
DA:75,0
DA:76,0
DA:83,0
DA:84,0
DA:88,0
LF:11
LH:0
BRF:0
BRH:0
end_of_record
TN:
SF:src\modules\ai\stores\chatStore.ts
FN:28,(anonymous_0)
FN:46,(anonymous_1)
FN:54,(anonymous_2)
FN:54,(anonymous_3)
FN:55,(anonymous_4)
FN:56,(anonymous_5)
FN:65,(anonymous_6)
FN:70,(anonymous_7)
FN:70,(anonymous_8)
FN:71,(anonymous_9)
FN:75,(anonymous_10)
FN:84,(anonymous_11)
FN:84,(anonymous_12)
FN:85,(anonymous_13)
FN:90,(anonymous_14)
FN:90,(anonymous_15)
FN:108,(anonymous_16)
FN:108,(anonymous_17)
FN:115,(anonymous_18)
FN:115,(anonymous_19)
FN:118,(anonymous_20)
FN:124,(anonymous_21)
FN:126,(anonymous_22)
FN:138,(anonymous_23)
FN:142,(anonymous_24)
FN:144,(anonymous_25)
FN:152,(anonymous_26)
FN:153,(anonymous_27)
FNF:28
FNH:15
FNDA:1,(anonymous_0)
FNDA:1,(anonymous_1)
FNDA:3,(anonymous_2)
FNDA:3,(anonymous_3)
FNDA:3,(anonymous_4)
FNDA:0,(anonymous_5)
FNDA:0,(anonymous_6)
FNDA:1,(anonymous_7)
FNDA:1,(anonymous_8)
FNDA:1,(anonymous_9)
FNDA:0,(anonymous_10)
FNDA:0,(anonymous_11)
FNDA:0,(anonymous_12)
FNDA:0,(anonymous_13)
FNDA:2,(anonymous_14)
FNDA:2,(anonymous_15)
FNDA:0,(anonymous_16)
FNDA:0,(anonymous_17)
FNDA:0,(anonymous_18)
FNDA:0,(anonymous_19)
FNDA:0,(anonymous_20)
FNDA:0,(anonymous_21)
FNDA:6,(anonymous_22)
FNDA:0,(anonymous_23)
FNDA:1,(anonymous_24)
FNDA:12,(anonymous_25)
FNDA:1,(anonymous_26)
FNDA:1,(anonymous_27)
DA:28,1
DA:29,1
DA:30,1
DA:31,0
DA:32,0
DA:33,0
DA:34,0
DA:35,0
DA:38,0
DA:41,1
DA:44,1
DA:46,1
DA:54,3
DA:56,3
DA:57,3
DA:66,0
DA:67,0
DA:70,1
DA:72,1
DA:75,0
DA:84,0
DA:86,0
DA:90,2
DA:91,2
DA:92,2
DA:94,2
DA:95,1
DA:96,1
DA:98,1
DA:99,1
DA:102,2
DA:108,0
DA:115,0
DA:119,0
DA:124,0
DA:127,6
DA:128,6
DA:138,0
DA:142,1
DA:144,12
DA:153,1
DA:154,1
DA:156,1
DA:157,1
DA:158,0
DA:159,0
DA:160,0
DA:163,0
DA:165,0
DA:166,0
DA:167,0
DA:168,0
DA:169,0
DA:170,0
DA:173,0
DA:175,0
DA:180,1
DA:183,1
DA:184,0
DA:187,1
LF:60
LH:31
BRDA:30,0,0,0
BRDA:30,0,1,1
BRDA:33,1,0,0
BRDA:33,1,1,0
BRDA:34,2,0,0
BRDA:34,2,1,0
BRDA:59,3,0,0
BRDA:59,3,1,3
BRDA:59,4,0,3
BRDA:59,4,1,0
BRDA:60,5,0,3
BRDA:60,5,1,3
BRDA:72,6,0,1
BRDA:72,6,1,0
BRDA:75,7,0,0
BRDA:75,7,1,1
BRDA:86,8,0,0
BRDA:86,8,1,0
BRDA:94,9,0,1
BRDA:94,9,1,1
BRDA:96,10,0,1
BRDA:96,10,1,0
BRDA:111,11,0,0
BRDA:111,11,1,0
BRDA:118,12,0,0
BRDA:118,12,1,0
BRDA:119,13,0,0
BRDA:119,13,1,0
BRDA:154,14,0,1
BRDA:154,14,1,0
BRDA:157,15,0,0
BRDA:157,15,1,1
BRDA:160,16,0,0
BRDA:160,16,1,0
BRDA:163,17,0,0
BRDA:163,17,1,0
BRDA:163,18,0,0
BRDA:163,18,1,0
BRDA:183,19,0,0
BRDA:183,19,1,1
BRF:40
BRH:13
end_of_record
TN:
SF:src\modules\ai\types\chat.type.ts
FNF:0
FNH:0
LF:0
LH:0
BRF:0
BRH:0
end_of_record
TN:
SF:src\modules\ai\utils\messageUtils.tsx
FN:6,(anonymous_0)
FN:13,(anonymous_1)
FN:20,(anonymous_2)
FN:27,(anonymous_3)
FN:34,(anonymous_4)
FN:41,(anonymous_5)
FN:59,(anonymous_6)
FN:78,(anonymous_7)
FNF:8
FNH:0
FNDA:0,(anonymous_0)
FNDA:0,(anonymous_1)
FNDA:0,(anonymous_2)
FNDA:0,(anonymous_3)
FNDA:0,(anonymous_4)
FNDA:0,(anonymous_5)
FNDA:0,(anonymous_6)
FNDA:0,(anonymous_7)
DA:6,0
DA:7,0
DA:13,0
DA:14,0
DA:20,0
DA:21,0
DA:27,0
DA:28,0
DA:34,0
DA:35,0
DA:41,0
DA:48,0
DA:50,0
DA:58,0
DA:59,0
DA:60,0
DA:63,0
DA:64,0
DA:72,0
DA:78,0
DA:82,0
DA:149,0
DA:151,0
LF:23
LH:0
BRDA:35,0,0,0
BRDA:35,0,1,0
BRDA:63,1,0,0
BRDA:63,1,1,0
BRF:4
BRH:0
end_of_record
TN:
SF:src\modules\editor\components\CADEditor.tsx
FN:17,(anonymous_0)
FN:32,(anonymous_1)
FN:37,(anonymous_2)
FN:47,(anonymous_3)
FN:111,(anonymous_4)
FN:120,(anonymous_5)
FNF:6
FNH:0
FNDA:0,(anonymous_0)
FNDA:0,(anonymous_1)
FNDA:0,(anonymous_2)
FNDA:0,(anonymous_3)
FNDA:0,(anonymous_4)
FNDA:0,(anonymous_5)
DA:17,0
DA:26,0
DA:28,0
DA:29,0
DA:32,0
DA:33,0
DA:34,0
DA:37,0
DA:38,0
DA:39,0
DA:40,0
DA:41,0
DA:42,0
DA:43,0
DA:45,0
DA:47,0
DA:48,0
DA:49,0
DA:54,0
DA:55,0
DA:59,0
DA:112,0
DA:120,0
LF:23
LH:0
BRDA:17,0,0,0
BRDA:34,1,0,0
BRDA:34,1,1,0
BRDA:38,2,0,0
BRDA:38,2,1,0
BRDA:48,3,0,0
BRDA:48,3,1,0
BRDA:54,4,0,0
BRDA:54,4,1,0
BRDA:54,5,0,0
BRDA:54,5,1,0
BRDA:71,6,0,0
BRDA:71,6,1,0
BRDA:81,7,0,0
BRDA:81,7,1,0
BRDA:92,8,0,0
BRDA:92,8,1,0
BRDA:97,9,0,0
BRDA:97,9,1,0
BRDA:102,10,0,0
BRDA:102,10,1,0
BRDA:125,11,0,0
BRDA:125,11,1,0
BRDA:141,12,0,0
BRDA:141,12,1,0
BRDA:143,13,0,0
BRDA:143,13,1,0
BRF:27
BRH:0
end_of_record
TN:
SF:src\modules\editor\stores\editorStore.ts
FN:18,(anonymous_0)
FN:25,(anonymous_1)
FN:29,(anonymous_2)
FN:33,(anonymous_3)
FN:37,(anonymous_4)
FN:42,(anonymous_5)
FN:51,(anonymous_6)
FN:56,(anonymous_7)
FNF:8
FNH:7
FNDA:1,(anonymous_0)
FNDA:3,(anonymous_1)
FNDA:2,(anonymous_2)
FNDA:0,(anonymous_3)
FNDA:1,(anonymous_4)
FNDA:1,(anonymous_5)
FNDA:1,(anonymous_6)
FNDA:4,(anonymous_7)
DA:18,1
DA:26,3
DA:30,2
DA:34,0
DA:38,1
DA:39,1
DA:42,1
DA:43,1
DA:52,1
DA:53,1
DA:57,4
LF:11
LH:10
BRF:0
BRH:0
end_of_record
TN:
SF:src\modules\viewer\components\AssetSwapPanel.tsx
FN:6,useDebounce
FN:9,(anonymous_1)
FN:10,(anonymous_2)
FN:14,(anonymous_3)
FN:28,(anonymous_4)
FN:39,(anonymous_5)
FN:44,(anonymous_6)
FN:48,(anonymous_7)
FN:86,(anonymous_8)
FN:101,(anonymous_9)
FN:104,(anonymous_10)
FNF:11
FNH:0
FNDA:0,useDebounce
FNDA:0,(anonymous_1)
FNDA:0,(anonymous_2)
FNDA:0,(anonymous_3)
FNDA:0,(anonymous_4)
FNDA:0,(anonymous_5)
FNDA:0,(anonymous_6)
FNDA:0,(anonymous_7)
FNDA:0,(anonymous_8)
FNDA:0,(anonymous_9)
FNDA:0,(anonymous_10)
DA:7,0
DA:9,0
DA:10,0
DA:11,0
DA:14,0
DA:15,0
DA:19,0
DA:28,0
DA:33,0
DA:34,0
DA:35,0
DA:36,0
DA:39,0
DA:41,0
DA:44,0
DA:45,0
DA:48,0
DA:49,0
DA:50,0
DA:51,0
DA:52,0
DA:54,0
DA:56,0
DA:60,0
DA:86,0
DA:102,0
DA:104,0
LF:27
LH:0
BRDA:95,0,0,0
BRDA:95,0,1,0
BRDA:100,1,0,0
BRDA:100,1,1,0
BRDA:108,2,0,0
BRDA:108,2,1,0
BRDA:108,3,0,0
BRDA:108,3,1,0
BRDA:116,4,0,0
BRDA:116,4,1,0
BRDA:120,5,0,0
BRDA:120,5,1,0
BRDA:131,6,0,0
BRDA:131,6,1,0
BRF:14
BRH:0
end_of_record
TN:
SF:src\modules\viewer\components\ControlsHint.tsx
FN:5,(anonymous_0)
FN:11,(anonymous_1)
FN:51,(anonymous_2)
FN:61,(anonymous_3)
FNF:4
FNH:0
FNDA:0,(anonymous_0)
FNDA:0,(anonymous_1)
FNDA:0,(anonymous_2)
FNDA:0,(anonymous_3)
DA:5,0
DA:6,0
DA:8,0
DA:9,0
DA:11,0
DA:20,0
DA:38,0
DA:51,0
DA:62,0
LF:9
LH:0
BRDA:8,0,0,0
BRDA:8,0,1,0
BRDA:23,1,0,0
BRDA:23,1,1,0
BRDA:28,2,0,0
BRDA:28,2,1,0
BRDA:33,3,0,0
BRDA:33,3,1,0
BRF:8
BRH:0
end_of_record
TN:
SF:src\modules\viewer\components\MissionControl.tsx
FN:23,(anonymous_0)
FN:31,(anonymous_1)
FN:32,(anonymous_2)
FN:36,(anonymous_3)
FN:41,(anonymous_4)
FN:91,(anonymous_5)
FN:105,(anonymous_6)
FN:131,(anonymous_7)
FN:161,(anonymous_8)
FN:171,(anonymous_9)
FN:180,(anonymous_10)
FNF:11
FNH:0
FNDA:0,(anonymous_0)
FNDA:0,(anonymous_1)
FNDA:0,(anonymous_2)
FNDA:0,(anonymous_3)
FNDA:0,(anonymous_4)
FNDA:0,(anonymous_5)
FNDA:0,(anonymous_6)
FNDA:0,(anonymous_7)
FNDA:0,(anonymous_8)
FNDA:0,(anonymous_9)
FNDA:0,(anonymous_10)
DA:23,0
DA:28,0
DA:29,0
DA:31,0
DA:32,0
DA:33,0
DA:36,0
DA:37,0
DA:41,0
DA:42,0
DA:43,0
DA:44,0
DA:45,0
DA:46,0
DA:47,0
DA:49,0
DA:50,0
DA:51,0
DA:52,0
DA:55,0
DA:56,0
DA:60,0
DA:91,0
DA:106,0
DA:131,0
DA:161,0
DA:171,0
DA:172,0
DA:173,0
DA:174,0
DA:175,0
DA:176,0
DA:180,0
DA:181,0
DA:182,0
DA:183,0
DA:184,0
DA:185,0
LF:38
LH:0
BRDA:32,0,0,0
BRDA:32,0,1,0
BRDA:33,1,0,0
BRDA:33,1,1,0
BRDA:45,2,0,0
BRDA:45,2,1,0
BRDA:50,3,0,0
BRDA:50,3,1,0
BRDA:50,4,0,0
BRDA:50,4,1,0
BRDA:99,5,0,0
BRDA:99,5,1,0
BRDA:121,6,0,0
BRDA:121,6,1,0
BRDA:129,7,0,0
BRDA:129,7,1,0
BRDA:144,8,0,0
BRDA:144,8,1,0
BRDA:146,9,0,0
BRDA:146,9,1,0
BRDA:172,10,0,0
BRDA:172,10,1,0
BRDA:172,10,2,0
BRDA:172,10,3,0
BRDA:181,11,0,0
BRDA:181,11,1,0
BRDA:181,11,2,0
BRDA:181,11,3,0
BRF:28
BRH:0
end_of_record
TN:
SF:src\modules\viewer\components\ModelImportOverlay.tsx
FN:27,(anonymous_0)
FN:34,(anonymous_1)
FN:41,(anonymous_2)
FN:42,(anonymous_3)
FN:49,(anonymous_4)
FN:147,(anonymous_5)
FN:156,(anonymous_6)
FN:169,(anonymous_7)
FN:182,(anonymous_8)
FNF:9
FNH:0
FNDA:0,(anonymous_0)
FNDA:0,(anonymous_1)
FNDA:0,(anonymous_2)
FNDA:0,(anonymous_3)
FNDA:0,(anonymous_4)
FNDA:0,(anonymous_5)
FNDA:0,(anonymous_6)
FNDA:0,(anonymous_7)
FNDA:0,(anonymous_8)
DA:27,0
DA:32,0
DA:34,0
DA:35,0
DA:36,0
DA:37,0
DA:41,0
DA:42,0
DA:43,0
DA:44,0
DA:45,0
DA:49,0
DA:52,0
DA:54,0
DA:147,0
DA:148,0
DA:156,0
DA:157,0
DA:158,0
DA:159,0
DA:160,0
DA:161,0
DA:162,0
DA:163,0
DA:164,0
DA:165,0
DA:169,0
DA:170,0
DA:171,0
DA:172,0
DA:173,0
DA:174,0
DA:175,0
DA:176,0
DA:177,0
DA:178,0
DA:182,0
DA:183,0
DA:184,0
DA:185,0
DA:186,0
DA:187,0
DA:188,0
DA:189,0
LF:44
LH:0
BRDA:35,0,0,0
BRDA:35,0,1,0
BRDA:44,1,0,0
BRDA:44,1,1,0
BRDA:52,2,0,0
BRDA:52,2,1,0
BRDA:70,3,0,0
BRDA:70,3,1,0
BRDA:112,4,0,0
BRDA:112,4,1,0
BRDA:127,5,0,0
BRDA:127,5,1,0
BRDA:148,6,0,0
BRDA:148,6,1,0
BRDA:148,7,0,0
BRDA:148,7,1,0
BRDA:149,8,0,0
BRDA:149,8,1,0
BRDA:149,9,0,0
BRDA:149,9,1,0
BRDA:150,10,0,0
BRDA:150,10,1,0
BRDA:150,11,0,0
BRDA:150,11,1,0
BRDA:157,12,0,0
BRDA:157,12,1,0
BRDA:157,12,2,0
BRDA:157,12,3,0
BRDA:157,12,4,0
BRDA:157,12,5,0
BRDA:157,12,6,0
BRDA:157,12,7,0
BRDA:170,13,0,0
BRDA:170,13,1,0
BRDA:170,13,2,0
BRDA:170,13,3,0
BRDA:170,13,4,0
BRDA:170,13,5,0
BRDA:170,13,6,0
BRDA:170,13,7,0
BRDA:183,14,0,0
BRDA:183,14,1,0
BRDA:183,14,2,0
BRDA:183,14,3,0
BRDA:183,14,4,0
BRDA:183,14,5,0
BRF:46
BRH:0
end_of_record
TN:
SF:src\modules\viewer\components\ModelSidebar.tsx
FN:14,(anonymous_0)
FN:24,(anonymous_1)
FN:86,(anonymous_2)
FN:128,(anonymous_3)
FN:148,(anonymous_4)
FN:203,(anonymous_5)
FN:225,(anonymous_6)
FNF:7
FNH:0
FNDA:0,(anonymous_0)
FNDA:0,(anonymous_1)
FNDA:0,(anonymous_2)
FNDA:0,(anonymous_3)
FNDA:0,(anonymous_4)
FNDA:0,(anonymous_5)
FNDA:0,(anonymous_6)
DA:14,0
DA:20,0
DA:21,0
DA:24,0
DA:26,0
DA:27,0
DA:30,0
DA:31,0
DA:41,0
DA:42,0
DA:53,0
DA:54,0
DA:65,0
DA:66,0
DA:67,0
DA:77,0
DA:81,0
DA:86,0
DA:128,0
DA:149,0
DA:203,0
DA:204,0
DA:225,0
DA:231,0
LF:24
LH:0
BRDA:17,0,0,0
BRDA:26,1,0,0
BRDA:26,1,1,0
BRDA:30,2,0,0
BRDA:30,2,1,0
BRDA:41,3,0,0
BRDA:41,3,1,0
BRDA:53,4,0,0
BRDA:53,4,1,0
BRDA:65,5,0,0
BRDA:65,5,1,0
BRDA:99,6,0,0
BRDA:99,6,1,0
BRDA:104,7,0,0
BRDA:104,7,1,0
BRDA:122,8,0,0
BRDA:122,8,1,0
BRDA:141,9,0,0
BRDA:141,9,1,0
BRDA:146,10,0,0
BRDA:146,10,1,0
BRDA:209,11,0,0
BRDA:209,11,1,0
BRDA:228,12,0,0
BRDA:235,13,0,0
BRDA:235,13,1,0
BRDA:240,14,0,0
BRDA:240,14,1,0
BRF:28
BRH:0
end_of_record
TN:
SF:src\modules\viewer\components\ObjectPartsPanel.tsx
FN:27,(anonymous_0)
FN:37,(anonymous_1)
FN:40,(anonymous_2)
FN:58,(anonymous_3)
FN:67,(anonymous_4)
FN:69,(anonymous_5)
FN:75,(anonymous_6)
FN:84,(anonymous_7)
FN:85,(anonymous_8)
FN:108,(anonymous_9)
FN:112,(anonymous_10)
FN:133,(anonymous_11)
FN:142,(anonymous_12)
FN:156,(anonymous_13)
FN:189,(anonymous_14)
FN:193,(anonymous_15)
FN:203,(anonymous_16)
FN:204,(anonymous_17)
FN:220,(anonymous_18)
FN:230,(anonymous_19)
FN:231,(anonymous_20)
FN:235,(anonymous_21)
FNF:22
FNH:0
FNDA:0,(anonymous_0)
FNDA:0,(anonymous_1)
FNDA:0,(anonymous_2)
FNDA:0,(anonymous_3)
FNDA:0,(anonymous_4)
FNDA:0,(anonymous_5)
FNDA:0,(anonymous_6)
FNDA:0,(anonymous_7)
FNDA:0,(anonymous_8)
FNDA:0,(anonymous_9)
FNDA:0,(anonymous_10)
FNDA:0,(anonymous_11)
FNDA:0,(anonymous_12)
FNDA:0,(anonymous_13)
FNDA:0,(anonymous_14)
FNDA:0,(anonymous_15)
FNDA:0,(anonymous_16)
FNDA:0,(anonymous_17)
FNDA:0,(anonymous_18)
FNDA:0,(anonymous_19)
FNDA:0,(anonymous_20)
FNDA:0,(anonymous_21)
DA:15,0
DA:27,0
DA:36,0
DA:39,0
DA:40,0
DA:43,0
DA:53,0
DA:58,0
DA:59,0
DA:60,0
DA:62,0
DA:63,0
DA:67,0
DA:68,0
DA:69,0
DA:70,0
DA:71,0
DA:75,0
DA:76,0
DA:77,0
DA:78,0
DA:84,0
DA:85,0
DA:86,0
DA:87,0
DA:88,0
DA:90,0
DA:92,0
DA:96,0
DA:109,0
DA:112,0
DA:134,0
DA:143,0
DA:157,0
DA:158,0
DA:189,0
DA:193,0
DA:204,0
DA:205,0
DA:206,0
DA:213,0
DA:220,0
DA:231,0
DA:232,0
DA:233,0
DA:236,0
DA:237,0
DA:238,0
DA:239,0
DA:249,0
LF:50
LH:0
BRDA:36,0,0,0
BRDA:36,0,1,0
BRDA:36,1,0,0
BRDA:36,1,1,0
BRDA:39,2,0,0
BRDA:39,2,1,0
BRDA:39,3,0,0
BRDA:39,3,1,0
BRDA:40,4,0,0
BRDA:40,4,1,0
BRDA:46,5,0,0
BRDA:46,5,1,0
BRDA:59,6,0,0
BRDA:59,6,1,0
BRDA:68,7,0,0
BRDA:68,7,1,0
BRDA:70,8,0,0
BRDA:70,8,1,0
BRDA:70,9,0,0
BRDA:70,9,1,0
BRDA:77,10,0,0
BRDA:77,10,1,0
BRDA:87,11,0,0
BRDA:87,11,1,0
BRDA:122,12,0,0
BRDA:122,12,1,0
BRDA:131,13,0,0
BRDA:131,13,1,0
BRDA:138,14,0,0
BRDA:138,14,1,0
BRDA:143,15,0,0
BRDA:143,15,1,0
BRDA:148,16,0,0
BRDA:148,16,1,0
BRDA:161,17,0,0
BRDA:161,17,1,0
BRDA:165,18,0,0
BRDA:165,18,1,0
BRDA:167,19,0,0
BRDA:167,19,1,0
BRDA:182,20,0,0
BRDA:182,20,1,0
BRDA:205,21,0,0
BRDA:205,21,1,0
BRDA:218,22,0,0
BRDA:218,22,1,0
BRDA:220,23,0,0
BRDA:220,23,1,0
BRDA:232,24,0,0
BRDA:232,24,1,0
BRDA:238,25,0,0
BRDA:238,25,1,0
BRF:52
BRH:0
end_of_record
TN:
SF:src\modules\viewer\components\ShapeModificationPanel.tsx
FN:178,(anonymous_0)
FN:186,(anonymous_1)
FN:192,(anonymous_2)
FN:211,(anonymous_3)
FN:217,(anonymous_4)
FNF:5
FNH:0
FNDA:0,(anonymous_0)
FNDA:0,(anonymous_1)
FNDA:0,(anonymous_2)
FNDA:0,(anonymous_3)
FNDA:0,(anonymous_4)
DA:17,0
DA:178,0
DA:184,0
DA:186,0
DA:187,0
DA:188,0
DA:192,0
DA:194,0
DA:212,0
DA:213,0
DA:214,0
DA:217,0
LF:12
LH:0
BRDA:181,0,0,0
BRDA:184,1,0,0
BRDA:184,1,1,0
BRDA:187,2,0,0
BRDA:187,2,1,0
BRDA:201,3,0,0
BRDA:201,3,1,0
BRDA:217,4,0,0
BRDA:217,4,1,0
BRDA:220,5,0,0
BRDA:220,5,1,0
BRDA:227,6,0,0
BRDA:227,6,1,0
BRDA:232,7,0,0
BRDA:232,7,1,0
BRDA:241,8,0,0
BRDA:241,8,1,0
BRF:17
BRH:0
end_of_record
TN:
SF:src\modules\viewer\components\StatsDisplay.tsx
FN:10,(anonymous_0)
FN:18,(anonymous_1)
FN:24,(anonymous_2)
FN:38,(anonymous_3)
FN:62,(anonymous_4)
FNF:5
FNH:0
FNDA:0,(anonymous_0)
FNDA:0,(anonymous_1)
FNDA:0,(anonymous_2)
FNDA:0,(anonymous_3)
FNDA:0,(anonymous_4)
DA:10,0
DA:15,0
DA:16,0
DA:18,0
DA:19,0
DA:20,0
DA:21,0
DA:24,0
DA:25,0
DA:26,0
DA:27,0
DA:31,0
DA:32,0
DA:35,0
DA:36,0
DA:38,0
DA:48,0
DA:62,0
LF:18
LH:0
BRDA:11,0,0,0
BRDA:12,1,0,0
BRDA:13,2,0,0
BRDA:19,3,0,0
BRDA:19,3,1,0
BRDA:20,4,0,0
BRDA:20,4,1,0
BRDA:25,5,0,0
BRDA:25,5,1,0
BRDA:26,6,0,0
BRDA:26,6,1,0
BRDA:31,7,0,0
BRDA:31,7,1,0
BRDA:31,8,0,0
BRDA:31,8,1,0
BRDA:35,9,0,0
BRDA:35,9,1,0
BRDA:117,10,0,0
BRDA:117,10,1,0
BRDA:119,11,0,0
BRDA:119,11,1,0
BRF:21
BRH:0
end_of_record
TN:
SF:src\modules\viewer\components\Toolbar.tsx
FN:13,(anonymous_0)
FN:69,(anonymous_1)
FNF:2
FNH:0
FNDA:0,(anonymous_0)
FNDA:0,(anonymous_1)
DA:13,0
DA:20,0
DA:69,0
DA:76,0
LF:4
LH:0
BRDA:31,0,0,0
BRDA:31,0,1,0
BRDA:74,1,0,0
BRDA:79,2,0,0
BRDA:79,2,1,0
BRDA:81,3,0,0
BRDA:81,3,1,0
BRF:7
BRH:0
end_of_record
TN:
SF:src\modules\viewer\components\Viewer3D.tsx
FN:47,(anonymous_0)
FN:87,(anonymous_1)
FN:89,(anonymous_2)
FN:107,(anonymous_3)
FN:143,(anonymous_4)
FN:164,(anonymous_5)
FN:176,(anonymous_6)
FN:192,(anonymous_7)
FN:201,(anonymous_8)
FN:216,(anonymous_9)
FN:217,(anonymous_10)
FN:225,(anonymous_11)
FN:230,(anonymous_12)
FN:238,(anonymous_13)
FN:298,(anonymous_14)
FN:322,(anonymous_15)
FN:326,(anonymous_16)
FN:347,(anonymous_17)
FN:355,(anonymous_18)
FN:390,(anonymous_19)
FN:510,(anonymous_20)
FNF:21
FNH:0
FNDA:0,(anonymous_0)
FNDA:0,(anonymous_1)
FNDA:0,(anonymous_2)
FNDA:0,(anonymous_3)
FNDA:0,(anonymous_4)
FNDA:0,(anonymous_5)
FNDA:0,(anonymous_6)
FNDA:0,(anonymous_7)
FNDA:0,(anonymous_8)
FNDA:0,(anonymous_9)
FNDA:0,(anonymous_10)
FNDA:0,(anonymous_11)
FNDA:0,(anonymous_12)
FNDA:0,(anonymous_13)
FNDA:0,(anonymous_14)
FNDA:0,(anonymous_15)
FNDA:0,(anonymous_16)
FNDA:0,(anonymous_17)
FNDA:0,(anonymous_18)
FNDA:0,(anonymous_19)
FNDA:0,(anonymous_20)
DA:47,0
DA:56,0
DA:58,0
DA:61,0
DA:73,0
DA:75,0
DA:77,0
DA:78,0
DA:81,0
DA:82,0
DA:83,0
DA:87,0
DA:89,0
DA:90,0
DA:91,0
DA:92,0
DA:95,0
DA:96,0
DA:97,0
DA:99,0
DA:100,0
DA:104,0
DA:107,0
DA:108,0
DA:109,0
DA:111,0
DA:112,0
DA:114,0
DA:115,0
DA:116,0
DA:118,0
DA:123,0
DA:124,0
DA:127,0
DA:129,0
DA:132,0
DA:133,0
DA:136,0
DA:137,0
DA:138,0
DA:141,0
DA:142,0
DA:143,0
DA:146,0
DA:150,0
DA:155,0
DA:157,0
DA:161,0
DA:164,0
DA:168,0
DA:169,0
DA:171,0
DA:172,0
DA:176,0
DA:177,0
DA:178,0
DA:179,0
DA:181,0
DA:192,0
DA:193,0
DA:194,0
DA:196,0
DA:200,0
DA:202,0
DA:205,0
DA:206,0
DA:211,0
DA:216,0
DA:217,0
DA:218,0
DA:219,0
DA:220,0
DA:221,0
DA:225,0
DA:226,0
DA:227,0
DA:230,0
DA:231,0
DA:232,0
DA:234,0
DA:235,0
DA:238,0
DA:239,0
DA:240,0
DA:241,0
DA:242,0
DA:246,0
DA:298,0
DA:322,0
DA:326,0
DA:348,0
DA:356,0
DA:390,0
DA:510,0
DA:511,0
LF:95
LH:0
BRDA:54,0,0,0
BRDA:58,1,0,0
BRDA:58,1,1,0
BRDA:61,2,0,0
BRDA:61,2,1,0
BRDA:75,3,0,0
BRDA:75,3,1,0
BRDA:90,4,0,0
BRDA:90,4,1,0
BRDA:90,5,0,0
BRDA:90,5,1,0
BRDA:99,6,0,0
BRDA:99,6,1,0
BRDA:108,7,0,0
BRDA:108,7,1,0
BRDA:109,8,0,0
BRDA:109,8,1,0
BRDA:109,9,0,0
BRDA:109,9,1,0
BRDA:114,10,0,0
BRDA:114,10,1,0
BRDA:115,11,0,0
BRDA:115,11,1,0
BRDA:123,12,0,0
BRDA:123,12,1,0
BRDA:123,13,0,0
BRDA:123,13,1,0
BRDA:132,14,0,0
BRDA:132,14,1,0
BRDA:132,15,0,0
BRDA:132,15,1,0
BRDA:150,16,0,0
BRDA:150,16,1,0
BRDA:150,17,0,0
BRDA:150,17,1,0
BRDA:163,18,0,0
BRDA:163,18,1,0
BRDA:168,19,0,0
BRDA:168,19,1,0
BRDA:177,20,0,0
BRDA:177,20,1,0
BRDA:193,21,0,0
BRDA:193,21,1,0
BRDA:202,22,0,0
BRDA:202,22,1,0
BRDA:219,23,0,0
BRDA:219,23,1,0
BRDA:231,24,0,0
BRDA:231,24,1,0
BRDA:231,25,0,0
BRDA:231,25,1,0
BRDA:240,26,0,0
BRDA:240,26,1,0
BRDA:242,27,0,0
BRDA:242,27,1,0
BRDA:283,28,0,0
BRDA:283,28,1,0
BRDA:293,29,0,0
BRDA:293,29,1,0
BRDA:293,29,2,0
BRDA:304,30,0,0
BRDA:304,30,1,0
BRDA:304,30,2,0
BRDA:318,31,0,0
BRDA:318,31,1,0
BRDA:318,31,2,0
BRDA:322,32,0,0
BRDA:322,32,1,0
BRDA:341,33,0,0
BRDA:341,33,1,0
BRDA:348,34,0,0
BRDA:348,34,1,0
BRDA:356,35,0,0
BRDA:356,35,1,0
BRDA:362,36,0,0
BRDA:362,36,1,0
BRDA:392,37,0,0
BRDA:392,37,1,0
BRDA:397,38,0,0
BRDA:397,38,1,0
BRDA:407,39,0,0
BRDA:407,39,1,0
BRDA:416,40,0,0
BRDA:416,40,1,0
BRDA:441,41,0,0
BRDA:441,41,1,0
BRDA:485,42,0,0
BRDA:485,42,1,0
BRDA:514,43,0,0
BRDA:514,43,1,0
BRF:90
BRH:0
end_of_record
TN:
SF:src\modules\viewer\components\ViewerCanvas.tsx
FN:27,(anonymous_0)
FN:122,(anonymous_1)
FN:127,(anonymous_2)
FN:162,(anonymous_3)
FN:163,(anonymous_4)
FN:166,(anonymous_5)
FN:189,(anonymous_6)
FN:213,(anonymous_7)
FN:223,(anonymous_8)
FN:245,(anonymous_9)
FN:247,(anonymous_10)
FN:257,(anonymous_11)
FN:313,(anonymous_12)
FN:316,(anonymous_13)
FN:333,(anonymous_14)
FN:340,(anonymous_15)
FNF:16
FNH:0
FNDA:0,(anonymous_0)
FNDA:0,(anonymous_1)
FNDA:0,(anonymous_2)
FNDA:0,(anonymous_3)
FNDA:0,(anonymous_4)
FNDA:0,(anonymous_5)
FNDA:0,(anonymous_6)
FNDA:0,(anonymous_7)
FNDA:0,(anonymous_8)
FNDA:0,(anonymous_9)
FNDA:0,(anonymous_10)
FNDA:0,(anonymous_11)
FNDA:0,(anonymous_12)
FNDA:0,(anonymous_13)
FNDA:0,(anonymous_14)
FNDA:0,(anonymous_15)
DA:27,0
DA:36,0
DA:122,0
DA:125,0
DA:127,0
DA:128,0
DA:130,0
DA:131,0
DA:133,0
DA:134,0
DA:135,0
DA:138,0
DA:139,0
DA:140,0
DA:142,0
DA:147,0
DA:149,0
DA:150,0
DA:151,0
DA:155,0
DA:162,0
DA:163,0
DA:164,0
DA:166,0
DA:168,0
DA:172,0
DA:177,0
DA:181,0
DA:185,0
DA:189,0
DA:190,0
DA:213,0
DA:214,0
DA:223,0
DA:224,0
DA:245,0
DA:247,0
DA:248,0
DA:250,0
DA:255,0
DA:257,0
DA:258,0
DA:259,0
DA:260,0
DA:262,0
DA:264,0
DA:266,0
DA:267,0
DA:269,0
DA:270,0
DA:271,0
DA:277,0
DA:278,0
DA:279,0
DA:280,0
DA:281,0
DA:282,0
DA:284,0
DA:285,0
DA:286,0
DA:287,0
DA:288,0
DA:291,0
DA:292,0
DA:294,0
DA:295,0
DA:296,0
DA:297,0
DA:300,0
DA:304,0
DA:305,0
DA:313,0
DA:314,0
DA:316,0
DA:317,0
DA:318,0
DA:319,0
DA:321,0
DA:323,0
DA:324,0
DA:330,0
DA:334,0
DA:335,0
DA:337,0
DA:341,0
DA:342,0
LF:86
LH:0
BRDA:84,0,0,0
BRDA:84,0,1,0
BRDA:95,1,0,0
BRDA:95,1,1,0
BRDA:100,2,0,0
BRDA:100,2,1,0
BRDA:102,3,0,0
BRDA:102,3,1,0
BRDA:107,4,0,0
BRDA:107,4,1,0
BRDA:116,5,0,0
BRDA:116,5,1,0
BRDA:128,6,0,0
BRDA:128,6,1,0
BRDA:131,7,0,0
BRDA:131,7,1,0
BRDA:149,8,0,0
BRDA:149,8,1,0
BRDA:164,9,0,0
BRDA:164,9,1,0
BRDA:168,10,0,0
BRDA:168,10,1,0
BRDA:169,11,0,0
BRDA:169,11,1,0
BRDA:177,12,0,0
BRDA:177,12,1,0
BRDA:178,13,0,0
BRDA:178,13,1,0
BRDA:248,14,0,0
BRDA:248,14,1,0
BRDA:258,15,0,0
BRDA:258,15,1,0
BRDA:262,16,0,0
BRDA:262,16,1,0
BRDA:269,17,0,0
BRDA:269,17,1,0
BRDA:282,18,0,0
BRDA:282,18,1,0
BRDA:291,19,0,0
BRDA:291,19,1,0
BRDA:304,20,0,0
BRDA:304,20,1,0
BRDA:304,21,0,0
BRDA:304,21,1,0
BRDA:314,22,0,0
BRDA:314,22,1,0
BRDA:314,23,0,0
BRDA:314,23,1,0
BRDA:317,24,0,0
BRDA:317,24,1,0
BRDA:317,25,0,0
BRDA:317,25,1,0
BRDA:321,26,0,0
BRDA:321,26,1,0
BRDA:335,27,0,0
BRDA:335,27,1,0
BRDA:335,28,0,0
BRDA:335,28,1,0
BRDA:337,29,0,0
BRDA:337,29,1,0
BRDA:341,30,0,0
BRDA:341,30,1,0
BRDA:341,31,0,0
BRDA:341,31,1,0
BRF:64
BRH:0
end_of_record
TN:
SF:src\modules\viewer\hooks\usePartInteraction.tsx
FN:10,(anonymous_0)
FN:17,(anonymous_1)
FN:18,(anonymous_2)
FN:22,(anonymous_3)
FN:27,(anonymous_4)
FN:34,(anonymous_5)
FN:74,(anonymous_6)
FN:81,(anonymous_7)
FNF:8
FNH:0
FNDA:0,(anonymous_0)
FNDA:0,(anonymous_1)
FNDA:0,(anonymous_2)
FNDA:0,(anonymous_3)
FNDA:0,(anonymous_4)
FNDA:0,(anonymous_5)
FNDA:0,(anonymous_6)
FNDA:0,(anonymous_7)
DA:10,0
DA:15,0
DA:17,0
DA:19,0
DA:20,0
DA:23,0
DA:24,0
DA:25,0
DA:28,0
DA:29,0
DA:30,0
DA:34,0
DA:41,0
DA:42,0
DA:43,0
DA:45,0
DA:48,0
DA:49,0
DA:51,0
DA:52,0
DA:53,0
DA:54,0
DA:55,0
DA:56,0
DA:57,0
DA:58,0
DA:59,0
DA:60,0
DA:61,0
DA:64,0
DA:74,0
DA:75,0
DA:81,0
DA:87,0
LF:34
LH:0
BRDA:20,0,0,0
BRDA:20,0,1,0
BRDA:37,1,0,0
BRDA:38,2,0,0
BRDA:45,3,0,0
BRDA:45,3,1,0
BRDA:48,4,0,0
BRDA:48,4,1,0
BRDA:49,5,0,0
BRDA:49,5,1,0
BRDA:51,6,0,0
BRDA:51,6,1,0
BRDA:55,7,0,0
BRDA:55,7,1,0
BRDA:59,8,0,0
BRDA:59,8,1,0
BRDA:69,9,0,0
BRDA:69,9,1,0
BRDA:70,10,0,0
BRDA:70,10,1,0
BRDA:74,11,0,0
BRDA:75,12,0,0
BRDA:75,12,1,0
BRF:23
BRH:0
end_of_record
TN:
SF:src\modules\viewer\hooks\useViewer.ts
FN:21,(anonymous_0)
FN:26,(anonymous_1)
FN:27,(anonymous_2)
FN:30,(anonymous_3)
FN:31,(anonymous_4)
FN:34,(anonymous_5)
FN:35,(anonymous_6)
FN:38,(anonymous_7)
FN:39,(anonymous_8)
FN:42,(anonymous_9)
FN:46,(anonymous_10)
FN:47,(anonymous_11)
FN:50,(anonymous_12)
FN:51,(anonymous_13)
FN:55,(anonymous_14)
FN:58,(anonymous_15)
FN:59,(anonymous_16)
FN:73,(anonymous_17)
FN:85,(anonymous_18)
FN:95,(anonymous_19)
FN:100,(anonymous_20)
FN:107,(anonymous_21)
FNF:22
FNH:0
FNDA:0,(anonymous_0)
FNDA:0,(anonymous_1)
FNDA:0,(anonymous_2)
FNDA:0,(anonymous_3)
FNDA:0,(anonymous_4)
FNDA:0,(anonymous_5)
FNDA:0,(anonymous_6)
FNDA:0,(anonymous_7)
FNDA:0,(anonymous_8)
FNDA:0,(anonymous_9)
FNDA:0,(anonymous_10)
FNDA:0,(anonymous_11)
FNDA:0,(anonymous_12)
FNDA:0,(anonymous_13)
FNDA:0,(anonymous_14)
FNDA:0,(anonymous_15)
FNDA:0,(anonymous_16)
FNDA:0,(anonymous_17)
FNDA:0,(anonymous_18)
FNDA:0,(anonymous_19)
FNDA:0,(anonymous_20)
FNDA:0,(anonymous_21)
DA:4,0
DA:12,0
DA:21,0
DA:22,0
DA:23,0
DA:24,0
DA:26,0
DA:27,0
DA:30,0
DA:31,0
DA:34,0
DA:35,0
DA:38,0
DA:39,0
DA:42,0
DA:43,0
DA:46,0
DA:47,0
DA:50,0
DA:51,0
DA:54,0
DA:56,0
DA:57,0
DA:58,0
DA:59,0
DA:61,0
DA:63,0
DA:64,0
DA:66,0
DA:72,0
DA:74,0
DA:75,0
DA:76,0
DA:78,0
DA:79,0
DA:85,0
DA:86,0
DA:87,0
DA:88,0
DA:90,0
DA:91,0
DA:95,0
DA:96,0
DA:97,0
DA:98,0
DA:99,0
DA:100,0
DA:102,0
DA:107,0
DA:108,0
DA:113,0
DA:119,0
LF:52
LH:0
BRDA:97,0,0,0
BRDA:97,0,1,0
BRF:2
BRH:0
end_of_record
TN:
SF:src\modules\viewer\services\ModelExporter.ts
FN:8,(anonymous_0)
FN:12,(anonymous_1)
FN:59,(anonymous_2)
FN:87,(anonymous_3)
FN:90,(anonymous_4)
FN:122,(anonymous_5)
FN:138,(anonymous_6)
FNF:7
FNH:0
FNDA:0,(anonymous_0)
FNDA:0,(anonymous_1)
FNDA:0,(anonymous_2)
FNDA:0,(anonymous_3)
FNDA:0,(anonymous_4)
FNDA:0,(anonymous_5)
FNDA:0,(anonymous_6)
DA:9,0
DA:18,0
DA:22,0
DA:23,0
DA:27,0
DA:28,0
DA:32,0
DA:33,0
DA:37,0
DA:38,0
DA:41,0
DA:42,0
DA:43,0
DA:44,0
DA:45,0
DA:46,0
DA:47,0
DA:48,0
DA:49,0
DA:52,0
DA:58,0
DA:59,0
DA:60,0
DA:61,0
DA:62,0
DA:63,0
DA:65,0
DA:66,0
DA:68,0
DA:70,0
DA:71,0
DA:73,0
DA:76,0
DA:81,0
DA:82,0
DA:84,0
DA:88,0
DA:90,0
DA:96,0
DA:97,0
DA:99,0
DA:111,0
DA:123,0
DA:139,0
DA:140,0
DA:141,0
DA:142,0
DA:143,0
DA:144,0
DA:145,0
DA:146,0
LF:51
LH:0
BRDA:22,0,0,0
BRDA:22,0,1,0
BRDA:27,1,0,0
BRDA:27,1,1,0
BRDA:32,2,0,0
BRDA:32,2,1,0
BRDA:41,3,0,0
BRDA:41,3,1,0
BRDA:41,4,0,0
BRDA:41,4,1,0
BRDA:46,5,0,0
BRDA:46,5,1,0
BRDA:60,6,0,0
BRDA:60,6,1,0
BRDA:63,7,0,0
BRDA:63,7,1,0
BRDA:63,8,0,0
BRDA:63,8,1,0
BRDA:65,9,0,0
BRDA:65,9,1,0
BRDA:68,10,0,0
BRDA:68,10,1,0
BRDA:68,11,0,0
BRDA:68,11,1,0
BRF:24
BRH:0
end_of_record
TN:
SF:src\modules\viewer\services\ModelImporter.ts
FN:28,(anonymous_0)
FN:91,(anonymous_1)
FN:188,(anonymous_2)
FN:197,(anonymous_3)
FN:214,(anonymous_4)
FN:229,(anonymous_5)
FN:232,(anonymous_6)
FN:235,(anonymous_7)
FN:238,(anonymous_8)
FN:241,(anonymous_9)
FN:272,(anonymous_10)
FN:300,(anonymous_11)
FN:378,(anonymous_12)
FN:409,(anonymous_13)
FN:416,(anonymous_14)
FN:433,(anonymous_15)
FN:444,(anonymous_16)
FN:473,(anonymous_17)
FN:486,(anonymous_18)
FN:492,(anonymous_19)
FN:505,(anonymous_20)
FN:515,(anonymous_21)
FN:535,(anonymous_22)
FN:709,(anonymous_23)
FN:719,(anonymous_24)
FN:734,(anonymous_25)
FN:757,(anonymous_26)
FN:769,(anonymous_27)
FN:770,(anonymous_28)
FN:775,(anonymous_29)
FN:776,(anonymous_30)
FN:781,(anonymous_31)
FN:782,(anonymous_32)
FN:787,(anonymous_33)
FN:790,(anonymous_34)
FNF:35
FNH:4
FNDA:3,(anonymous_0)
FNDA:0,(anonymous_1)
FNDA:0,(anonymous_2)
FNDA:0,(anonymous_3)
FNDA:0,(anonymous_4)
FNDA:0,(anonymous_5)
FNDA:0,(anonymous_6)
FNDA:0,(anonymous_7)
FNDA:0,(anonymous_8)
FNDA:0,(anonymous_9)
FNDA:0,(anonymous_10)
FNDA:0,(anonymous_11)
FNDA:0,(anonymous_12)
FNDA:0,(anonymous_13)
FNDA:0,(anonymous_14)
FNDA:0,(anonymous_15)
FNDA:0,(anonymous_16)
FNDA:4,(anonymous_17)
FNDA:7,(anonymous_18)
FNDA:0,(anonymous_19)
FNDA:0,(anonymous_20)
FNDA:2,(anonymous_21)
FNDA:0,(anonymous_22)
FNDA:0,(anonymous_23)
FNDA:0,(anonymous_24)
FNDA:0,(anonymous_25)
FNDA:0,(anonymous_26)
FNDA:0,(anonymous_27)
FNDA:0,(anonymous_28)
FNDA:0,(anonymous_29)
FNDA:0,(anonymous_30)
FNDA:0,(anonymous_31)
FNDA:0,(anonymous_32)
FNDA:0,(anonymous_33)
FNDA:0,(anonymous_34)
DA:19,6
DA:20,6
DA:21,6
DA:22,6
DA:23,6
DA:25,6
DA:26,6
DA:35,3
DA:36,3
DA:37,3
DA:39,1
DA:42,2
DA:43,2
DA:44,2
DA:45,2
DA:46,2
DA:48,2
DA:49,2
DA:51,2
DA:52,2
DA:53,0
DA:54,0
DA:57,2
DA:59,2
DA:60,1
DA:61,1
DA:62,1
DA:63,1
DA:65,1
DA:66,1
DA:67,1
DA:68,1
DA:70,1
DA:71,0
DA:72,0
DA:76,0
DA:77,0
DA:80,2
DA:82,2
DA:94,0
DA:95,0
DA:97,0
DA:109,0
DA:119,0
DA:120,0
DA:121,0
DA:125,0
DA:131,0
DA:132,0
DA:133,0
DA:134,0
DA:138,0
DA:145,0
DA:146,0
DA:147,0
DA:148,0
DA:149,0
DA:150,0
DA:154,0
DA:161,0
DA:162,0
DA:163,0
DA:164,0
DA:168,0
DA:175,0
DA:176,0
DA:179,0
DA:180,0
DA:181,0
DA:182,0
DA:185,0
DA:192,0
DA:193,0
DA:194,0
DA:195,0
DA:197,0
DA:198,0
DA:199,0
DA:200,0
DA:201,0
DA:202,0
DA:203,0
DA:204,0
DA:205,0
DA:210,0
DA:211,0
DA:215,0
DA:216,0
DA:217,0
DA:218,0
DA:219,0
DA:221,0
DA:222,0
DA:223,0
DA:224,0
DA:225,0
DA:228,0
DA:229,0
DA:231,0
DA:232,0
DA:234,0
DA:235,0
DA:237,0
DA:238,0
DA:240,0
DA:241,0
DA:245,0
DA:246,0
DA:247,0
DA:248,0
DA:249,0
DA:250,0
DA:253,0
DA:258,0
DA:259,0
DA:263,0
DA:266,0
DA:268,0
DA:271,0
DA:273,0
DA:278,0
DA:279,0
DA:280,0
DA:282,0
DA:286,0
DA:287,0
DA:288,0
DA:289,0
DA:290,0
DA:292,0
DA:293,0
DA:294,0
DA:296,0
DA:297,0
DA:298,0
DA:299,0
DA:301,0
DA:305,0
DA:306,0
DA:307,0
DA:308,0
DA:309,0
DA:315,0
DA:316,0
DA:319,0
DA:323,0
DA:324,0
DA:325,0
DA:328,0
DA:329,0
DA:330,0
DA:333,0
DA:336,0
DA:337,0
DA:345,0
DA:348,0
DA:349,0
DA:350,0
DA:351,0
DA:352,0
DA:353,0
DA:354,0
DA:356,0
DA:362,0
DA:363,0
DA:366,0
DA:379,0
DA:380,0
DA:381,0
DA:382,0
DA:383,0
DA:384,0
DA:385,0
DA:387,0
DA:388,0
DA:389,0
DA:391,0
DA:392,0
DA:393,0
DA:394,0
DA:397,0
DA:398,0
DA:400,0
DA:401,0
DA:402,0
DA:404,0
DA:413,0
DA:414,0
DA:415,0
DA:416,0
DA:417,0
DA:420,0
DA:423,0
DA:427,0
DA:428,0
DA:430,0
DA:439,0
DA:440,0
DA:441,0
DA:442,0
DA:444,0
DA:445,0
DA:446,0
DA:447,0
DA:448,0
DA:450,0
DA:452,0
DA:454,0
DA:455,0
DA:461,0
DA:462,0
DA:463,0
DA:475,4
DA:478,4
DA:481,4
DA:484,4
DA:486,7
DA:489,4
DA:496,0
DA:497,0
DA:498,0
DA:500,0
DA:501,0
DA:509,0
DA:510,0
DA:511,0
DA:517,2
DA:522,2
DA:525,2
DA:527,2
DA:536,0
DA:540,0
DA:541,0
DA:543,0
DA:544,0
DA:546,0
DA:547,0
DA:551,0
DA:552,0
DA:554,0
DA:555,0
DA:557,0
DA:563,0
DA:565,0
DA:566,0
DA:572,0
DA:573,0
DA:575,0
DA:580,0
DA:586,0
DA:592,0
DA:594,0
DA:600,0
DA:602,0
DA:607,0
DA:613,0
DA:614,0
DA:616,0
DA:617,0
DA:619,0
DA:620,0
DA:626,0
DA:632,0
DA:634,0
DA:639,0
DA:645,0
DA:646,0
DA:648,0
DA:654,0
DA:660,0
DA:666,0
DA:668,0
DA:673,0
DA:679,0
DA:680,0
DA:681,0
DA:682,0
DA:684,0
DA:693,0
DA:695,0
DA:702,0
DA:703,0
DA:710,0
DA:711,0
DA:712,0
DA:713,0
DA:714,0
DA:716,0
DA:721,0
DA:722,0
DA:723,0
DA:726,0
DA:727,0
DA:728,0
DA:731,0
DA:732,0
DA:734,0
DA:735,0
DA:736,0
DA:737,0
DA:738,0
DA:739,0
DA:740,0
DA:743,0
DA:744,0
DA:745,0
DA:746,0
DA:747,0
DA:750,0
DA:761,0
DA:762,0
DA:763,0
DA:764,0
DA:765,0
DA:766,0
DA:770,0
DA:771,0
DA:776,0
DA:777,0
DA:782,0
DA:783,0
DA:788,0
DA:789,0
DA:790,0
DA:791,0
DA:792,0
DA:793,0
DA:794,0
DA:795,0
DA:798,0
LF:330
LH:43
BRDA:32,0,0,3
BRDA:37,1,0,0
BRDA:37,1,1,3
BRDA:52,2,0,0
BRDA:52,2,1,2
BRDA:54,3,0,0
BRDA:54,3,1,0
BRDA:59,4,0,1
BRDA:59,4,1,1
BRDA:61,5,0,1
BRDA:61,5,1,0
BRDA:63,6,0,1
BRDA:63,6,1,0
BRDA:66,7,0,0
BRDA:66,7,1,1
BRDA:72,8,0,0
BRDA:72,8,1,0
BRDA:84,9,0,2
BRDA:84,9,1,2
BRDA:109,10,0,0
BRDA:109,10,1,0
BRDA:110,11,0,0
BRDA:110,11,1,0
BRDA:110,11,2,0
BRDA:110,11,3,0
BRDA:110,11,4,0
BRDA:110,11,5,0
BRDA:110,11,6,0
BRDA:110,11,7,0
BRDA:125,12,0,0
BRDA:125,12,1,0
BRDA:126,13,0,0
BRDA:126,13,1,0
BRDA:126,13,2,0
BRDA:126,13,3,0
BRDA:138,14,0,0
BRDA:138,14,1,0
BRDA:139,15,0,0
BRDA:139,15,1,0
BRDA:139,15,2,0
BRDA:139,15,3,0
BRDA:139,15,4,0
BRDA:154,16,0,0
BRDA:154,16,1,0
BRDA:155,17,0,0
BRDA:155,17,1,0
BRDA:155,17,2,0
BRDA:155,17,3,0
BRDA:155,17,4,0
BRDA:168,18,0,0
BRDA:168,18,1,0
BRDA:169,19,0,0
BRDA:169,19,1,0
BRDA:169,19,2,0
BRDA:169,19,3,0
BRDA:169,19,4,0
BRDA:179,20,0,0
BRDA:179,20,1,0
BRDA:198,21,0,0
BRDA:198,21,1,0
BRDA:203,22,0,0
BRDA:203,22,1,0
BRDA:204,23,0,0
BRDA:204,23,1,0
BRDA:204,24,0,0
BRDA:204,24,1,0
BRDA:229,25,0,0
BRDA:229,25,1,0
BRDA:232,26,0,0
BRDA:232,26,1,0
BRDA:235,27,0,0
BRDA:235,27,1,0
BRDA:238,28,0,0
BRDA:238,28,1,0
BRDA:241,29,0,0
BRDA:241,29,1,0
BRDA:245,30,0,0
BRDA:245,30,1,0
BRDA:249,31,0,0
BRDA:249,31,1,0
BRDA:258,32,0,0
BRDA:258,32,1,0
BRDA:263,33,0,0
BRDA:263,33,1,0
BRDA:266,34,0,0
BRDA:266,34,1,0
BRDA:273,35,0,0
BRDA:273,35,1,0
BRDA:273,35,2,0
BRDA:278,36,0,0
BRDA:278,36,1,0
BRDA:278,37,0,0
BRDA:278,37,1,0
BRDA:286,38,0,0
BRDA:286,38,1,0
BRDA:292,39,0,0
BRDA:292,39,1,0
BRDA:292,40,0,0
BRDA:292,40,1,0
BRDA:298,41,0,0
BRDA:298,41,1,0
BRDA:301,42,0,0
BRDA:301,42,1,0
BRDA:301,42,2,0
BRDA:305,43,0,0
BRDA:305,43,1,0
BRDA:315,44,0,0
BRDA:315,44,1,0
BRDA:323,45,0,0
BRDA:323,45,1,0
BRDA:329,46,0,0
BRDA:329,46,1,0
BRDA:341,47,0,0
BRDA:341,47,1,0
BRDA:348,48,0,0
BRDA:348,48,1,0
BRDA:362,49,0,0
BRDA:362,49,1,0
BRDA:362,50,0,0
BRDA:362,50,1,0
BRDA:368,51,0,0
BRDA:368,51,1,0
BRDA:384,52,0,0
BRDA:384,52,1,0
BRDA:414,53,0,0
BRDA:414,53,1,0
BRDA:415,54,0,0
BRDA:415,54,1,0
BRDA:417,55,0,0
BRDA:417,55,1,0
BRDA:440,56,0,0
BRDA:440,56,1,0
BRDA:445,57,0,0
BRDA:445,57,1,0
BRDA:454,58,0,0
BRDA:454,58,1,0
BRDA:454,59,0,0
BRDA:454,59,1,0
BRDA:478,60,0,4
BRDA:478,60,1,0
BRDA:500,61,0,0
BRDA:500,61,1,0
BRDA:500,62,0,0
BRDA:500,62,1,0
BRDA:540,63,0,0
BRDA:540,63,1,0
BRDA:540,64,0,0
BRDA:540,64,1,0
BRDA:540,64,2,0
BRDA:543,65,0,0
BRDA:543,65,1,0
BRDA:543,66,0,0
BRDA:543,66,1,0
BRDA:543,66,2,0
BRDA:546,67,0,0
BRDA:546,67,1,0
BRDA:546,68,0,0
BRDA:546,68,1,0
BRDA:546,68,2,0
BRDA:551,69,0,0
BRDA:551,69,1,0
BRDA:551,70,0,0
BRDA:551,70,1,0
BRDA:551,70,2,0
BRDA:554,71,0,0
BRDA:554,71,1,0
BRDA:554,72,0,0
BRDA:554,72,1,0
BRDA:554,72,2,0
BRDA:557,73,0,0
BRDA:557,73,1,0
BRDA:558,74,0,0
BRDA:558,74,1,0
BRDA:558,74,2,0
BRDA:558,74,3,0
BRDA:565,75,0,0
BRDA:565,75,1,0
BRDA:565,76,0,0
BRDA:565,76,1,0
BRDA:572,77,0,0
BRDA:572,77,1,0
BRDA:572,78,0,0
BRDA:572,78,1,0
BRDA:572,78,2,0
BRDA:575,79,0,0
BRDA:575,79,1,0
BRDA:576,80,0,0
BRDA:576,80,1,0
BRDA:576,80,2,0
BRDA:586,81,0,0
BRDA:586,81,1,0
BRDA:587,82,0,0
BRDA:587,82,1,0
BRDA:587,82,2,0
BRDA:587,82,3,0
BRDA:594,83,0,0
BRDA:594,83,1,0
BRDA:595,84,0,0
BRDA:595,84,1,0
BRDA:595,84,2,0
BRDA:595,84,3,0
BRDA:602,85,0,0
BRDA:602,85,1,0
BRDA:603,86,0,0
BRDA:603,86,1,0
BRDA:603,86,2,0
BRDA:613,87,0,0
BRDA:613,87,1,0
BRDA:613,88,0,0
BRDA:613,88,1,0
BRDA:613,88,2,0
BRDA:616,89,0,0
BRDA:616,89,1,0
BRDA:616,90,0,0
BRDA:616,90,1,0
BRDA:619,91,0,0
BRDA:619,91,1,0
BRDA:619,92,0,0
BRDA:619,92,1,0
BRDA:626,93,0,0
BRDA:626,93,1,0
BRDA:627,94,0,0
BRDA:627,94,1,0
BRDA:627,94,2,0
BRDA:627,94,3,0
BRDA:634,95,0,0
BRDA:634,95,1,0
BRDA:635,96,0,0
BRDA:635,96,1,0
BRDA:635,96,2,0
BRDA:645,97,0,0
BRDA:645,97,1,0
BRDA:645,98,0,0
BRDA:645,98,1,0
BRDA:645,98,2,0
BRDA:648,99,0,0
BRDA:648,99,1,0
BRDA:649,100,0,0
BRDA:649,100,1,0
BRDA:649,100,2,0
BRDA:649,100,3,0
BRDA:660,101,0,0
BRDA:660,101,1,0
BRDA:661,102,0,0
BRDA:661,102,1,0
BRDA:661,102,2,0
BRDA:661,102,3,0
BRDA:668,103,0,0
BRDA:668,103,1,0
BRDA:669,104,0,0
BRDA:669,104,1,0
BRDA:669,104,2,0
BRDA:679,105,0,0
BRDA:679,105,1,0
BRDA:681,106,0,0
BRDA:681,106,1,0
BRDA:731,107,0,0
BRDA:731,107,1,0
BRDA:735,108,0,0
BRDA:735,108,1,0
BRDA:736,109,0,0
BRDA:736,109,1,0
BRDA:737,110,0,0
BRDA:737,110,1,0
BRDA:738,111,0,0
BRDA:738,111,1,0
BRDA:739,112,0,0
BRDA:739,112,1,0
BRDA:743,113,0,0
BRDA:743,113,1,0
BRDA:762,114,0,0
BRDA:762,114,1,0
BRDA:763,115,0,0
BRDA:763,115,1,0
BRDA:764,116,0,0
BRDA:764,116,1,0
BRDA:764,117,0,0
BRDA:764,117,1,0
BRDA:789,118,0,0
BRDA:789,118,1,0
BRDA:792,119,0,0
BRDA:792,119,1,0
BRDA:794,120,0,0
BRDA:794,120,1,0
BRF:284
BRH:11
end_of_record
TN:
SF:src\modules\viewer\services\assetService.ts
FN:29,(anonymous_0)
FN:43,(anonymous_1)
FN:51,(anonymous_2)
FN:66,(anonymous_3)
FN:79,(anonymous_4)
FN:91,(anonymous_5)
FN:104,(anonymous_6)
FN:109,(anonymous_7)
FN:111,(anonymous_8)
FN:121,(anonymous_9)
FN:167,(anonymous_10)
FN:168,(anonymous_11)
FNF:12
FNH:6
FNDA:1,(anonymous_0)
FNDA:0,(anonymous_1)
FNDA:0,(anonymous_2)
FNDA:2,(anonymous_3)
FNDA:0,(anonymous_4)
FNDA:0,(anonymous_5)
FNDA:2,(anonymous_6)
FNDA:2,(anonymous_7)
FNDA:0,(anonymous_8)
FNDA:0,(anonymous_9)
FNDA:2,(anonymous_10)
FNDA:3,(anonymous_11)
DA:30,1
DA:31,1
DA:32,1
DA:34,1
DA:35,1
DA:37,0
DA:38,0
DA:44,0
DA:46,0
DA:48,0
DA:49,0
DA:51,0
DA:53,0
DA:54,0
DA:57,0
DA:60,0
DA:61,0
DA:67,2
DA:68,2
DA:71,2
DA:73,0
DA:74,0
DA:86,0
DA:87,0
DA:99,0
DA:100,0
DA:105,2
DA:107,2
DA:109,2
DA:110,2
DA:111,0
DA:112,0
DA:115,2
DA:118,2
DA:119,2
DA:121,2
DA:134,2
DA:135,2
DA:137,2
DA:158,2
DA:159,2
DA:161,0
DA:162,0
DA:168,3
DA:169,2
DA:171,1
DA:172,1
DA:173,1
DA:174,1
DA:177,0
DA:179,0
DA:183,2
LF:52
LH:28
BRDA:32,0,0,1
BRDA:32,0,1,0
BRDA:44,1,0,0
BRDA:44,1,1,0
BRDA:44,2,0,0
BRDA:44,2,1,0
BRDA:57,3,0,0
BRDA:57,3,1,0
BRDA:109,4,0,2
BRDA:109,4,1,2
BRDA:110,5,0,0
BRDA:110,5,1,2
BRDA:123,6,0,0
BRDA:123,6,1,0
BRDA:124,7,0,0
BRDA:124,7,1,0
BRDA:126,8,0,0
BRDA:126,8,1,0
BRDA:127,9,0,0
BRDA:127,9,1,0
BRDA:128,10,0,0
BRDA:128,10,1,0
BRDA:129,11,0,0
BRDA:129,11,1,0
BRDA:135,12,0,1
BRDA:135,12,1,1
BRDA:169,13,0,1
BRDA:169,13,1,1
BRDA:173,14,0,1
BRDA:173,14,1,0
BRF:30
BRH:9
end_of_record
TN:
SF:src\modules\viewer\services\viewerService.ts
FN:8,(anonymous_0)
FN:32,(anonymous_1)
FN:54,(anonymous_2)
FN:69,(anonymous_3)
FN:88,(anonymous_4)
FN:106,(anonymous_5)
FN:127,(anonymous_6)
FN:128,(anonymous_7)
FN:129,(anonymous_8)
FN:142,(anonymous_9)
FN:149,(anonymous_10)
FN:174,(anonymous_11)
FN:182,(anonymous_12)
FNF:13
FNH:0
FNDA:0,(anonymous_0)
FNDA:0,(anonymous_1)
FNDA:0,(anonymous_2)
FNDA:0,(anonymous_3)
FNDA:0,(anonymous_4)
FNDA:0,(anonymous_5)
FNDA:0,(anonymous_6)
FNDA:0,(anonymous_7)
FNDA:0,(anonymous_8)
FNDA:0,(anonymous_9)
FNDA:0,(anonymous_10)
FNDA:0,(anonymous_11)
FNDA:0,(anonymous_12)
DA:9,0
DA:11,0
DA:12,0
DA:14,0
DA:24,0
DA:25,0
DA:33,0
DA:35,0
DA:38,0
DA:44,0
DA:46,0
DA:47,0
DA:55,0
DA:56,0
DA:58,0
DA:71,0
DA:74,0
DA:75,0
DA:79,0
DA:80,0
DA:82,0
DA:89,0
DA:90,0
DA:92,0
DA:93,0
DA:96,0
DA:97,0
DA:98,0
DA:100,0
DA:107,0
DA:108,0
DA:110,0
DA:111,0
DA:114,0
DA:115,0
DA:116,0
DA:117,0
DA:119,0
DA:121,0
DA:128,0
DA:129,0
DA:130,0
DA:131,0
DA:133,0
DA:143,0
DA:150,0
DA:151,0
DA:153,0
DA:154,0
DA:160,0
DA:161,0
DA:162,0
DA:168,0
DA:175,0
DA:176,0
DA:183,0
DA:188,0
LF:57
LH:0
BRDA:59,0,0,0
BRDA:59,0,1,0
BRDA:60,1,0,0
BRDA:60,1,1,0
BRDA:61,2,0,0
BRDA:61,2,1,0
BRDA:74,3,0,0
BRDA:74,3,1,0
BRDA:92,4,0,0
BRDA:92,4,1,0
BRDA:106,5,0,0
BRDA:110,6,0,0
BRDA:110,6,1,0
BRDA:130,7,0,0
BRDA:130,7,1,0
BRDA:153,8,0,0
BRDA:153,8,1,0
BRDA:161,9,0,0
BRDA:161,9,1,0
BRDA:174,10,0,0
BRDA:174,11,0,0
BRDA:182,12,0,0
BRF:22
BRH:0
end_of_record
TN:
SF:src\modules\viewer\types\viewer.type.ts
FNF:0
FNH:0
LF:0
LH:0
BRF:0
BRH:0
end_of_record
TN:
SF:src\modules\viewer\utils\GeometryAnalyzer.ts
FN:15,(anonymous_0)
FN:23,(anonymous_1)
FN:58,(anonymous_2)
FN:95,(anonymous_3)
FN:104,(anonymous_4)
FN:112,(anonymous_5)
FNF:6
FNH:6
FNDA:4,(anonymous_0)
FNDA:8,(anonymous_1)
FNDA:4,(anonymous_2)
FNDA:144,(anonymous_3)
FNDA:48,(anonymous_4)
FNDA:48,(anonymous_5)
DA:16,4
DA:17,4
DA:18,4
DA:19,4
DA:20,4
DA:21,4
DA:23,4
DA:24,8
DA:25,4
DA:26,4
DA:29,4
DA:33,4
DA:34,4
DA:37,4
DA:38,4
DA:39,4
DA:44,4
DA:45,4
DA:47,4
DA:48,4
DA:50,4
DA:59,4
DA:60,4
DA:62,4
DA:63,4
DA:66,4
DA:67,4
DA:68,4
DA:70,4
DA:72,4
DA:73,48
DA:74,48
DA:75,48
DA:77,48
DA:78,48
DA:82,0
DA:83,0
DA:84,0
DA:85,0
DA:87,0
DA:88,0
DA:92,4
DA:96,144
DA:97,144
DA:105,48
DA:106,48
DA:114,48
DA:115,48
DA:116,48
DA:117,48
LF:50
LH:44
BRDA:24,0,0,4
BRDA:24,0,1,4
BRDA:29,1,0,0
BRDA:29,1,1,4
BRDA:29,2,0,4
BRDA:29,2,1,0
BRDA:70,3,0,4
BRDA:70,3,1,0
BRF:8
BRH:5
end_of_record
TN:
SF:src\modules\viewer\utils\SDFParser.ts
FN:16,(anonymous_0)
FN:94,(anonymous_1)
FN:98,(anonymous_2)
FN:115,(anonymous_3)
FN:120,(anonymous_4)
FN:124,(anonymous_5)
FNF:6
FNH:6
FNDA:5,(anonymous_0)
FNDA:13,(anonymous_1)
FNDA:78,(anonymous_2)
FNDA:6,(anonymous_3)
FNDA:8,(anonymous_4)
FNDA:20,(anonymous_5)
DA:14,16
DA:17,5
DA:18,5
DA:21,5
DA:23,5
DA:24,5
DA:26,5
DA:28,5
DA:29,4
DA:33,4
DA:34,4
DA:37,4
DA:42,4
DA:44,4
DA:45,4
DA:46,4
DA:47,4
DA:49,4
DA:50,4
DA:52,4
DA:54,4
DA:56,4
DA:59,4
DA:62,4
DA:68,4
DA:69,4
DA:70,4
DA:71,4
DA:73,4
DA:85,5
DA:95,13
DA:98,78
DA:101,13
DA:103,13
DA:106,13
DA:107,13
DA:109,13
DA:110,13
DA:112,13
DA:117,6
DA:121,8
DA:124,20
DA:126,8
DA:127,8
LF:44
LH:44
BRDA:23,0,0,5
BRDA:23,0,1,3
BRDA:33,1,0,4
BRDA:33,1,1,2
BRDA:47,2,0,0
BRDA:47,2,1,4
BRDA:50,3,0,0
BRDA:50,3,1,4
BRDA:52,4,0,4
BRDA:52,4,1,0
BRDA:54,5,0,4
BRDA:54,5,1,2
BRDA:56,6,0,4
BRDA:56,6,1,2
BRDA:74,7,0,4
BRDA:74,7,1,0
BRDA:101,8,0,13
BRDA:101,8,1,0
BRDA:126,9,0,6
BRDA:126,9,1,2
BRF:20
BRH:15
end_of_record
TN:
SF:src\pages\HomePage.tsx
FN:46,(anonymous_0)
FN:60,(anonymous_1)
FN:67,(anonymous_2)
FN:86,(anonymous_3)
FN:108,(anonymous_4)
FN:155,(anonymous_5)
FN:162,(anonymous_6)
FN:166,(anonymous_7)
FN:173,(anonymous_8)
FN:177,(anonymous_9)
FN:203,(anonymous_10)
FN:250,(anonymous_11)
FN:259,(anonymous_12)
FN:273,(anonymous_13)
FN:291,(anonymous_14)
FN:318,(anonymous_15)
FN:321,(anonymous_16)
FN:382,(anonymous_17)
FN:407,(anonymous_18)
FN:413,(anonymous_19)
FN:454,(anonymous_20)
FN:477,(anonymous_21)
FN:487,(anonymous_22)
FN:496,(anonymous_23)
FN:505,(anonymous_24)
FN:519,(anonymous_25)
FN:563,(anonymous_26)
FN:576,(anonymous_27)
FN:623,(anonymous_28)
FN:624,(anonymous_29)
FN:630,(anonymous_30)
FN:637,(anonymous_31)
FN:641,(anonymous_32)
FN:691,(anonymous_33)
FN:703,(anonymous_34)
FN:705,(anonymous_35)
FN:713,(anonymous_36)
FN:717,(anonymous_37)
FN:721,(anonymous_38)
FN:727,(anonymous_39)
FN:770,(anonymous_40)
FN:783,(anonymous_41)
FN:921,(anonymous_42)
FN:932,(anonymous_43)
FN:956,(anonymous_44)
FN:962,(anonymous_45)
FN:991,(anonymous_46)
FNF:47
FNH:6
FNDA:1,(anonymous_0)
FNDA:0,(anonymous_1)
FNDA:0,(anonymous_2)
FNDA:0,(anonymous_3)
FNDA:0,(anonymous_4)
FNDA:1,(anonymous_5)
FNDA:1,(anonymous_6)
FNDA:0,(anonymous_7)
FNDA:0,(anonymous_8)
FNDA:0,(anonymous_9)
FNDA:0,(anonymous_10)
FNDA:0,(anonymous_11)
FNDA:0,(anonymous_12)
FNDA:0,(anonymous_13)
FNDA:0,(anonymous_14)
FNDA:0,(anonymous_15)
FNDA:0,(anonymous_16)
FNDA:0,(anonymous_17)
FNDA:0,(anonymous_18)
FNDA:0,(anonymous_19)
FNDA:0,(anonymous_20)
FNDA:0,(anonymous_21)
FNDA:0,(anonymous_22)
FNDA:0,(anonymous_23)
FNDA:0,(anonymous_24)
FNDA:0,(anonymous_25)
FNDA:1,(anonymous_26)
FNDA:0,(anonymous_27)
FNDA:0,(anonymous_28)
FNDA:1,(anonymous_29)
FNDA:0,(anonymous_30)
FNDA:0,(anonymous_31)
FNDA:0,(anonymous_32)
FNDA:0,(anonymous_33)
FNDA:0,(anonymous_34)
FNDA:0,(anonymous_35)
FNDA:0,(anonymous_36)
FNDA:0,(anonymous_37)
FNDA:0,(anonymous_38)
FNDA:0,(anonymous_39)
FNDA:0,(anonymous_40)
FNDA:0,(anonymous_41)
FNDA:0,(anonymous_42)
FNDA:0,(anonymous_43)
FNDA:0,(anonymous_44)
FNDA:0,(anonymous_45)
FNDA:3,(anonymous_46)
DA:46,1
DA:47,1
DA:48,1
DA:49,1
DA:50,1
DA:51,1
DA:52,1
DA:53,1
DA:54,1
DA:55,1
DA:58,1
DA:63,1
DA:64,1
DA:67,1
DA:68,0
DA:70,0
DA:71,0
DA:73,0
DA:74,0
DA:75,0
DA:76,0
DA:79,0
DA:80,0
DA:83,0
DA:84,0
DA:86,0
DA:87,0
DA:88,0
DA:89,0
DA:93,0
DA:94,0
DA:98,0
DA:99,0
DA:100,0
DA:101,0
DA:104,0
DA:105,0
DA:108,0
DA:109,0
DA:110,0
DA:118,0
DA:121,0
DA:127,0
DA:129,0
DA:138,0
DA:141,0
DA:143,0
DA:146,0
DA:147,0
DA:150,1
DA:151,1
DA:152,1
DA:153,1
DA:154,1
DA:155,1
DA:158,1
DA:162,1
DA:163,1
DA:164,1
DA:166,0
DA:167,0
DA:168,0
DA:173,1
DA:174,0
DA:177,1
DA:180,0
DA:181,0
DA:183,0
DA:184,0
DA:185,0
DA:188,0
DA:189,0
DA:190,0
DA:192,0
DA:193,0
DA:195,0
DA:196,0
DA:197,0
DA:199,0
DA:200,0
DA:202,0
DA:203,0
DA:206,0
DA:207,0
DA:208,0
DA:210,0
DA:216,0
DA:219,0
DA:220,0
DA:221,0
DA:229,0
DA:234,0
DA:235,0
DA:237,0
DA:238,0
DA:240,0
DA:241,0
DA:242,0
DA:246,0
DA:247,0
DA:248,0
DA:250,0
DA:251,0
DA:252,0
DA:253,0
DA:254,0
DA:255,0
DA:256,0
DA:258,0
DA:259,0
DA:260,0
DA:261,0
DA:266,0
DA:269,0
DA:270,0
DA:273,0
DA:275,0
DA:276,0
DA:277,0
DA:287,0
DA:290,0
DA:291,0
DA:292,0
DA:293,0
DA:306,0
DA:307,0
DA:310,0
DA:314,0
DA:317,0
DA:318,0
DA:319,0
DA:321,0
DA:322,0
DA:323,0
DA:324,0
DA:337,0
DA:362,0
DA:365,0
DA:368,0
DA:369,0
DA:372,0
DA:381,0
DA:382,0
DA:384,0
DA:385,0
DA:386,0
DA:388,0
DA:390,0
DA:393,0
DA:396,0
DA:397,0
DA:400,0
DA:402,0
DA:406,1
DA:408,0
DA:410,0
DA:411,0
DA:412,0
DA:413,0
DA:414,0
DA:415,0
DA:417,0
DA:418,0
DA:420,0
DA:421,0
DA:422,0
DA:425,0
DA:430,0
DA:431,0
DA:434,0
DA:439,0
DA:443,0
DA:444,0
DA:447,0
DA:448,0
DA:449,0
DA:452,0
DA:453,0
DA:454,0
DA:457,0
DA:461,0
DA:466,0
DA:468,0
DA:469,0
DA:473,0
DA:477,0
DA:480,0
DA:483,0
DA:484,0
DA:485,0
DA:487,0
DA:488,0
DA:489,0
DA:490,0
DA:491,0
DA:492,0
DA:493,0
DA:495,0
DA:496,0
DA:497,0
DA:498,0
DA:504,0
DA:505,0
DA:506,0
DA:507,0
DA:519,0
DA:520,0
DA:530,0
DA:531,0
DA:534,0
DA:537,0
DA:547,0
DA:548,0
DA:551,0
DA:553,0
DA:554,0
DA:556,0
DA:563,1
DA:565,1
DA:566,1
DA:567,1
DA:568,1
DA:570,1
DA:572,0
DA:573,0
DA:576,1
DA:579,1
DA:580,0
DA:581,0
DA:583,1
DA:584,1
DA:587,1
DA:588,0
DA:589,0
DA:592,0
DA:593,0
DA:594,0
DA:595,0
DA:596,0
DA:598,0
DA:599,0
DA:601,0
DA:602,0
DA:604,0
DA:605,0
DA:607,0
DA:608,0
DA:613,0
DA:618,1
DA:623,1
DA:624,1
DA:625,1
DA:628,0
DA:630,0
DA:631,0
DA:632,0
DA:633,0
DA:634,0
DA:637,0
DA:640,1
DA:642,0
DA:645,0
DA:646,0
DA:647,0
DA:648,0
DA:651,0
DA:652,0
DA:654,0
DA:657,0
DA:660,0
DA:661,0
DA:662,0
DA:663,0
DA:666,0
DA:667,0
DA:668,0
DA:669,0
DA:673,0
DA:674,0
DA:675,0
DA:677,0
DA:682,0
DA:683,0
DA:691,1
DA:692,0
DA:703,1
DA:704,0
DA:705,0
DA:706,0
DA:707,0
DA:711,1
DA:714,0
DA:715,0
DA:718,0
DA:719,0
DA:722,0
DA:728,0
DA:729,0
DA:734,1
DA:770,0
DA:783,0
DA:921,0
DA:932,0
DA:956,0
DA:962,0
DA:991,1
DA:992,3
LF:307
LH:49
BRDA:68,0,0,0
BRDA:68,0,1,0
BRDA:68,1,0,0
BRDA:68,1,1,0
BRDA:74,2,0,0
BRDA:74,2,1,0
BRDA:80,3,0,0
BRDA:80,3,1,0
BRDA:87,4,0,0
BRDA:87,4,1,0
BRDA:87,5,0,0
BRDA:87,5,1,0
BRDA:93,6,0,0
BRDA:93,6,1,0
BRDA:93,7,0,0
BRDA:93,7,1,0
BRDA:109,8,0,0
BRDA:109,8,1,0
BRDA:127,9,0,0
BRDA:127,9,1,0
BRDA:164,10,0,0
BRDA:164,10,1,1
BRDA:164,11,0,1
BRDA:164,11,1,0
BRDA:181,12,0,0
BRDA:181,12,1,0
BRDA:193,13,0,0
BRDA:193,13,1,0
BRDA:199,14,0,0
BRDA:199,14,1,0
BRDA:202,15,0,0
BRDA:202,15,1,0
BRDA:202,16,0,0
BRDA:202,16,1,0
BRDA:206,17,0,0
BRDA:206,17,1,0
BRDA:220,18,0,0
BRDA:220,18,1,0
BRDA:240,19,0,0
BRDA:240,19,1,0
BRDA:251,20,0,0
BRDA:251,20,1,0
BRDA:254,21,0,0
BRDA:254,21,1,0
BRDA:258,22,0,0
BRDA:258,22,1,0
BRDA:260,23,0,0
BRDA:260,23,1,0
BRDA:273,24,0,0
BRDA:273,24,1,0
BRDA:275,25,0,0
BRDA:275,25,1,0
BRDA:275,26,0,0
BRDA:275,26,1,0
BRDA:275,26,2,0
BRDA:292,27,0,0
BRDA:292,27,1,0
BRDA:295,28,0,0
BRDA:295,28,1,0
BRDA:306,29,0,0
BRDA:306,29,1,0
BRDA:319,30,0,0
BRDA:319,30,1,0
BRDA:322,31,0,0
BRDA:322,31,1,0
BRDA:326,32,0,0
BRDA:326,32,1,0
BRDA:332,33,0,0
BRDA:332,33,1,0
BRDA:368,34,0,0
BRDA:368,34,1,0
BRDA:376,35,0,0
BRDA:376,35,1,0
BRDA:398,36,0,0
BRDA:398,36,1,0
BRDA:402,37,0,0
BRDA:402,37,1,0
BRDA:408,38,0,0
BRDA:408,38,1,0
BRDA:414,39,0,0
BRDA:414,39,1,0
BRDA:415,40,0,0
BRDA:415,40,1,0
BRDA:415,41,0,0
BRDA:415,41,1,0
BRDA:420,42,0,0
BRDA:420,42,1,0
BRDA:421,43,0,0
BRDA:421,43,1,0
BRDA:430,44,0,0
BRDA:430,44,1,0
BRDA:430,45,0,0
BRDA:430,45,1,0
BRDA:443,46,0,0
BRDA:443,46,1,0
BRDA:443,47,0,0
BRDA:443,47,1,0
BRDA:461,48,0,0
BRDA:461,48,1,0
BRDA:461,49,0,0
BRDA:461,49,1,0
BRDA:475,50,0,0
BRDA:475,50,1,0
BRDA:477,51,0,0
BRDA:477,51,1,0
BRDA:488,52,0,0
BRDA:488,52,1,0
BRDA:491,53,0,0
BRDA:491,53,1,0
BRDA:495,54,0,0
BRDA:495,54,1,0
BRDA:497,55,0,0
BRDA:497,55,1,0
BRDA:506,56,0,0
BRDA:506,56,1,0
BRDA:509,57,0,0
BRDA:509,57,1,0
BRDA:513,58,0,0
BRDA:513,58,1,0
BRDA:520,59,0,0
BRDA:520,59,1,0
BRDA:530,60,0,0
BRDA:530,60,1,0
BRDA:530,61,0,0
BRDA:530,61,1,0
BRDA:541,62,0,0
BRDA:541,62,1,0
BRDA:547,63,0,0
BRDA:547,63,1,0
BRDA:570,64,0,0
BRDA:570,64,1,1
BRDA:579,65,0,0
BRDA:579,65,1,1
BRDA:587,66,0,0
BRDA:587,66,1,1
BRDA:592,67,0,0
BRDA:592,67,1,0
BRDA:592,68,0,0
BRDA:592,68,1,0
BRDA:596,69,0,0
BRDA:596,69,1,0
BRDA:602,70,0,0
BRDA:602,70,1,0
BRDA:607,71,0,0
BRDA:607,71,1,0
BRDA:625,72,0,1
BRDA:625,72,1,0
BRDA:625,73,0,1
BRDA:625,73,1,1
BRDA:628,74,0,0
BRDA:628,74,1,0
BRDA:645,75,0,0
BRDA:645,75,1,0
BRDA:645,76,0,0
BRDA:645,76,1,0
BRDA:651,77,0,0
BRDA:651,77,1,0
BRDA:660,78,0,0
BRDA:660,78,1,0
BRDA:660,79,0,0
BRDA:660,79,1,0
BRDA:660,79,2,0
BRDA:666,80,0,0
BRDA:666,80,1,0
BRDA:673,81,0,0
BRDA:673,81,1,0
BRDA:682,82,0,0
BRDA:682,82,1,0
BRDA:682,83,0,0
BRDA:682,83,1,0
BRDA:724,84,0,0
BRDA:724,84,1,1
BRDA:728,85,0,0
BRDA:728,85,1,0
BRDA:762,86,0,1
BRDA:762,86,1,0
BRDA:772,87,0,1
BRDA:772,87,1,0
BRDA:779,88,0,1
BRDA:779,88,1,1
BRDA:779,88,2,0
BRDA:785,89,0,0
BRDA:785,89,1,0
BRDA:807,90,0,1
BRDA:807,90,1,1
BRDA:809,91,0,1
BRDA:809,91,1,0
BRDA:813,92,0,1
BRDA:813,92,1,0
BRDA:819,93,0,1
BRDA:819,93,1,0
BRDA:821,94,0,1
BRDA:821,94,1,0
BRDA:826,95,0,1
BRDA:826,95,1,0
BRDA:846,96,0,0
BRDA:846,96,1,1
BRDA:871,97,0,1
BRDA:871,97,1,1
BRDA:901,98,0,1
BRDA:901,98,1,0
BRDA:923,99,0,1
BRDA:923,99,1,0
BRDA:934,100,0,0
BRDA:934,100,1,1
BRDA:955,101,0,1
BRDA:955,101,1,1
BRDA:961,102,0,1
BRDA:961,102,1,0
BRDA:996,103,0,1
BRDA:996,103,1,2
BRF:211
BRH:31
end_of_record
TN:
SF:src\pages\LandingPage.tsx
FN:9,(anonymous_0)
FN:13,(anonymous_1)
FN:68,(anonymous_2)
FN:100,(anonymous_3)
FN:127,(anonymous_4)
FN:129,(anonymous_5)
FNF:6
FNH:4
FNDA:3,(anonymous_0)
FNDA:1,(anonymous_1)
FNDA:12,(anonymous_2)
FNDA:1,(anonymous_3)
FNDA:0,(anonymous_4)
FNDA:0,(anonymous_5)
DA:9,1
DA:10,3
DA:11,3
DA:13,3
DA:14,1
DA:15,1
DA:18,3
DA:69,12
DA:100,1
DA:127,0
DA:130,0
LF:11
LH:9
BRDA:130,0,0,0
BRDA:130,0,1,0
BRF:2
BRH:0
end_of_record
TN:
SF:src\pages\SignInPage.tsx
FN:10,(anonymous_0)
FN:18,(anonymous_1)
FN:86,(anonymous_2)
FN:107,(anonymous_3)
FNF:4
FNH:4
FNDA:6,(anonymous_0)
FNDA:1,(anonymous_1)
FNDA:1,(anonymous_2)
FNDA:1,(anonymous_3)
DA:10,1
DA:11,6
DA:12,6
DA:13,6
DA:14,6
DA:15,6
DA:16,6
DA:18,6
DA:19,1
DA:20,1
DA:22,1
DA:23,0
DA:24,0
DA:27,1
DA:28,0
DA:29,0
DA:32,1
DA:33,1
DA:34,1
DA:35,1
DA:37,0
DA:39,1
DA:43,6
DA:86,1
DA:107,1
LF:25
LH:20
BRDA:22,0,0,0
BRDA:22,0,1,1
BRDA:27,1,0,0
BRDA:27,1,1,1
BRDA:62,2,0,6
BRDA:62,2,1,6
BRDA:62,2,2,0
BRDA:67,3,0,0
BRDA:67,3,1,0
BRF:9
BRH:4
end_of_record
TN:
SF:src\pages\SignUpPage.tsx
FN:14,(anonymous_0)
FN:26,(anonymous_1)
FN:27,(anonymous_2)
FN:33,(anonymous_3)
FN:57,(anonymous_4)
FN:102,(anonymous_5)
FNF:6
FNH:6
FNDA:7,(anonymous_0)
FNDA:4,(anonymous_1)
FNDA:4,(anonymous_2)
FNDA:1,(anonymous_3)
FNDA:1,(anonymous_4)
FNDA:4,(anonymous_5)
DA:14,1
DA:15,7
DA:16,7
DA:17,7
DA:23,7
DA:24,7
DA:26,7
DA:27,4
DA:33,7
DA:34,1
DA:36,1
DA:37,0
DA:40,1
DA:41,0
DA:44,1
DA:45,1
DA:46,1
DA:49,1
DA:50,1
DA:53,1
DA:54,1
DA:57,7
DA:58,1
DA:60,1
DA:61,1
DA:64,0
DA:65,0
DA:66,0
DA:67,0
DA:69,0
DA:71,0
DA:75,7
DA:103,4
LF:33
LH:25
BRDA:36,0,0,0
BRDA:36,0,1,1
BRDA:40,1,0,0
BRDA:40,1,1,1
BRDA:45,2,0,1
BRDA:45,2,1,0
BRDA:49,3,0,1
BRDA:49,3,1,0
BRDA:60,4,0,1
BRDA:60,4,1,0
BRDA:94,5,0,7
BRDA:94,5,1,7
BRDA:94,5,2,1
BRDA:99,6,0,1
BRDA:99,6,1,0
BRDA:100,7,0,1
BRDA:100,7,1,1
BRF:17
BRH:11
end_of_record
TN:
SF:src\types\api.type.ts
FNF:0
FNH:0
LF:0
LH:0
BRF:0
BRH:0
end_of_record
TN:
SF:src\types\global.d.ts
FNF:0
FNH:0
LF:0
LH:0
BRF:0
BRH:0
end_of_record
TN:
SF:src\utils\formatters.ts
FN:1,(anonymous_0)
FN:10,(anonymous_1)
FN:18,(anonymous_2)
FN:22,(anonymous_3)
FN:26,(anonymous_4)
FN:30,(anonymous_5)
FN:43,(anonymous_6)
FN:47,(anonymous_7)
FN:51,(anonymous_8)
FNF:9
FNH:9
FNDA:3,(anonymous_0)
FNDA:1,(anonymous_1)
FNDA:2,(anonymous_2)
FNDA:1,(anonymous_3)
FNDA:1,(anonymous_4)
FNDA:4,(anonymous_5)
FNDA:2,(anonymous_6)
FNDA:41,(anonymous_7)
FNDA:5,(anonymous_8)
DA:1,2
DA:2,3
DA:3,3
DA:10,2
DA:11,1
DA:12,1
DA:18,2
DA:19,2
DA:22,2
DA:23,1
DA:26,2
DA:27,1
DA:30,2
DA:31,4
DA:32,4
DA:33,4
DA:35,4
DA:36,6
DA:37,6
DA:40,4
DA:43,2
DA:44,2
DA:47,2
DA:48,41
DA:51,2
DA:52,5
DA:53,5
DA:54,5
DA:55,5
DA:56,5
DA:57,5
DA:58,5
DA:60,5
DA:61,4
DA:62,3
DA:63,2
DA:65,1
LF:37
LH:37
BRDA:2,0,0,1
BRDA:2,0,1,2
BRDA:11,1,0,0
BRDA:11,1,1,1
BRDA:18,2,0,2
BRDA:35,3,0,4
BRDA:35,3,1,6
BRDA:44,4,0,1
BRDA:44,4,1,1
BRDA:52,5,0,0
BRDA:52,5,1,5
BRDA:60,6,0,1
BRDA:60,6,1,4
BRDA:61,7,0,1
BRDA:61,7,1,3
BRDA:62,8,0,1
BRDA:62,8,1,2
BRDA:63,9,0,1
BRDA:63,9,1,1
BRF:19
BRH:17
end_of_record
TN:
SF:src\utils\validators.ts
FN:1,(anonymous_0)
FN:6,(anonymous_1)
FN:31,(anonymous_2)
FN:35,(anonymous_3)
FN:46,(anonymous_4)
FNF:5
FNH:5
FNDA:8,(anonymous_0)
FNDA:6,(anonymous_1)
FNDA:4,(anonymous_2)
FNDA:4,(anonymous_3)
FNDA:1,(anonymous_4)
DA:1,2
DA:2,8
DA:3,8
DA:6,2
DA:10,6
DA:12,6
DA:13,2
DA:15,6
DA:16,2
DA:18,6
DA:19,2
DA:21,6
DA:22,1
DA:25,6
DA:31,2
DA:32,4
DA:35,2
DA:40,4
DA:41,3
DA:42,2
DA:43,1
DA:46,2
DA:47,1
LF:23
LH:23
BRDA:12,0,0,2
BRDA:12,0,1,4
BRDA:15,1,0,2
BRDA:15,1,1,4
BRDA:18,2,0,2
BRDA:18,2,1,4
BRDA:21,3,0,1
BRDA:21,3,1,5
BRDA:32,4,0,4
BRDA:32,4,1,3
BRDA:40,5,0,1
BRDA:40,5,1,3
BRDA:41,6,0,1
BRDA:41,6,1,2
BRDA:41,7,0,3
BRDA:41,7,1,3
BRDA:42,8,0,1
BRDA:42,8,1,1
BRDA:42,9,0,2
BRDA:42,9,1,2
BRF:20
BRH:20
end_of_record
